0 verbose cli [
0 verbose cli   '/usr/local/bin/node', '/usr/local/bin/npm',
0 verbose cli   'install',             'discord.js',
0 verbose cli   'discord.xp',          'axios',
0 verbose cli   'canvacord',           'canvas',
0 verbose cli   'didyoumean2',         'dotenv',
0 verbose cli   'express',             'figlet',
0 verbose cli   'fs',                  'get-some-cool-emojis',
0 verbose cli   'googlethis',          'go',
0 verbose cli   'moment',              'mongoos',
0 verbose cli   'ms',                  'node',
0 verbose cli   'node-fetch',          'password-generator',
0 verbose cli   'pretty-ms',           'quick.db',
0 verbose cli   'random-jokes-api',    'random-words',
0 verbose cli   'reconlx',             'request',
0 verbose cli   'serp',                'similarity',
0 verbose cli   'txtgen',              'ultrax',
0 verbose cli   'weky',                'youtube-sr'
0 verbose cli ]
1 info using npm@8.1.2
2 info using node@v16.13.1
3 timing npm:load:whichnode Completed in 0ms
4 timing config:load:defaults Completed in 2ms
5 timing config:load:file:/usr/local/lib/node_modules/npm/npmrc Completed in 1ms
6 timing config:load:builtin Completed in 1ms
7 timing config:load:cli Completed in 2ms
8 timing config:load:env Completed in 0ms
9 timing config:load:project Completed in 1ms
10 timing config:load:file:/home/container/.npmrc Completed in 0ms
11 timing config:load:user Completed in 0ms
12 timing config:load:file:/usr/local/etc/npmrc Completed in 1ms
13 timing config:load:global Completed in 1ms
14 timing config:load:validate Completed in 0ms
15 timing config:load:credentials Completed in 1ms
16 timing config:load:setEnvs Completed in 1ms
17 timing config:load Completed in 9ms
18 timing npm:load:configload Completed in 9ms
19 timing npm:load:setTitle Completed in 0ms
20 timing npm:load:setupLog Completed in 0ms
21 timing config:load:flatten Completed in 3ms
22 timing npm:load:cleanupLog Completed in 2ms
23 timing npm:load:configScope Completed in 0ms
24 timing npm:load:projectScope Completed in 0ms
25 timing npm:load Completed in 15ms
26 timing arborist:ctor Completed in 1ms
27 timing idealTree:init Completed in 587ms
28 timing idealTree:userRequests Completed in 4ms
29 silly idealTree buildDeps
30 silly fetch manifest axios@^0.21.1
31 http fetch GET 200 https://registry.npmjs.org/axios 157ms (cache revalidated)
32 silly fetch manifest canvacord@^5.2.3
33 http fetch GET 200 https://registry.npmjs.org/canvacord 395ms (cache revalidated)
34 silly fetch manifest canvas@^2.8.0
35 http fetch GET 200 https://registry.npmjs.org/canvas 35ms (cache revalidated)
36 silly fetch manifest didyoumean2@^5.0.0
37 http fetch GET 200 https://registry.npmjs.org/didyoumean2 397ms (cache revalidated)
38 silly fetch manifest discord.js@^13.6.0
39 http fetch GET 200 https://registry.npmjs.org/discord.js 38ms (cache revalidated)
40 silly fetch manifest dotenv@^10.0.0
41 http fetch GET 200 https://registry.npmjs.org/dotenv 36ms (cache revalidated)
42 silly fetch manifest express@^4.17.1
43 http fetch GET 200 https://registry.npmjs.org/express 34ms (cache revalidated)
44 silly fetch manifest figlet@^1.5.2
45 http fetch GET 200 https://registry.npmjs.org/figlet 380ms (cache revalidated)
46 silly fetch manifest fs@0.0.2
47 http fetch GET 200 https://registry.npmjs.org/fs 37ms (cache revalidated)
48 silly fetch manifest get-some-cool-emojis@^3.1.2
49 http fetch GET 200 https://registry.npmjs.org/get-some-cool-emojis 371ms (cache revalidated)
50 silly fetch manifest googlethis@^1.2.7
51 http fetch GET 200 https://registry.npmjs.org/googlethis 371ms (cache revalidated)
52 silly fetch manifest moment@^2.29.1
53 http fetch GET 200 https://registry.npmjs.org/moment 32ms (cache revalidated)
54 silly fetch manifest ms@^2.1.3
55 http fetch GET 200 https://registry.npmjs.org/ms 33ms (cache revalidated)
56 silly fetch manifest node@^16.6.1
57 http fetch GET 200 https://registry.npmjs.org/node 406ms (cache revalidated)
58 silly fetch manifest node-fetch@^2.6.1
59 http fetch GET 200 https://registry.npmjs.org/node-fetch 30ms (cache revalidated)
60 silly fetch manifest encoding@^0.1.0
61 http fetch GET 200 https://registry.npmjs.org/encoding 393ms (cache revalidated)
62 silly fetch manifest password-generator@^2.3.2
63 http fetch GET 200 https://registry.npmjs.org/password-generator 378ms (cache revalidated)
64 silly fetch manifest pretty-ms@^7.0.1
65 http fetch GET 200 https://registry.npmjs.org/pretty-ms 383ms (cache revalidated)
66 silly fetch manifest quick.db@^7.1.3
67 http fetch GET 200 https://registry.npmjs.org/quick.db 382ms (cache revalidated)
68 silly fetch manifest random-jokes-api@^1.5.9
69 http fetch GET 200 https://registry.npmjs.org/random-jokes-api 406ms (cache revalidated)
70 silly fetch manifest random-words@^1.1.1
71 http fetch GET 200 https://registry.npmjs.org/random-words 394ms (cache revalidated)
72 silly fetch manifest reconlx@^2.0.1
73 http fetch GET 200 https://registry.npmjs.org/reconlx 365ms (cache revalidated)
74 silly fetch manifest request@^2.88.2
75 http fetch GET 200 https://registry.npmjs.org/request 31ms (cache revalidated)
76 silly fetch manifest serp@^2.1.0
77 http fetch GET 200 https://registry.npmjs.org/serp 391ms (cache revalidated)
78 silly fetch manifest similarity@^1.2.1
79 http fetch GET 200 https://registry.npmjs.org/similarity 394ms (cache revalidated)
80 silly fetch manifest txtgen@^2.2.8
81 http fetch GET 200 https://registry.npmjs.org/txtgen 383ms (cache revalidated)
82 silly fetch manifest ultrax@^1.7.16
83 http fetch GET 200 https://registry.npmjs.org/ultrax 377ms (cache revalidated)
84 silly fetch manifest weky@^3.1.8
85 http fetch GET 200 https://registry.npmjs.org/weky 396ms (cache revalidated)
86 silly fetch manifest youtube-sr@^4.1.7
87 http fetch GET 200 https://registry.npmjs.org/youtube-sr 382ms (cache revalidated)
88 silly fetch manifest discord.xp@*
89 http fetch GET 404 https://registry.npmjs.org/discord.xp 378ms (cache skip)
90 http fetch GET 404 https://registry.npmjs.org/discord.xp 367ms (cache skip)
91 silly fetch manifest go@*
92 http fetch GET 200 https://registry.npmjs.org/go 393ms (cache revalidated)
93 silly fetch manifest mongoos@*
94 http fetch GET 200 https://registry.npmjs.org/mongoos 394ms (cache revalidated)
95 silly placeDep ROOT axios@0.21.4 REPLACE for: purple@2.2.4 want: ^0.21.1
96 silly placeDep ROOT canvacord@5.2.3 REPLACE for: purple@2.2.4 want: ^5.2.3
97 silly placeDep ROOT canvas@2.9.0 REPLACE for: purple@2.2.4 want: ^2.8.0
98 silly placeDep ROOT didyoumean2@5.0.0 REPLACE for: purple@2.2.4 want: ^5.0.0
99 silly placeDep ROOT discord.js@13.6.0 REPLACE for: purple@2.2.4 want: ^13.6.0
100 silly placeDep ROOT discord.xp@ OK for: purple@2.2.4 want: *
101 silly placeDep ROOT dotenv@10.0.0 REPLACE for: purple@2.2.4 want: ^10.0.0
102 silly placeDep ROOT express@4.17.3 REPLACE for: purple@2.2.4 want: ^4.17.1
103 silly placeDep ROOT figlet@1.5.2 REPLACE for: purple@2.2.4 want: ^1.5.2
104 silly placeDep ROOT fs@0.0.2 REPLACE for: purple@2.2.4 want: 0.0.2
105 silly placeDep ROOT get-some-cool-emojis@3.1.2 REPLACE for: purple@2.2.4 want: ^3.1.2
106 silly placeDep ROOT go@3.0.1 OK for: purple@2.2.4 want: *
107 silly placeDep ROOT googlethis@1.2.7 REPLACE for: purple@2.2.4 want: ^1.2.7
108 silly placeDep ROOT moment@2.29.1 REPLACE for: purple@2.2.4 want: ^2.29.1
109 silly placeDep ROOT mongoos@ OK for: purple@2.2.4 want: *
110 silly placeDep ROOT ms@2.1.3 REPLACE for: purple@2.2.4 want: ^2.1.3
111 silly placeDep ROOT node@16.13.2 REPLACE for: purple@2.2.4 want: ^16.6.1
112 silly placeDep ROOT node-fetch@2.6.7 REPLACE for: purple@2.2.4 want: ^2.6.1
113 silly placeDep ROOT password-generator@2.3.2 REPLACE for: purple@2.2.4 want: ^2.3.2
114 silly placeDep ROOT pretty-ms@7.0.1 REPLACE for: purple@2.2.4 want: ^7.0.1
115 silly placeDep ROOT quick.db@7.1.3 REPLACE for: purple@2.2.4 want: ^7.1.3
116 silly placeDep ROOT random-jokes-api@1.5.9 REPLACE for: purple@2.2.4 want: ^1.5.9
117 silly placeDep ROOT random-words@1.1.2 REPLACE for: purple@2.2.4 want: ^1.1.1
118 silly placeDep ROOT reconlx@2.5.2 REPLACE for: purple@2.2.4 want: ^2.0.1
119 silly placeDep ROOT request@2.88.2 REPLACE for: purple@2.2.4 want: ^2.88.2
120 silly placeDep ROOT serp@2.2.1 REPLACE for: purple@2.2.4 want: ^2.1.0
121 silly placeDep ROOT similarity@1.2.1 REPLACE for: purple@2.2.4 want: ^1.2.1
122 silly placeDep ROOT txtgen@2.2.8 REPLACE for: purple@2.2.4 want: ^2.2.8
123 silly placeDep ROOT ultrax@1.9.9 REPLACE for: purple@2.2.4 want: ^1.7.16
124 silly placeDep ROOT weky@3.1.8 REPLACE for: purple@2.2.4 want: ^3.1.8
125 silly placeDep ROOT youtube-sr@4.1.15 REPLACE for: purple@2.2.4 want: ^4.1.7
126 silly fetch manifest accepts@~1.3.8
127 silly fetch manifest body-parser@1.19.2
128 silly fetch manifest content-disposition@0.5.4
129 silly fetch manifest content-type@~1.0.4
130 silly fetch manifest cookie@0.4.2
131 silly fetch manifest depd@~1.1.2
132 silly fetch manifest etag@~1.8.1
133 silly fetch manifest fresh@0.5.2
134 silly fetch manifest qs@6.9.7
135 silly fetch manifest range-parser@~1.2.1
136 silly fetch manifest safe-buffer@5.2.1
137 silly fetch manifest send@0.17.2
138 silly fetch manifest serve-static@1.14.2
139 silly fetch manifest setprototypeof@1.2.0
140 silly fetch manifest type-is@~1.6.18
141 silly fetch manifest go-cli@^1.0.0
142 silly fetch manifest go-plugin-cli@^2.0.0
143 silly fetch manifest go-plugin-fs@^1.0.2
144 silly fetch manifest go-plugin-quiz@^4.0.0
145 silly fetch manifest go-plugin-templates@^1.0.0
146 silly fetch manifest whatwg-url@^5.0.0
147 silly fetch manifest sourcebin@^4.2.5
148 silly fetch manifest playwright@^1.14.0
149 http fetch GET 200 https://registry.npmjs.org/body-parser 120ms (cache revalidated)
150 http fetch GET 200 https://registry.npmjs.org/fresh 171ms (cache revalidated)
151 http fetch GET 200 https://registry.npmjs.org/etag 174ms (cache revalidated)
152 http fetch GET 200 https://registry.npmjs.org/send 173ms (cache revalidated)
153 http fetch GET 200 https://registry.npmjs.org/cookie 188ms (cache revalidated)
154 http fetch GET 200 https://registry.npmjs.org/content-type 192ms (cache revalidated)
155 http fetch GET 200 https://registry.npmjs.org/setprototypeof 191ms (cache revalidated)
156 http fetch GET 200 https://registry.npmjs.org/depd 197ms (cache revalidated)
157 http fetch GET 200 https://registry.npmjs.org/qs 207ms (cache revalidated)
158 http fetch GET 200 https://registry.npmjs.org/safe-buffer 207ms (cache revalidated)
159 http fetch GET 200 https://registry.npmjs.org/accepts 215ms (cache revalidated)
160 http fetch GET 200 https://registry.npmjs.org/type-is 207ms (cache revalidated)
161 http fetch GET 200 https://registry.npmjs.org/whatwg-url 205ms (cache revalidated)
162 http fetch GET 200 https://registry.npmjs.org/playwright 217ms (cache revalidated)
163 http fetch GET 200 https://registry.npmjs.org/go-plugin-fs 474ms (cache revalidated)
164 http fetch GET 200 https://registry.npmjs.org/serve-static 500ms (cache revalidated)
165 http fetch GET 200 https://registry.npmjs.org/range-parser 520ms (cache revalidated)
166 http fetch GET 200 https://registry.npmjs.org/content-disposition 538ms (cache revalidated)
167 http fetch GET 200 https://registry.npmjs.org/go-plugin-templates 532ms (cache revalidated)
168 http fetch GET 200 https://registry.npmjs.org/sourcebin 538ms (cache revalidated)
169 http fetch GET 200 https://registry.npmjs.org/go-plugin-quiz 544ms (cache revalidated)
170 http fetch GET 200 https://registry.npmjs.org/go-cli 548ms (cache revalidated)
171 http fetch GET 200 https://registry.npmjs.org/go-plugin-cli 551ms (cache revalidated)
172 timing idealTree:#root Completed in 10047ms
173 timing idealTree:node_modules/axios Completed in 0ms
174 timing idealTree:node_modules/canvacord Completed in 1ms
175 timing idealTree:node_modules/canvas Completed in 0ms
176 timing idealTree:node_modules/didyoumean2 Completed in 0ms
177 timing idealTree:node_modules/discord.js Completed in 0ms
178 timing idealTree:node_modules/discord.xp Completed in 0ms
179 timing idealTree:node_modules/dotenv Completed in 0ms
180 silly placeDep ROOT accepts@1.3.8 REPLACE for: express@4.17.3 want: ~1.3.8
181 silly placeDep ROOT body-parser@1.19.2 OK for: express@4.17.3 want: 1.19.2
182 silly placeDep ROOT content-disposition@0.5.4 OK for: express@4.17.3 want: 0.5.4
183 silly placeDep ROOT content-type@1.0.4 OK for: express@4.17.3 want: ~1.0.4
184 silly placeDep ROOT cookie@0.4.2 OK for: express@4.17.3 want: 0.4.2
185 silly placeDep ROOT depd@1.1.2 OK for: express@4.17.3 want: ~1.1.2
186 silly placeDep ROOT etag@1.8.1 OK for: express@4.17.3 want: ~1.8.1
187 silly placeDep ROOT fresh@0.5.2 OK for: express@4.17.3 want: 0.5.2
188 silly placeDep ROOT qs@6.9.7 OK for: express@4.17.3 want: 6.9.7
189 silly placeDep ROOT range-parser@1.2.1 OK for: express@4.17.3 want: ~1.2.1
190 silly placeDep node_modules/express safe-buffer@5.2.1 OK for: express@4.17.3 want: 5.2.1
191 silly placeDep ROOT send@0.17.2 OK for: express@4.17.3 want: 0.17.2
192 silly placeDep ROOT serve-static@1.14.2 OK for: express@4.17.3 want: 1.14.2
193 silly placeDep ROOT setprototypeof@1.2.0 OK for: express@4.17.3 want: 1.2.0
194 silly placeDep ROOT type-is@1.6.18 OK for: express@4.17.3 want: ~1.6.18
195 silly fetch manifest mime-types@~2.1.34
196 silly fetch manifest negotiator@0.6.3
197 silly fetch manifest bytes@3.1.2
198 silly fetch manifest debug@2.6.9
199 silly fetch manifest http-errors@1.8.1
200 silly fetch manifest raw-body@2.4.3
201 silly fetch manifest destroy@~1.0.4
202 silly fetch manifest mime@1.6.0
203 silly fetch manifest media-typer@0.3.0
204 http fetch GET 200 https://registry.npmjs.org/negotiator 52ms (cache revalidated)
205 http fetch GET 200 https://registry.npmjs.org/bytes 52ms (cache revalidated)
206 http fetch GET 200 https://registry.npmjs.org/debug 51ms (cache revalidated)
207 http fetch GET 200 https://registry.npmjs.org/destroy 50ms (cache revalidated)
208 http fetch GET 200 https://registry.npmjs.org/raw-body 53ms (cache revalidated)
209 http fetch GET 200 https://registry.npmjs.org/mime 52ms (cache revalidated)
210 http fetch GET 200 https://registry.npmjs.org/http-errors 56ms (cache revalidated)
211 http fetch GET 200 https://registry.npmjs.org/mime-types 379ms (cache revalidated)
212 http fetch GET 200 https://registry.npmjs.org/media-typer 377ms (cache revalidated)
213 timing idealTree:node_modules/express Completed in 409ms
214 silly placeDep ROOT mime-types@2.1.34 REPLACE for: accepts@1.3.8 want: ~2.1.34
215 silly placeDep ROOT negotiator@0.6.3 OK for: accepts@1.3.8 want: 0.6.3
216 silly fetch manifest mime-db@1.51.0
217 http fetch GET 200 https://registry.npmjs.org/mime-db 33ms (cache revalidated)
218 timing idealTree:node_modules/accepts Completed in 40ms
219 silly placeDep ROOT bytes@3.1.2 OK for: body-parser@1.19.2 want: 3.1.2
220 silly placeDep node_modules/body-parser debug@2.6.9 OK for: body-parser@1.19.2 want: 2.6.9
221 silly placeDep ROOT http-errors@1.8.1 OK for: body-parser@1.19.2 want: 1.8.1
222 silly placeDep ROOT raw-body@2.4.3 OK for: body-parser@1.19.2 want: 2.4.3
223 silly fetch manifest ms@2.0.0
224 silly fetch manifest inherits@2.0.4
225 silly fetch manifest toidentifier@1.0.1
226 http fetch GET 200 https://registry.npmjs.org/inherits 34ms (cache revalidated)
227 http fetch GET 200 https://registry.npmjs.org/toidentifier 44ms (cache revalidated)
228 timing idealTree:node_modules/body-parser Completed in 54ms
229 timing idealTree:node_modules/bytes Completed in 0ms
230 silly placeDep node_modules/content-disposition safe-buffer@5.2.1 OK for: content-disposition@0.5.4 want: 5.2.1
231 timing idealTree:node_modules/content-disposition Completed in 2ms
232 timing idealTree:node_modules/content-type Completed in 0ms
233 timing idealTree:node_modules/cookie Completed in 0ms
234 timing idealTree:node_modules/depd Completed in 0ms
235 timing idealTree:node_modules/etag Completed in 0ms
236 timing idealTree:node_modules/figlet Completed in 0ms
237 timing idealTree:node_modules/fresh Completed in 0ms
238 timing idealTree:node_modules/fs Completed in 0ms
239 timing idealTree:node_modules/get-some-cool-emojis Completed in 0ms
240 silly placeDep ROOT go-cli@1.2.0 OK for: go@3.0.1 want: ^1.0.0
241 silly placeDep ROOT go-plugin-cli@2.0.0 OK for: go@3.0.1 want: ^2.0.0
242 silly placeDep ROOT go-plugin-fs@1.0.2 OK for: go@3.0.1 want: ^1.0.2
243 silly placeDep ROOT go-plugin-quiz@4.0.0 OK for: go@3.0.1 want: ^4.0.0
244 silly placeDep ROOT go-plugin-templates@1.0.0 OK for: go@3.0.1 want: ^1.0.0
245 silly fetch manifest chalk@2.3.1
246 silly fetch manifest go-loader-gist@^0.1.0
247 silly fetch manifest go-loader-git@^3.0.3
248 silly fetch manifest go-loader-github@0.0.4
249 silly fetch manifest inquirer@5.1.0
250 silly fetch manifest interpret@1.1.0
251 silly fetch manifest liftoff@2.5.0
252 silly fetch manifest minimist@1.2.0
253 silly fetch manifest resolve-global@0.1.0
254 silly fetch manifest which@1.3.0
255 silly fetch manifest is-empty@1.2.0
256 silly fetch manifest uniq@1.0.1
257 silly fetch manifest fs-extra@5.0.0
258 silly fetch manifest inquirer-autocomplete-prompt@0.12.1
259 silly fetch manifest ejs@2.5.7
260 silly fetch manifest globby@8.0.1
261 http fetch GET 200 https://registry.npmjs.org/minimist 51ms (cache revalidated)
262 http fetch GET 200 https://registry.npmjs.org/liftoff 70ms (cache revalidated)
263 http fetch GET 200 https://registry.npmjs.org/chalk 117ms (cache revalidated)
264 http fetch GET 200 https://registry.npmjs.org/uniq 116ms (cache revalidated)
265 http fetch GET 200 https://registry.npmjs.org/which 119ms (cache revalidated)
266 http fetch GET 200 https://registry.npmjs.org/ejs 117ms (cache revalidated)
267 http fetch GET 200 https://registry.npmjs.org/fs-extra 123ms (cache revalidated)
268 http fetch GET 200 https://registry.npmjs.org/go-loader-git 394ms (cache revalidated)
269 http fetch GET 200 https://registry.npmjs.org/go-loader-github 395ms (cache revalidated)
270 http fetch GET 200 https://registry.npmjs.org/is-empty 395ms (cache revalidated)
271 http fetch GET 200 https://registry.npmjs.org/go-loader-gist 407ms (cache revalidated)
272 http fetch GET 200 https://registry.npmjs.org/inquirer 405ms (cache revalidated)
273 http fetch GET 200 https://registry.npmjs.org/globby 405ms (cache revalidated)
274 http fetch GET 200 https://registry.npmjs.org/resolve-global 409ms (cache revalidated)
275 http fetch GET 200 https://registry.npmjs.org/inquirer-autocomplete-prompt 408ms (cache revalidated)
276 http fetch GET 200 https://registry.npmjs.org/interpret 417ms (cache revalidated)
277 timing idealTree:node_modules/go Completed in 429ms
278 silly placeDep node_modules/go-cli chalk@2.3.1 OK for: go-cli@1.2.0 want: 2.3.1
279 silly placeDep ROOT go-loader-gist@0.1.0 OK for: go-cli@1.2.0 want: ^0.1.0
280 silly placeDep ROOT go-loader-git@3.0.3 OK for: go-cli@1.2.0 want: ^3.0.3
281 silly placeDep ROOT go-loader-github@0.0.4 OK for: go-cli@1.2.0 want: 0.0.4
282 silly placeDep ROOT inquirer@5.1.0 OK for: go-cli@1.2.0 want: 5.1.0
283 silly placeDep ROOT interpret@1.1.0 OK for: go-cli@1.2.0 want: 1.1.0
284 silly placeDep ROOT liftoff@2.5.0 OK for: go-cli@1.2.0 want: 2.5.0
285 silly placeDep node_modules/go-cli minimist@1.2.0 OK for: go-cli@1.2.0 want: 1.2.0
286 silly placeDep ROOT resolve-global@0.1.0 OK for: go-cli@1.2.0 want: 0.1.0
287 silly placeDep node_modules/go-cli which@1.3.0 OK for: go-cli@1.2.0 want: 1.3.0
288 silly fetch manifest ansi-styles@^3.2.0
289 silly fetch manifest escape-string-regexp@^1.0.5
290 silly fetch manifest supports-color@^5.2.0
291 silly fetch manifest mkdirp@^0.5.1
292 silly fetch manifest is-git-url@1.0.0
293 silly fetch manifest rimraf@2.6.2
294 silly fetch manifest go-loader-git@3.0.2
295 silly fetch manifest ansi-escapes@^3.0.0
296 silly fetch manifest chalk@^2.0.0
297 silly fetch manifest cli-cursor@^2.1.0
298 silly fetch manifest cli-width@^2.0.0
299 silly fetch manifest external-editor@^2.1.0
300 silly fetch manifest figures@^2.0.0
301 silly fetch manifest mute-stream@0.0.7
302 silly fetch manifest run-async@^2.2.0
303 silly fetch manifest rxjs@^5.5.2
304 silly fetch manifest string-width@^2.1.0
305 silly fetch manifest strip-ansi@^4.0.0
306 silly fetch manifest through@^2.3.6
307 silly fetch manifest findup-sync@^2.0.0
308 silly fetch manifest fined@^1.0.1
309 silly fetch manifest flagged-respawn@^1.0.0
310 silly fetch manifest is-plain-object@^2.0.4
311 silly fetch manifest object.map@^1.0.0
312 silly fetch manifest rechoir@^0.6.2
313 silly fetch manifest resolve@^1.1.7
314 silly fetch manifest global-dirs@^0.1.0
315 http fetch GET 200 https://registry.npmjs.org/mkdirp 103ms (cache revalidated)
316 http fetch GET 200 https://registry.npmjs.org/external-editor 100ms (cache revalidated)
317 http fetch GET 200 https://registry.npmjs.org/escape-string-regexp 108ms (cache revalidated)
318 http fetch GET 200 https://registry.npmjs.org/ansi-escapes 103ms (cache revalidated)
319 http fetch GET 200 https://registry.npmjs.org/is-git-url 106ms (cache revalidated)
320 http fetch GET 200 https://registry.npmjs.org/supports-color 108ms (cache revalidated)
321 http fetch GET 200 https://registry.npmjs.org/ansi-styles 112ms (cache revalidated)
322 http fetch GET 200 https://registry.npmjs.org/cli-cursor 110ms (cache revalidated)
323 http fetch GET 200 https://registry.npmjs.org/string-width 109ms (cache revalidated)
324 http fetch GET 200 https://registry.npmjs.org/strip-ansi 110ms (cache revalidated)
325 http fetch GET 200 https://registry.npmjs.org/mute-stream 120ms (cache revalidated)
326 http fetch GET 200 https://registry.npmjs.org/through 119ms (cache revalidated)
327 http fetch GET 200 https://registry.npmjs.org/is-plain-object 120ms (cache revalidated)
328 http fetch GET 200 https://registry.npmjs.org/object.map 121ms (cache revalidated)
329 http fetch GET 200 https://registry.npmjs.org/findup-sync 125ms (cache revalidated)
330 http fetch GET 200 https://registry.npmjs.org/flagged-respawn 131ms (cache revalidated)
331 http fetch GET 200 https://registry.npmjs.org/resolve 177ms (cache revalidated)
332 http fetch GET 200 https://registry.npmjs.org/rechoir 183ms (cache revalidated)
333 http fetch GET 200 https://registry.npmjs.org/rimraf 198ms (cache revalidated)
334 http fetch GET 200 https://registry.npmjs.org/global-dirs 187ms (cache revalidated)
335 http fetch GET 200 https://registry.npmjs.org/cli-width 406ms (cache revalidated)
336 http fetch GET 200 https://registry.npmjs.org/rxjs 439ms (cache revalidated)
337 http fetch GET 200 https://registry.npmjs.org/fined 454ms (cache revalidated)
338 http fetch GET 200 https://registry.npmjs.org/run-async 474ms (cache revalidated)
339 http fetch GET 200 https://registry.npmjs.org/figures 476ms (cache revalidated)
340 timing idealTree:node_modules/go-cli Completed in 494ms
341 silly placeDep node_modules/go-loader-gist minimist@1.2.0 OK for: go-loader-gist@0.1.0 want: 1.2.0
342 silly placeDep ROOT mkdirp@0.5.5 OK for: go-loader-gist@0.1.0 want: ^0.5.1
343 timing idealTree:node_modules/go-loader-gist Completed in 3ms
344 silly placeDep ROOT is-git-url@1.0.0 OK for: go-loader-git@3.0.3 want: 1.0.0
345 silly placeDep node_modules/go-loader-git minimist@1.2.0 OK for: go-loader-git@3.0.3 want: 1.2.0
346 silly placeDep node_modules/go-loader-git rimraf@2.6.2 OK for: go-loader-git@3.0.3 want: 2.6.2
347 timing idealTree:node_modules/go-loader-git Completed in 3ms
348 silly placeDep node_modules/go-loader-github go-loader-git@3.0.2 OK for: go-loader-github@0.0.4 want: 3.0.2
349 silly placeDep node_modules/go-loader-github minimist@1.2.0 OK for: go-loader-github@0.0.4 want: 1.2.0
350 timing idealTree:node_modules/go-loader-github Completed in 2ms
351 silly placeDep ROOT is-empty@1.2.0 OK for: go-plugin-cli@2.0.0 want: 1.2.0
352 silly placeDep node_modules/go-plugin-cli minimist@1.2.0 OK for: go-plugin-cli@2.0.0 want: 1.2.0
353 silly placeDep ROOT uniq@1.0.1 OK for: go-plugin-cli@2.0.0 want: 1.0.1
354 timing idealTree:node_modules/go-plugin-cli Completed in 2ms
355 silly placeDep ROOT fs-extra@5.0.0 OK for: go-plugin-fs@1.0.2 want: 5.0.0
356 silly fetch manifest graceful-fs@^4.1.2
357 silly fetch manifest jsonfile@^4.0.0
358 http fetch GET 200 https://registry.npmjs.org/graceful-fs 36ms (cache revalidated)
359 http fetch GET 200 https://registry.npmjs.org/jsonfile 53ms (cache revalidated)
360 timing idealTree:node_modules/go-plugin-fs Completed in 57ms
361 silly placeDep ROOT graceful-fs@4.2.9 OK for: fs-extra@5.0.0 want: ^4.1.2
362 silly placeDep ROOT jsonfile@4.0.0 OK for: fs-extra@5.0.0 want: ^4.0.0
363 timing idealTree:node_modules/fs-extra Completed in 4ms
364 silly placeDep ROOT inquirer-autocomplete-prompt@0.12.1 OK for: go-plugin-quiz@4.0.0 want: 0.12.1
365 silly fetch manifest inquirer@3.2.0
366 silly fetch manifest run-async@^2.3.0
367 timing idealTree:node_modules/go-plugin-quiz Completed in 2ms
368 silly placeDep node_modules/go-plugin-templates ejs@2.5.7 OK for: go-plugin-templates@1.0.0 want: 2.5.7
369 silly placeDep ROOT globby@8.0.1 OK for: go-plugin-templates@1.0.0 want: 8.0.1
370 silly fetch manifest array-union@^1.0.1
371 silly fetch manifest dir-glob@^2.0.0
372 silly fetch manifest fast-glob@^2.0.2
373 silly fetch manifest ignore@^3.3.5
374 silly fetch manifest pify@^3.0.0
375 silly fetch manifest slash@^1.0.0
376 http fetch GET 200 https://registry.npmjs.org/dir-glob 39ms (cache revalidated)
377 http fetch GET 200 https://registry.npmjs.org/pify 40ms (cache revalidated)
378 http fetch GET 200 https://registry.npmjs.org/slash 42ms (cache revalidated)
379 http fetch GET 200 https://registry.npmjs.org/ignore 46ms (cache revalidated)
380 http fetch GET 200 https://registry.npmjs.org/array-union 52ms (cache revalidated)
381 http fetch GET 200 https://registry.npmjs.org/fast-glob 394ms (cache revalidated)
382 timing idealTree:node_modules/go-plugin-templates Completed in 401ms
383 silly placeDep ROOT array-union@1.0.2 OK for: globby@8.0.1 want: ^1.0.1
384 silly placeDep ROOT dir-glob@2.2.2 OK for: globby@8.0.1 want: ^2.0.0
385 silly placeDep ROOT fast-glob@2.2.7 OK for: globby@8.0.1 want: ^2.0.2
386 silly placeDep node_modules/globby ignore@3.3.10 OK for: globby@8.0.1 want: ^3.3.5
387 silly placeDep ROOT pify@3.0.0 OK for: globby@8.0.1 want: ^3.0.0
388 silly placeDep ROOT slash@1.0.0 OK for: globby@8.0.1 want: ^1.0.0
389 silly fetch manifest array-uniq@^1.0.1
390 silly fetch manifest path-type@^3.0.0
391 silly fetch manifest @mrmlnc/readdir-enhanced@^2.2.1
392 silly fetch manifest @nodelib/fs.stat@^1.1.2
393 silly fetch manifest glob-parent@^3.1.0
394 silly fetch manifest merge2@^1.2.3
395 silly fetch manifest micromatch@^3.1.10
396 http fetch GET 200 https://registry.npmjs.org/glob-parent 40ms (cache revalidated)
397 http fetch GET 200 https://registry.npmjs.org/merge2 40ms (cache revalidated)
398 http fetch GET 200 https://registry.npmjs.org/path-type 43ms (cache revalidated)
399 http fetch GET 200 https://registry.npmjs.org/micromatch 40ms (cache revalidated)
400 http fetch GET 200 https://registry.npmjs.org/@nodelib%2ffs.stat 68ms (cache revalidated)
401 http fetch GET 200 https://registry.npmjs.org/@mrmlnc%2freaddir-enhanced 159ms (cache revalidated)
402 http fetch GET 200 https://registry.npmjs.org/array-uniq 400ms (cache revalidated)
403 timing idealTree:node_modules/globby Completed in 407ms
404 silly placeDep ROOT array-uniq@1.0.3 OK for: array-union@1.0.2 want: ^1.0.1
405 timing idealTree:node_modules/array-union Completed in 1ms
406 timing idealTree:node_modules/array-uniq Completed in 0ms
407 silly placeDep ROOT path-type@3.0.0 OK for: dir-glob@2.2.2 want: ^3.0.0
408 timing idealTree:node_modules/dir-glob Completed in 1ms
409 silly placeDep ROOT @mrmlnc/readdir-enhanced@2.2.1 OK for: fast-glob@2.2.7 want: ^2.2.1
410 silly placeDep ROOT @nodelib/fs.stat@1.1.3 OK for: fast-glob@2.2.7 want: ^1.1.2
411 silly placeDep node_modules/fast-glob glob-parent@3.1.0 OK for: fast-glob@2.2.7 want: ^3.1.0
412 silly placeDep ROOT merge2@1.4.1 OK for: fast-glob@2.2.7 want: ^1.2.3
413 silly placeDep ROOT micromatch@3.1.10 OK for: fast-glob@2.2.7 want: ^3.1.10
414 silly fetch manifest call-me-maybe@^1.0.1
415 silly fetch manifest glob-to-regexp@^0.3.0
416 silly fetch manifest is-glob@^3.1.0
417 silly fetch manifest path-dirname@^1.0.0
418 silly fetch manifest arr-diff@^4.0.0
419 silly fetch manifest array-unique@^0.3.2
420 silly fetch manifest braces@^2.3.1
421 silly fetch manifest define-property@^2.0.2
422 silly fetch manifest extend-shallow@^3.0.2
423 silly fetch manifest extglob@^2.0.4
424 silly fetch manifest fragment-cache@^0.2.1
425 silly fetch manifest kind-of@^6.0.2
426 silly fetch manifest nanomatch@^1.2.9
427 silly fetch manifest object.pick@^1.3.0
428 silly fetch manifest regex-not@^1.0.0
429 silly fetch manifest snapdragon@^0.8.1
430 silly fetch manifest to-regex@^3.0.2
431 http fetch GET 200 https://registry.npmjs.org/extglob 50ms (cache revalidated)
432 http fetch GET 200 https://registry.npmjs.org/is-glob 127ms (cache revalidated)
433 http fetch GET 200 https://registry.npmjs.org/braces 144ms (cache revalidated)
434 http fetch GET 200 https://registry.npmjs.org/object.pick 142ms (cache revalidated)
435 http fetch GET 200 https://registry.npmjs.org/extend-shallow 147ms (cache revalidated)
436 http fetch GET 200 https://registry.npmjs.org/regex-not 146ms (cache revalidated)
437 http fetch GET 200 https://registry.npmjs.org/snapdragon 147ms (cache revalidated)
438 http fetch GET 200 https://registry.npmjs.org/array-unique 153ms (cache revalidated)
439 http fetch GET 200 https://registry.npmjs.org/define-property 163ms (cache revalidated)
440 http fetch GET 200 https://registry.npmjs.org/arr-diff 166ms (cache revalidated)
441 http fetch GET 200 https://registry.npmjs.org/to-regex 157ms (cache revalidated)
442 http fetch GET 200 https://registry.npmjs.org/kind-of 400ms (cache revalidated)
443 http fetch GET 200 https://registry.npmjs.org/path-dirname 410ms (cache revalidated)
444 http fetch GET 200 https://registry.npmjs.org/glob-to-regexp 412ms (cache revalidated)
445 http fetch GET 200 https://registry.npmjs.org/nanomatch 409ms (cache revalidated)
446 http fetch GET 200 https://registry.npmjs.org/call-me-maybe 416ms (cache revalidated)
447 http fetch GET 200 https://registry.npmjs.org/fragment-cache 420ms (cache revalidated)
448 timing idealTree:node_modules/fast-glob Completed in 432ms
449 silly placeDep ROOT call-me-maybe@1.0.1 OK for: @mrmlnc/readdir-enhanced@2.2.1 want: ^1.0.1
450 silly placeDep ROOT glob-to-regexp@0.3.0 OK for: @mrmlnc/readdir-enhanced@2.2.1 want: ^0.3.0
451 timing idealTree:node_modules/@mrmlnc/readdir-enhanced Completed in 7ms
452 timing idealTree:node_modules/@nodelib/fs.stat Completed in 0ms
453 timing idealTree:node_modules/call-me-maybe Completed in 0ms
454 timing idealTree:node_modules/glob-to-regexp Completed in 0ms
455 timing idealTree:node_modules/googlethis Completed in 0ms
456 timing idealTree:node_modules/graceful-fs Completed in 0ms
457 silly placeDep ROOT inherits@2.0.4 REPLACE for: http-errors@1.8.1 want: 2.0.4
458 silly placeDep ROOT toidentifier@1.0.1 OK for: http-errors@1.8.1 want: 1.0.1
459 timing idealTree:node_modules/http-errors Completed in 2ms
460 timing idealTree:node_modules/inherits Completed in 0ms
461 silly placeDep ROOT ansi-escapes@3.2.0 OK for: inquirer@5.1.0 want: ^3.0.0
462 silly placeDep node_modules/inquirer chalk@2.4.2 OK for: inquirer@5.1.0 want: ^2.0.0
463 silly placeDep ROOT cli-cursor@2.1.0 OK for: inquirer@5.1.0 want: ^2.1.0
464 silly placeDep ROOT cli-width@2.2.1 OK for: inquirer@5.1.0 want: ^2.0.0
465 silly placeDep ROOT external-editor@2.2.0 OK for: inquirer@5.1.0 want: ^2.1.0
466 silly placeDep ROOT figures@2.0.0 OK for: inquirer@5.1.0 want: ^2.0.0
467 silly placeDep ROOT mute-stream@0.0.7 OK for: inquirer@5.1.0 want: 0.0.7
468 silly placeDep ROOT run-async@2.4.1 OK for: inquirer@5.1.0 want: ^2.2.0
469 silly placeDep ROOT rxjs@5.5.12 OK for: inquirer@5.1.0 want: ^5.5.2
470 silly placeDep node_modules/inquirer string-width@2.1.1 OK for: inquirer@5.1.0 want: ^2.1.0
471 silly placeDep node_modules/inquirer strip-ansi@4.0.0 OK for: inquirer@5.1.0 want: ^4.0.0
472 silly placeDep ROOT through@2.3.8 OK for: inquirer@5.1.0 want: ^2.3.6
473 silly fetch manifest ansi-styles@^3.2.1
474 silly fetch manifest supports-color@^5.3.0
475 silly fetch manifest restore-cursor@^2.0.0
476 silly fetch manifest chardet@^0.4.0
477 silly fetch manifest tmp@^0.0.33
478 silly fetch manifest symbol-observable@1.0.1
479 silly fetch manifest is-fullwidth-code-point@^2.0.0
480 silly fetch manifest ansi-regex@^3.0.0
481 http fetch GET 200 https://registry.npmjs.org/is-fullwidth-code-point 67ms (cache revalidated)
482 http fetch GET 200 https://registry.npmjs.org/tmp 71ms (cache revalidated)
483 http fetch GET 200 https://registry.npmjs.org/ansi-regex 86ms (cache revalidated)
484 http fetch GET 200 https://registry.npmjs.org/restore-cursor 97ms (cache revalidated)
485 http fetch GET 200 https://registry.npmjs.org/symbol-observable 390ms (cache revalidated)
486 http fetch GET 200 https://registry.npmjs.org/chardet 402ms (cache revalidated)
487 timing idealTree:node_modules/inquirer Completed in 419ms
488 timing idealTree:node_modules/ansi-escapes Completed in 0ms
489 silly placeDep ROOT restore-cursor@2.0.0 OK for: cli-cursor@2.1.0 want: ^2.0.0
490 silly fetch manifest onetime@^2.0.0
491 http fetch GET 200 https://registry.npmjs.org/onetime 35ms (cache revalidated)
492 timing idealTree:node_modules/cli-cursor Completed in 38ms
493 timing idealTree:node_modules/cli-width Completed in 0ms
494 silly placeDep ROOT chardet@0.4.2 OK for: external-editor@2.2.0 want: ^0.4.0
495 silly placeDep ROOT tmp@0.0.33 OK for: external-editor@2.2.0 want: ^0.0.33
496 timing idealTree:node_modules/external-editor Completed in 2ms
497 timing idealTree:node_modules/chardet Completed in 0ms
498 silly placeDep node_modules/figures escape-string-regexp@1.0.5 OK for: figures@2.0.0 want: ^1.0.5
499 timing idealTree:node_modules/figures Completed in 0ms
500 silly placeDep node_modules/inquirer-autocomplete-prompt chalk@2.4.2 OK for: inquirer-autocomplete-prompt@0.12.1 want: ^2.0.0
501 silly placeDep node_modules/inquirer-autocomplete-prompt inquirer@3.2.0 OK for: inquirer-autocomplete-prompt@0.12.1 want: 3.2.0
502 silly fetch manifest ansi-escapes@^2.0.0
503 silly fetch manifest rx-lite@^4.0.8
504 silly fetch manifest rx-lite-aggregates@^4.0.8
505 http fetch GET 200 https://registry.npmjs.org/rx-lite 47ms (cache revalidated)
506 http fetch GET 200 https://registry.npmjs.org/rx-lite-aggregates 387ms (cache revalidated)
507 timing idealTree:node_modules/inquirer-autocomplete-prompt Completed in 391ms
508 timing idealTree:node_modules/interpret Completed in 0ms
509 timing idealTree:node_modules/is-empty Completed in 0ms
510 timing idealTree:node_modules/is-git-url Completed in 0ms
511 timing idealTree:node_modules/jsonfile Completed in 0ms
512 silly placeDep ROOT findup-sync@2.0.0 OK for: liftoff@2.5.0 want: ^2.0.0
513 silly placeDep ROOT fined@1.2.0 OK for: liftoff@2.5.0 want: ^1.0.1
514 silly placeDep ROOT flagged-respawn@1.0.1 OK for: liftoff@2.5.0 want: ^1.0.0
515 silly placeDep ROOT is-plain-object@2.0.4 OK for: liftoff@2.5.0 want: ^2.0.4
516 silly placeDep ROOT object.map@1.0.1 OK for: liftoff@2.5.0 want: ^1.0.0
517 silly placeDep ROOT rechoir@0.6.2 OK for: liftoff@2.5.0 want: ^0.6.2
518 silly placeDep ROOT resolve@1.22.0 OK for: liftoff@2.5.0 want: ^1.1.7
519 silly fetch manifest detect-file@^1.0.0
520 silly fetch manifest resolve-dir@^1.0.1
521 silly fetch manifest expand-tilde@^2.0.2
522 silly fetch manifest object.defaults@^1.1.0
523 silly fetch manifest object.pick@^1.2.0
524 silly fetch manifest parse-filepath@^1.0.1
525 silly fetch manifest isobject@^3.0.1
526 silly fetch manifest for-own@^1.0.0
527 silly fetch manifest make-iterator@^1.0.0
528 silly fetch manifest is-core-module@^2.8.1
529 silly fetch manifest path-parse@^1.0.7
530 silly fetch manifest supports-preserve-symlinks-flag@^1.0.0
531 http fetch GET 200 https://registry.npmjs.org/for-own 63ms (cache revalidated)
532 http fetch GET 200 https://registry.npmjs.org/supports-preserve-symlinks-flag 57ms (cache revalidated)
533 http fetch GET 200 https://registry.npmjs.org/object.defaults 67ms (cache revalidated)
534 http fetch GET 200 https://registry.npmjs.org/is-core-module 64ms (cache revalidated)
535 http fetch GET 200 https://registry.npmjs.org/resolve-dir 69ms (cache revalidated)
536 http fetch GET 200 https://registry.npmjs.org/make-iterator 67ms (cache revalidated)
537 http fetch GET 200 https://registry.npmjs.org/expand-tilde 72ms (cache revalidated)
538 http fetch GET 200 https://registry.npmjs.org/isobject 77ms (cache revalidated)
539 http fetch GET 200 https://registry.npmjs.org/parse-filepath 401ms (cache revalidated)
540 http fetch GET 200 https://registry.npmjs.org/path-parse 411ms (cache revalidated)
541 http fetch GET 200 https://registry.npmjs.org/detect-file 426ms (cache revalidated)
542 timing idealTree:node_modules/liftoff Completed in 437ms
543 silly placeDep ROOT detect-file@1.0.0 OK for: findup-sync@2.0.0 want: ^1.0.0
544 silly placeDep node_modules/findup-sync is-glob@3.1.0 OK for: findup-sync@2.0.0 want: ^3.1.0
545 silly placeDep ROOT resolve-dir@1.0.1 OK for: findup-sync@2.0.0 want: ^1.0.1
546 silly fetch manifest expand-tilde@^2.0.0
547 silly fetch manifest global-modules@^1.0.0
548 http fetch GET 200 https://registry.npmjs.org/global-modules 53ms (cache revalidated)
549 timing idealTree:node_modules/findup-sync Completed in 85ms
550 timing idealTree:node_modules/detect-file Completed in 0ms
551 silly placeDep ROOT expand-tilde@2.0.2 OK for: fined@1.2.0 want: ^2.0.2
552 silly placeDep ROOT object.defaults@1.1.0 OK for: fined@1.2.0 want: ^1.1.0
553 silly placeDep ROOT object.pick@1.3.0 OK for: fined@1.2.0 want: ^1.2.0
554 silly placeDep ROOT parse-filepath@1.0.2 OK for: fined@1.2.0 want: ^1.0.1
555 silly fetch manifest homedir-polyfill@^1.0.1
556 silly fetch manifest array-each@^1.0.1
557 silly fetch manifest array-slice@^1.0.0
558 silly fetch manifest isobject@^3.0.0
559 silly fetch manifest is-absolute@^1.0.0
560 silly fetch manifest map-cache@^0.2.0
561 silly fetch manifest path-root@^0.1.1
562 http fetch GET 200 https://registry.npmjs.org/map-cache 39ms (cache revalidated)
563 http fetch GET 200 https://registry.npmjs.org/array-each 44ms (cache revalidated)
564 http fetch GET 200 https://registry.npmjs.org/homedir-polyfill 48ms (cache revalidated)
565 http fetch GET 200 https://registry.npmjs.org/is-absolute 50ms (cache revalidated)
566 http fetch GET 200 https://registry.npmjs.org/array-slice 403ms (cache revalidated)
567 http fetch GET 200 https://registry.npmjs.org/path-root 414ms (cache revalidated)
568 timing idealTree:node_modules/fined Completed in 422ms
569 silly placeDep ROOT homedir-polyfill@1.0.3 OK for: expand-tilde@2.0.2 want: ^1.0.1
570 silly fetch manifest parse-passwd@^1.0.0
571 http fetch GET 200 https://registry.npmjs.org/parse-passwd 392ms (cache revalidated)
572 timing idealTree:node_modules/expand-tilde Completed in 394ms
573 timing idealTree:node_modules/flagged-respawn Completed in 0ms
574 silly placeDep ROOT parse-passwd@1.0.0 OK for: homedir-polyfill@1.0.3 want: ^1.0.0
575 timing idealTree:node_modules/homedir-polyfill Completed in 1ms
576 silly placeDep ROOT isobject@3.0.1 OK for: is-plain-object@2.0.4 want: ^3.0.1
577 timing idealTree:node_modules/is-plain-object Completed in 1ms
578 timing idealTree:node_modules/isobject Completed in 0ms
579 timing idealTree:node_modules/merge2 Completed in 0ms
580 silly placeDep ROOT arr-diff@4.0.0 OK for: micromatch@3.1.10 want: ^4.0.0
581 silly placeDep ROOT array-unique@0.3.2 OK for: micromatch@3.1.10 want: ^0.3.2
582 silly placeDep ROOT braces@2.3.2 OK for: micromatch@3.1.10 want: ^2.3.1
583 silly placeDep ROOT define-property@2.0.2 OK for: micromatch@3.1.10 want: ^2.0.2
584 silly placeDep ROOT extend-shallow@3.0.2 OK for: micromatch@3.1.10 want: ^3.0.2
585 silly placeDep ROOT extglob@2.0.4 OK for: micromatch@3.1.10 want: ^2.0.4
586 silly placeDep ROOT fragment-cache@0.2.1 OK for: micromatch@3.1.10 want: ^0.2.1
587 silly placeDep ROOT kind-of@6.0.3 OK for: micromatch@3.1.10 want: ^6.0.2
588 silly placeDep ROOT nanomatch@1.2.13 OK for: micromatch@3.1.10 want: ^1.2.9
589 silly placeDep ROOT regex-not@1.0.2 OK for: micromatch@3.1.10 want: ^1.0.0
590 silly placeDep ROOT snapdragon@0.8.2 OK for: micromatch@3.1.10 want: ^0.8.1
591 silly placeDep ROOT to-regex@3.0.2 OK for: micromatch@3.1.10 want: ^3.0.2
592 silly fetch manifest arr-flatten@^1.1.0
593 silly fetch manifest extend-shallow@^2.0.1
594 silly fetch manifest fill-range@^4.0.0
595 silly fetch manifest repeat-element@^1.1.2
596 silly fetch manifest snapdragon-node@^2.0.1
597 silly fetch manifest split-string@^3.0.2
598 silly fetch manifest is-descriptor@^1.0.2
599 silly fetch manifest assign-symbols@^1.0.0
600 silly fetch manifest is-extendable@^1.0.1
601 silly fetch manifest define-property@^1.0.0
602 silly fetch manifest expand-brackets@^2.1.4
603 silly fetch manifest map-cache@^0.2.2
604 silly fetch manifest is-windows@^1.0.2
605 silly fetch manifest safe-regex@^1.1.0
606 silly fetch manifest base@^0.11.1
607 silly fetch manifest debug@^2.2.0
608 silly fetch manifest define-property@^0.2.5
609 silly fetch manifest source-map@^0.5.6
610 silly fetch manifest source-map-resolve@^0.5.0
611 silly fetch manifest use@^3.1.0
612 http fetch GET 200 https://registry.npmjs.org/snapdragon-node 87ms (cache revalidated)
613 http fetch GET 200 https://registry.npmjs.org/arr-flatten 89ms (cache revalidated)
614 http fetch GET 200 https://registry.npmjs.org/safe-regex 83ms (cache revalidated)
615 http fetch GET 200 https://registry.npmjs.org/fill-range 90ms (cache revalidated)
616 http fetch GET 200 https://registry.npmjs.org/use 81ms (cache revalidated)
617 http fetch GET 200 https://registry.npmjs.org/source-map-resolve 81ms (cache revalidated)
618 http fetch GET 200 https://registry.npmjs.org/base 84ms (cache revalidated)
619 http fetch GET 200 https://registry.npmjs.org/expand-brackets 90ms (cache revalidated)
620 http fetch GET 200 https://registry.npmjs.org/is-windows 90ms (cache revalidated)
621 http fetch GET 200 https://registry.npmjs.org/split-string 93ms (cache revalidated)
622 http fetch GET 200 https://registry.npmjs.org/source-map 86ms (cache revalidated)
623 http fetch GET 200 https://registry.npmjs.org/is-descriptor 94ms (cache revalidated)
624 http fetch GET 200 https://registry.npmjs.org/is-extendable 395ms (cache revalidated)
625 http fetch GET 200 https://registry.npmjs.org/assign-symbols 412ms (cache revalidated)
626 http fetch GET 200 https://registry.npmjs.org/repeat-element 445ms (cache revalidated)
627 timing idealTree:node_modules/micromatch Completed in 459ms
628 timing idealTree:node_modules/arr-diff Completed in 0ms
629 timing idealTree:node_modules/array-unique Completed in 0ms
630 silly placeDep ROOT arr-flatten@1.1.0 OK for: braces@2.3.2 want: ^1.1.0
631 silly placeDep node_modules/braces extend-shallow@2.0.1 OK for: braces@2.3.2 want: ^2.0.1
632 silly placeDep ROOT fill-range@4.0.0 OK for: braces@2.3.2 want: ^4.0.0
633 silly placeDep ROOT repeat-element@1.1.4 OK for: braces@2.3.2 want: ^1.1.2
634 silly placeDep ROOT snapdragon-node@2.1.1 OK for: braces@2.3.2 want: ^2.0.1
635 silly placeDep ROOT split-string@3.1.0 OK for: braces@2.3.2 want: ^3.0.2
636 silly fetch manifest is-extendable@^0.1.0
637 silly fetch manifest is-number@^3.0.0
638 silly fetch manifest repeat-string@^1.6.1
639 silly fetch manifest to-regex-range@^2.1.0
640 silly fetch manifest snapdragon-util@^3.0.1
641 http fetch GET 200 https://registry.npmjs.org/is-number 40ms (cache revalidated)
642 http fetch GET 200 https://registry.npmjs.org/repeat-string 48ms (cache revalidated)
643 http fetch GET 200 https://registry.npmjs.org/snapdragon-util 46ms (cache revalidated)
644 http fetch GET 200 https://registry.npmjs.org/to-regex-range 417ms (cache revalidated)
645 timing idealTree:node_modules/braces Completed in 425ms
646 timing idealTree:node_modules/arr-flatten Completed in 0ms
647 silly placeDep ROOT is-descriptor@1.0.2 OK for: define-property@2.0.2 want: ^1.0.2
648 silly fetch manifest is-accessor-descriptor@^1.0.0
649 silly fetch manifest is-data-descriptor@^1.0.0
650 http fetch GET 200 https://registry.npmjs.org/is-data-descriptor 40ms (cache revalidated)
651 http fetch GET 200 https://registry.npmjs.org/is-accessor-descriptor 45ms (cache revalidated)
652 timing idealTree:node_modules/define-property Completed in 47ms
653 silly placeDep ROOT assign-symbols@1.0.0 OK for: extend-shallow@3.0.2 want: ^1.0.0
654 silly placeDep ROOT is-extendable@1.0.1 OK for: extend-shallow@3.0.2 want: ^1.0.1
655 timing idealTree:node_modules/extend-shallow Completed in 3ms
656 timing idealTree:node_modules/assign-symbols Completed in 0ms
657 silly placeDep node_modules/extglob define-property@1.0.0 OK for: extglob@2.0.4 want: ^1.0.0
658 silly placeDep ROOT expand-brackets@2.1.4 OK for: extglob@2.0.4 want: ^2.1.4
659 silly placeDep node_modules/extglob extend-shallow@2.0.1 OK for: extglob@2.0.4 want: ^2.0.1
660 silly fetch manifest debug@^2.3.3
661 silly fetch manifest posix-character-classes@^0.1.0
662 http fetch GET 200 https://registry.npmjs.org/posix-character-classes 35ms (cache revalidated)
663 timing idealTree:node_modules/extglob Completed in 39ms
664 silly placeDep node_modules/expand-brackets debug@2.6.9 OK for: expand-brackets@2.1.4 want: ^2.3.3
665 silly placeDep node_modules/expand-brackets define-property@0.2.5 OK for: expand-brackets@2.1.4 want: ^0.2.5
666 silly placeDep node_modules/expand-brackets extend-shallow@2.0.1 OK for: expand-brackets@2.1.4 want: ^2.0.1
667 silly placeDep ROOT posix-character-classes@0.1.1 OK for: expand-brackets@2.1.4 want: ^0.1.0
668 silly fetch manifest is-descriptor@^0.1.0
669 timing idealTree:node_modules/expand-brackets Completed in 4ms
670 silly placeDep node_modules/fill-range extend-shallow@2.0.1 OK for: fill-range@4.0.0 want: ^2.0.1
671 silly placeDep ROOT is-number@3.0.0 OK for: fill-range@4.0.0 want: ^3.0.0
672 silly placeDep ROOT repeat-string@1.6.1 OK for: fill-range@4.0.0 want: ^1.6.1
673 silly placeDep ROOT to-regex-range@2.1.1 OK for: fill-range@4.0.0 want: ^2.1.0
674 silly fetch manifest kind-of@^3.0.2
675 timing idealTree:node_modules/fill-range Completed in 6ms
676 silly placeDep ROOT map-cache@0.2.2 OK for: fragment-cache@0.2.1 want: ^0.2.2
677 timing idealTree:node_modules/fragment-cache Completed in 1ms
678 silly placeDep ROOT is-accessor-descriptor@1.0.0 OK for: is-descriptor@1.0.2 want: ^1.0.0
679 silly placeDep ROOT is-data-descriptor@1.0.0 OK for: is-descriptor@1.0.2 want: ^1.0.0
680 timing idealTree:node_modules/is-descriptor Completed in 2ms
681 timing idealTree:node_modules/is-accessor-descriptor Completed in 0ms
682 timing idealTree:node_modules/is-data-descriptor Completed in 0ms
683 timing idealTree:node_modules/is-extendable Completed in 0ms
684 silly placeDep node_modules/is-number kind-of@3.2.2 OK for: is-number@3.0.0 want: ^3.0.2
685 silly fetch manifest is-buffer@^1.1.5
686 http fetch GET 200 https://registry.npmjs.org/is-buffer 391ms (cache revalidated)
687 timing idealTree:node_modules/is-number Completed in 392ms
688 timing idealTree:node_modules/kind-of Completed in 0ms
689 timing idealTree:node_modules/map-cache Completed in 0ms
690 silly placeDep ROOT mime-db@1.51.0 OK for: mime-types@2.1.34 want: 1.51.0
691 timing idealTree:node_modules/mime-types Completed in 1ms
692 timing idealTree:node_modules/mime-db Completed in 0ms
693 timing idealTree:node_modules/mkdirp Completed in 0ms
694 timing idealTree:node_modules/moment Completed in 0ms
695 timing idealTree:node_modules/mongoos Completed in 0ms
696 timing idealTree:node_modules/ms Completed in 0ms
697 timing idealTree:node_modules/mute-stream Completed in 0ms
698 silly placeDep ROOT is-windows@1.0.2 OK for: nanomatch@1.2.13 want: ^1.0.2
699 timing idealTree:node_modules/nanomatch Completed in 0ms
700 timing idealTree:node_modules/is-windows Completed in 0ms
701 timing idealTree:node_modules/negotiator Completed in 0ms
702 timing idealTree:node_modules/node Completed in 0ms
703 silly placeDep node_modules/node-fetch whatwg-url@5.0.0 OK for: node-fetch@2.6.7 want: ^5.0.0
704 silly fetch manifest tr46@~0.0.3
705 silly fetch manifest webidl-conversions@^3.0.0
706 http fetch GET 200 https://registry.npmjs.org/tr46 35ms (cache revalidated)
707 http fetch GET 200 https://registry.npmjs.org/webidl-conversions 390ms (cache revalidated)
708 timing idealTree:node_modules/node-fetch Completed in 392ms
709 silly placeDep ROOT array-each@1.0.1 OK for: object.defaults@1.1.0 want: ^1.0.1
710 silly placeDep ROOT array-slice@1.1.0 OK for: object.defaults@1.1.0 want: ^1.0.0
711 silly placeDep ROOT for-own@1.0.0 OK for: object.defaults@1.1.0 want: ^1.0.0
712 silly fetch manifest for-in@^1.0.1
713 http fetch GET 200 https://registry.npmjs.org/for-in 29ms (cache revalidated)
714 timing idealTree:node_modules/object.defaults Completed in 35ms
715 timing idealTree:node_modules/array-each Completed in 0ms
716 timing idealTree:node_modules/array-slice Completed in 0ms
717 silly placeDep ROOT for-in@1.0.2 OK for: for-own@1.0.0 want: ^1.0.1
718 timing idealTree:node_modules/for-own Completed in 1ms
719 timing idealTree:node_modules/for-in Completed in 0ms
720 silly placeDep ROOT make-iterator@1.0.1 OK for: object.map@1.0.1 want: ^1.0.0
721 timing idealTree:node_modules/object.map Completed in 1ms
722 timing idealTree:node_modules/make-iterator Completed in 0ms
723 timing idealTree:node_modules/object.pick Completed in 0ms
724 silly placeDep ROOT is-absolute@1.0.0 OK for: parse-filepath@1.0.2 want: ^1.0.0
725 silly placeDep ROOT path-root@0.1.1 OK for: parse-filepath@1.0.2 want: ^0.1.1
726 silly fetch manifest is-relative@^1.0.0
727 silly fetch manifest path-root-regex@^0.1.0
728 http fetch GET 200 https://registry.npmjs.org/is-relative 376ms (cache revalidated)
729 http fetch GET 200 https://registry.npmjs.org/path-root-regex 394ms (cache revalidated)
730 timing idealTree:node_modules/parse-filepath Completed in 398ms
731 silly placeDep ROOT is-relative@1.0.0 OK for: is-absolute@1.0.0 want: ^1.0.0
732 silly fetch manifest is-unc-path@^1.0.0
733 http fetch GET 200 https://registry.npmjs.org/is-unc-path 383ms (cache revalidated)
734 timing idealTree:node_modules/is-absolute Completed in 385ms
735 silly placeDep ROOT is-unc-path@1.0.0 OK for: is-relative@1.0.0 want: ^1.0.0
736 silly fetch manifest unc-path-regex@^0.1.2
737 http fetch GET 200 https://registry.npmjs.org/unc-path-regex 37ms (cache revalidated)
738 timing idealTree:node_modules/is-relative Completed in 40ms
739 silly placeDep ROOT unc-path-regex@0.1.2 OK for: is-unc-path@1.0.0 want: ^0.1.2
740 timing idealTree:node_modules/is-unc-path Completed in 2ms
741 timing idealTree:node_modules/parse-passwd Completed in 0ms
742 timing idealTree:node_modules/password-generator Completed in 0ms
743 silly placeDep ROOT path-root-regex@0.1.2 OK for: path-root@0.1.1 want: ^0.1.0
744 timing idealTree:node_modules/path-root Completed in 1ms
745 timing idealTree:node_modules/path-root-regex Completed in 0ms
746 timing idealTree:node_modules/path-type Completed in 0ms
747 timing idealTree:node_modules/pify Completed in 0ms
748 timing idealTree:node_modules/posix-character-classes Completed in 0ms
749 timing idealTree:node_modules/pretty-ms Completed in 0ms
750 timing idealTree:node_modules/qs Completed in 0ms
751 timing idealTree:node_modules/quick.db Completed in 0ms
752 timing idealTree:node_modules/random-jokes-api Completed in 0ms
753 timing idealTree:node_modules/random-words Completed in 0ms
754 timing idealTree:node_modules/range-parser Completed in 0ms
755 timing idealTree:node_modules/raw-body Completed in 0ms
756 timing idealTree:node_modules/rechoir Completed in 0ms
757 silly placeDep ROOT sourcebin@4.3.5 OK for: reconlx@2.5.2 want: ^4.2.5
758 silly fetch manifest @sourcebin/linguist@latest
759 http fetch GET 200 https://registry.npmjs.org/@sourcebin%2flinguist 863ms (cache revalidated)
760 timing idealTree:node_modules/reconlx Completed in 866ms
761 silly placeDep ROOT safe-regex@1.1.0 OK for: regex-not@1.0.2 want: ^1.1.0
762 silly fetch manifest ret@~0.1.10
763 http fetch GET 200 https://registry.npmjs.org/ret 34ms (cache revalidated)
764 timing idealTree:node_modules/regex-not Completed in 40ms
765 timing idealTree:node_modules/repeat-element Completed in 0ms
766 timing idealTree:node_modules/repeat-string Completed in 0ms
767 timing idealTree:node_modules/request Completed in 0ms
768 silly placeDep ROOT is-core-module@2.8.1 OK for: resolve@1.22.0 want: ^2.8.1
769 silly placeDep ROOT path-parse@1.0.7 OK for: resolve@1.22.0 want: ^1.0.7
770 silly placeDep ROOT supports-preserve-symlinks-flag@1.0.0 OK for: resolve@1.22.0 want: ^1.0.0
771 silly fetch manifest has@^1.0.3
772 http fetch GET 200 https://registry.npmjs.org/has 30ms (cache revalidated)
773 timing idealTree:node_modules/resolve Completed in 34ms
774 silly placeDep ROOT has@1.0.3 OK for: is-core-module@2.8.1 want: ^1.0.3
775 silly fetch manifest function-bind@^1.1.1
776 http fetch GET 200 https://registry.npmjs.org/function-bind 31ms (cache revalidated)
777 timing idealTree:node_modules/is-core-module Completed in 34ms
778 silly placeDep ROOT function-bind@1.1.1 OK for: has@1.0.3 want: ^1.1.1
779 timing idealTree:node_modules/has Completed in 1ms
780 timing idealTree:node_modules/function-bind Completed in 0ms
781 timing idealTree:node_modules/path-parse Completed in 0ms
782 silly placeDep ROOT global-modules@1.0.0 OK for: resolve-dir@1.0.1 want: ^1.0.0
783 silly fetch manifest global-prefix@^1.0.1
784 http fetch GET 200 https://registry.npmjs.org/global-prefix 33ms (cache revalidated)
785 timing idealTree:node_modules/resolve-dir Completed in 35ms
786 silly placeDep ROOT global-prefix@1.0.2 OK for: global-modules@1.0.0 want: ^1.0.1
787 silly fetch manifest which@^1.2.14
788 timing idealTree:node_modules/global-modules Completed in 3ms
789 silly placeDep node_modules/global-prefix which@1.3.1 OK for: global-prefix@1.0.2 want: ^1.2.14
790 timing idealTree:node_modules/global-prefix Completed in 0ms
791 silly placeDep ROOT global-dirs@0.1.1 OK for: resolve-global@0.1.0 want: ^0.1.0
792 timing idealTree:node_modules/resolve-global Completed in 1ms
793 timing idealTree:node_modules/global-dirs Completed in 0ms
794 silly placeDep ROOT onetime@2.0.1 OK for: restore-cursor@2.0.0 want: ^2.0.0
795 silly fetch manifest mimic-fn@^1.0.0
796 http fetch GET 200 https://registry.npmjs.org/mimic-fn 33ms (cache revalidated)
797 timing idealTree:node_modules/restore-cursor Completed in 35ms
798 silly placeDep ROOT mimic-fn@1.2.0 OK for: onetime@2.0.1 want: ^1.0.0
799 timing idealTree:node_modules/onetime Completed in 1ms
800 timing idealTree:node_modules/mimic-fn Completed in 0ms
801 timing idealTree:node_modules/run-async Completed in 0ms
802 silly placeDep ROOT symbol-observable@1.0.1 OK for: rxjs@5.5.12 want: 1.0.1
803 timing idealTree:node_modules/rxjs Completed in 0ms
804 silly placeDep ROOT ret@0.1.15 OK for: safe-regex@1.1.0 want: ~0.1.10
805 timing idealTree:node_modules/safe-regex Completed in 1ms
806 timing idealTree:node_modules/ret Completed in 0ms
807 silly placeDep node_modules/send debug@2.6.9 OK for: send@0.17.2 want: 2.6.9
808 silly placeDep ROOT destroy@1.0.4 OK for: send@0.17.2 want: ~1.0.4
809 silly placeDep ROOT mime@1.6.0 OK for: send@0.17.2 want: 1.6.0
810 timing idealTree:node_modules/send Completed in 2ms
811 timing idealTree:node_modules/destroy Completed in 0ms
812 timing idealTree:node_modules/mime Completed in 0ms
813 silly placeDep ROOT playwright@1.19.2 OK for: serp@2.2.1 want: ^1.14.0
814 silly fetch manifest playwright-core@1.19.2
815 http fetch GET 200 https://registry.npmjs.org/playwright-core 391ms (cache revalidated)
816 timing idealTree:node_modules/serp Completed in 422ms
817 silly placeDep ROOT playwright-core@1.19.2 OK for: playwright@1.19.2 want: 1.19.2
818 silly fetch manifest commander@8.3.0
819 silly fetch manifest debug@4.3.3
820 silly fetch manifest extract-zip@2.0.1
821 silly fetch manifest jpeg-js@0.4.3
822 silly fetch manifest mime@3.0.0
823 silly fetch manifest pngjs@6.0.0
824 silly fetch manifest proper-lockfile@4.1.2
825 silly fetch manifest proxy-from-env@1.1.0
826 silly fetch manifest socks-proxy-agent@6.1.1
827 silly fetch manifest stack-utils@2.0.5
828 silly fetch manifest ws@8.4.2
829 silly fetch manifest yauzl@2.10.0
830 silly fetch manifest yazl@2.5.1
831 http fetch GET 200 https://registry.npmjs.org/proxy-from-env 154ms (cache revalidated)
832 http fetch GET 200 https://registry.npmjs.org/socks-proxy-agent 153ms (cache revalidated)
833 http fetch GET 200 https://registry.npmjs.org/extract-zip 162ms (cache revalidated)
834 http fetch GET 200 https://registry.npmjs.org/ws 107ms (cache revalidated)
835 http fetch GET 200 https://registry.npmjs.org/commander 167ms (cache revalidated)
836 http fetch GET 200 https://registry.npmjs.org/jpeg-js 451ms (cache revalidated)
837 http fetch GET 200 https://registry.npmjs.org/yazl 412ms (cache revalidated)
838 http fetch GET 200 https://registry.npmjs.org/proper-lockfile 471ms (cache revalidated)
839 http fetch GET 200 https://registry.npmjs.org/yauzl 420ms (cache revalidated)
840 http fetch GET 200 https://registry.npmjs.org/stack-utils 476ms (cache revalidated)
841 http fetch GET 200 https://registry.npmjs.org/pngjs 484ms (cache revalidated)
842 timing idealTree:node_modules/playwright Completed in 498ms
843 silly fetch manifest bufferutil@^4.0.1
844 http fetch GET 200 https://registry.npmjs.org/bufferutil 37ms (cache revalidated)
845 silly fetch manifest utf-8-validate@^5.0.2
846 http fetch GET 200 https://registry.npmjs.org/utf-8-validate 41ms (cache revalidated)
847 silly placeDep ROOT commander@8.3.0 OK for: playwright-core@1.19.2 want: 8.3.0
848 silly placeDep node_modules/playwright-core debug@4.3.3 OK for: playwright-core@1.19.2 want: 4.3.3
849 silly placeDep ROOT extract-zip@2.0.1 OK for: playwright-core@1.19.2 want: 2.0.1
850 silly placeDep ROOT jpeg-js@0.4.3 OK for: playwright-core@1.19.2 want: 0.4.3
851 silly placeDep node_modules/playwright-core mime@3.0.0 OK for: playwright-core@1.19.2 want: 3.0.0
852 silly placeDep ROOT pngjs@6.0.0 OK for: playwright-core@1.19.2 want: 6.0.0
853 silly placeDep ROOT proper-lockfile@4.1.2 OK for: playwright-core@1.19.2 want: 4.1.2
854 silly placeDep ROOT proxy-from-env@1.1.0 OK for: playwright-core@1.19.2 want: 1.1.0
855 silly placeDep ROOT socks-proxy-agent@6.1.1 OK for: playwright-core@1.19.2 want: 6.1.1
856 silly placeDep ROOT stack-utils@2.0.5 OK for: playwright-core@1.19.2 want: 2.0.5
857 silly placeDep node_modules/playwright-core ws@8.4.2 OK for: playwright-core@1.19.2 want: 8.4.2
858 silly placeDep ROOT yauzl@2.10.0 OK for: playwright-core@1.19.2 want: 2.10.0
859 silly placeDep ROOT yazl@2.5.1 OK for: playwright-core@1.19.2 want: 2.5.1
860 silly fetch manifest ms@2.1.2
861 silly fetch manifest @types/yauzl@^2.9.1
862 silly fetch manifest retry@^0.12.0
863 silly fetch manifest socks@^2.6.1
864 silly fetch manifest escape-string-regexp@^2.0.0
865 silly fetch manifest fd-slicer@~1.1.0
866 silly fetch manifest buffer-crc32@~0.2.3
867 http fetch GET 200 https://registry.npmjs.org/retry 40ms (cache revalidated)
868 http fetch GET 200 https://registry.npmjs.org/socks 42ms (cache revalidated)
869 http fetch GET 200 https://registry.npmjs.org/buffer-crc32 41ms (cache revalidated)
870 http fetch GET 200 https://registry.npmjs.org/fd-slicer 407ms (cache revalidated)
871 http fetch GET 200 https://registry.npmjs.org/@types%2fyauzl 753ms (cache revalidated)
872 timing idealTree:node_modules/playwright-core Completed in 847ms
873 timing idealTree:node_modules/commander Completed in 0ms
874 silly placeDep ROOT @types/yauzl@2.9.2 OK for: extract-zip@2.0.1 want: ^2.9.1
875 timing idealTree:node_modules/extract-zip Completed in 2ms
876 timing idealTree:node_modules/@types/yauzl Completed in 0ms
877 timing idealTree:node_modules/jpeg-js Completed in 0ms
878 timing idealTree:node_modules/pngjs Completed in 0ms
879 silly placeDep ROOT retry@0.12.0 OK for: proper-lockfile@4.1.2 want: ^0.12.0
880 timing idealTree:node_modules/proper-lockfile Completed in 2ms
881 timing idealTree:node_modules/proxy-from-env Completed in 0ms
882 timing idealTree:node_modules/retry Completed in 0ms
883 timing idealTree:node_modules/serve-static Completed in 0ms
884 timing idealTree:node_modules/setprototypeof Completed in 0ms
885 timing idealTree:node_modules/similarity Completed in 0ms
886 timing idealTree:node_modules/slash Completed in 0ms
887 silly placeDep ROOT base@0.11.2 OK for: snapdragon@0.8.2 want: ^0.11.1
888 silly placeDep node_modules/snapdragon debug@2.6.9 OK for: snapdragon@0.8.2 want: ^2.2.0
889 silly placeDep node_modules/snapdragon define-property@0.2.5 OK for: snapdragon@0.8.2 want: ^0.2.5
890 silly placeDep node_modules/snapdragon extend-shallow@2.0.1 OK for: snapdragon@0.8.2 want: ^2.0.1
891 silly placeDep node_modules/snapdragon source-map@0.5.7 OK for: snapdragon@0.8.2 want: ^0.5.6
892 silly placeDep ROOT source-map-resolve@0.5.3 OK for: snapdragon@0.8.2 want: ^0.5.0
893 silly placeDep ROOT use@3.1.1 OK for: snapdragon@0.8.2 want: ^3.1.0
894 silly fetch manifest cache-base@^1.0.1
895 silly fetch manifest class-utils@^0.3.5
896 silly fetch manifest mixin-deep@^1.2.0
897 silly fetch manifest pascalcase@^0.1.1
898 silly fetch manifest atob@^2.1.2
899 silly fetch manifest decode-uri-component@^0.2.0
900 silly fetch manifest resolve-url@^0.2.1
901 silly fetch manifest source-map-url@^0.4.0
902 silly fetch manifest urix@^0.1.0
903 http fetch GET 200 https://registry.npmjs.org/mixin-deep 38ms (cache revalidated)
904 http fetch GET 200 https://registry.npmjs.org/decode-uri-component 46ms (cache revalidated)
905 http fetch GET 200 https://registry.npmjs.org/urix 46ms (cache revalidated)
906 http fetch GET 200 https://registry.npmjs.org/atob 55ms (cache revalidated)
907 http fetch GET 200 https://registry.npmjs.org/resolve-url 54ms (cache revalidated)
908 http fetch GET 200 https://registry.npmjs.org/class-utils 57ms (cache revalidated)
909 http fetch GET 200 https://registry.npmjs.org/source-map-url 55ms (cache revalidated)
910 http fetch GET 200 https://registry.npmjs.org/pascalcase 58ms (cache revalidated)
911 http fetch GET 200 https://registry.npmjs.org/cache-base 411ms (cache revalidated)
912 timing idealTree:node_modules/snapdragon Completed in 416ms
913 silly placeDep ROOT cache-base@1.0.1 OK for: base@0.11.2 want: ^1.0.1
914 silly placeDep ROOT class-utils@0.3.6 OK for: base@0.11.2 want: ^0.3.5
915 silly placeDep node_modules/base define-property@1.0.0 OK for: base@0.11.2 want: ^1.0.0
916 silly placeDep ROOT mixin-deep@1.3.2 OK for: base@0.11.2 want: ^1.2.0
917 silly placeDep ROOT pascalcase@0.1.1 OK for: base@0.11.2 want: ^0.1.1
918 silly fetch manifest collection-visit@^1.0.0
919 silly fetch manifest get-value@^2.0.6
920 silly fetch manifest has-value@^1.0.0
921 silly fetch manifest set-value@^2.0.0
922 silly fetch manifest to-object-path@^0.3.0
923 silly fetch manifest union-value@^1.0.0
924 silly fetch manifest unset-value@^1.0.0
925 silly fetch manifest arr-union@^3.1.0
926 silly fetch manifest static-extend@^0.1.1
927 http fetch GET 200 https://registry.npmjs.org/set-value 48ms (cache revalidated)
928 http fetch GET 200 https://registry.npmjs.org/collection-visit 55ms (cache revalidated)
929 http fetch GET 200 https://registry.npmjs.org/get-value 56ms (cache revalidated)
930 http fetch GET 200 https://registry.npmjs.org/union-value 57ms (cache revalidated)
931 http fetch GET 200 https://registry.npmjs.org/unset-value 56ms (cache revalidated)
932 http fetch GET 200 https://registry.npmjs.org/to-object-path 384ms (cache revalidated)
933 http fetch GET 200 https://registry.npmjs.org/arr-union 394ms (cache revalidated)
934 http fetch GET 200 https://registry.npmjs.org/has-value 398ms (cache revalidated)
935 http fetch GET 200 https://registry.npmjs.org/static-extend 402ms (cache revalidated)
936 timing idealTree:node_modules/base Completed in 420ms
937 silly placeDep ROOT collection-visit@1.0.0 OK for: cache-base@1.0.1 want: ^1.0.0
938 silly placeDep ROOT get-value@2.0.6 OK for: cache-base@1.0.1 want: ^2.0.6
939 silly placeDep ROOT has-value@1.0.0 OK for: cache-base@1.0.1 want: ^1.0.0
940 silly placeDep ROOT set-value@2.0.1 OK for: cache-base@1.0.1 want: ^2.0.0
941 silly placeDep ROOT to-object-path@0.3.0 OK for: cache-base@1.0.1 want: ^0.3.0
942 silly placeDep ROOT union-value@1.0.1 OK for: cache-base@1.0.1 want: ^1.0.0
943 silly placeDep ROOT unset-value@1.0.0 OK for: cache-base@1.0.1 want: ^1.0.0
944 silly fetch manifest map-visit@^1.0.0
945 silly fetch manifest object-visit@^1.0.0
946 silly fetch manifest has-values@^1.0.0
947 silly fetch manifest is-extendable@^0.1.1
948 silly fetch manifest has-value@^0.3.1
949 http fetch GET 200 https://registry.npmjs.org/map-visit 81ms (cache revalidated)
950 http fetch GET 200 https://registry.npmjs.org/has-values 81ms (cache revalidated)
951 http fetch GET 200 https://registry.npmjs.org/object-visit 87ms (cache revalidated)
952 timing idealTree:node_modules/cache-base Completed in 98ms
953 silly placeDep ROOT arr-union@3.1.0 OK for: class-utils@0.3.6 want: ^3.1.0
954 silly placeDep node_modules/class-utils define-property@0.2.5 OK for: class-utils@0.3.6 want: ^0.2.5
955 silly placeDep ROOT static-extend@0.1.2 OK for: class-utils@0.3.6 want: ^0.1.1
956 silly fetch manifest object-copy@^0.1.0
957 http fetch GET 200 https://registry.npmjs.org/object-copy 145ms (cache revalidated)
958 timing idealTree:node_modules/class-utils Completed in 149ms
959 timing idealTree:node_modules/arr-union Completed in 0ms
960 silly placeDep ROOT map-visit@1.0.0 OK for: collection-visit@1.0.0 want: ^1.0.0
961 silly placeDep ROOT object-visit@1.0.1 OK for: collection-visit@1.0.0 want: ^1.0.0
962 timing idealTree:node_modules/collection-visit Completed in 2ms
963 timing idealTree:node_modules/get-value Completed in 0ms
964 silly placeDep ROOT has-values@1.0.0 OK for: has-value@1.0.0 want: ^1.0.0
965 silly fetch manifest kind-of@^4.0.0
966 timing idealTree:node_modules/has-value Completed in 2ms
967 silly placeDep node_modules/has-values kind-of@4.0.0 OK for: has-values@1.0.0 want: ^4.0.0
968 timing idealTree:node_modules/has-values Completed in 0ms
969 timing idealTree:node_modules/map-visit Completed in 1ms
970 timing idealTree:node_modules/mixin-deep Completed in 0ms
971 timing idealTree:node_modules/object-visit Completed in 0ms
972 timing idealTree:node_modules/pascalcase Completed in 0ms
973 silly placeDep node_modules/set-value extend-shallow@2.0.1 OK for: set-value@2.0.1 want: ^2.0.1
974 silly placeDep node_modules/set-value is-extendable@0.1.1 OK for: set-value@2.0.1 want: ^0.1.1
975 timing idealTree:node_modules/set-value Completed in 1ms
976 silly placeDep node_modules/snapdragon-node define-property@1.0.0 OK for: snapdragon-node@2.1.1 want: ^1.0.0
977 silly placeDep ROOT snapdragon-util@3.0.1 OK for: snapdragon-node@2.1.1 want: ^3.0.1
978 silly fetch manifest kind-of@^3.2.0
979 timing idealTree:node_modules/snapdragon-node Completed in 3ms
980 silly placeDep node_modules/snapdragon-util kind-of@3.2.2 OK for: snapdragon-util@3.0.1 want: ^3.2.0
981 timing idealTree:node_modules/snapdragon-util Completed in 1ms
982 silly placeDep ROOT socks@2.6.2 OK for: socks-proxy-agent@6.1.1 want: ^2.6.1
983 silly fetch manifest ip@^1.1.5
984 silly fetch manifest smart-buffer@^4.2.0
985 http fetch GET 200 https://registry.npmjs.org/ip 32ms (cache revalidated)
986 http fetch GET 200 https://registry.npmjs.org/smart-buffer 39ms (cache revalidated)
987 timing idealTree:node_modules/socks-proxy-agent Completed in 42ms
988 silly placeDep ROOT ip@1.1.5 OK for: socks@2.6.2 want: ^1.1.5
989 silly placeDep ROOT smart-buffer@4.2.0 OK for: socks@2.6.2 want: ^4.2.0
990 timing idealTree:node_modules/socks Completed in 2ms
991 timing idealTree:node_modules/ip Completed in 0ms
992 timing idealTree:node_modules/smart-buffer Completed in 0ms
993 silly placeDep ROOT atob@2.1.2 OK for: source-map-resolve@0.5.3 want: ^2.1.2
994 silly placeDep ROOT decode-uri-component@0.2.0 OK for: source-map-resolve@0.5.3 want: ^0.2.0
995 silly placeDep ROOT resolve-url@0.2.1 OK for: source-map-resolve@0.5.3 want: ^0.2.1
996 silly placeDep ROOT source-map-url@0.4.1 OK for: source-map-resolve@0.5.3 want: ^0.4.0
997 silly placeDep ROOT urix@0.1.0 OK for: source-map-resolve@0.5.3 want: ^0.1.0
998 timing idealTree:node_modules/source-map-resolve Completed in 5ms
999 timing idealTree:node_modules/atob Completed in 0ms
1000 timing idealTree:node_modules/decode-uri-component Completed in 0ms
1001 timing idealTree:node_modules/resolve-url Completed in 0ms
1002 timing idealTree:node_modules/source-map-url Completed in 0ms
1003 silly placeDep ROOT @sourcebin/linguist@0.0.3 OK for: sourcebin@4.3.5 want: latest
1004 timing idealTree:node_modules/sourcebin Completed in 2ms
1005 timing idealTree:node_modules/@sourcebin/linguist Completed in 0ms
1006 timing idealTree:node_modules/split-string Completed in 0ms
1007 silly placeDep node_modules/stack-utils escape-string-regexp@2.0.0 OK for: stack-utils@2.0.5 want: ^2.0.0
1008 timing idealTree:node_modules/stack-utils Completed in 1ms
1009 silly placeDep node_modules/static-extend define-property@0.2.5 OK for: static-extend@0.1.2 want: ^0.2.5
1010 silly placeDep ROOT object-copy@0.1.0 OK for: static-extend@0.1.2 want: ^0.1.0
1011 silly fetch manifest copy-descriptor@^0.1.0
1012 silly fetch manifest kind-of@^3.0.3
1013 http fetch GET 200 https://registry.npmjs.org/copy-descriptor 38ms (cache revalidated)
1014 timing idealTree:node_modules/static-extend Completed in 43ms
1015 silly placeDep ROOT copy-descriptor@0.1.1 OK for: object-copy@0.1.0 want: ^0.1.0
1016 silly placeDep node_modules/object-copy define-property@0.2.5 OK for: object-copy@0.1.0 want: ^0.2.5
1017 silly placeDep node_modules/object-copy kind-of@3.2.2 OK for: object-copy@0.1.0 want: ^3.0.3
1018 timing idealTree:node_modules/object-copy Completed in 3ms
1019 timing idealTree:node_modules/copy-descriptor Completed in 0ms
1020 timing idealTree:node_modules/supports-preserve-symlinks-flag Completed in 0ms
1021 timing idealTree:node_modules/symbol-observable Completed in 0ms
1022 timing idealTree:node_modules/through Completed in 0ms
1023 timing idealTree:node_modules/tmp Completed in 0ms
1024 silly placeDep node_modules/to-object-path kind-of@3.2.2 OK for: to-object-path@0.3.0 want: ^3.0.2
1025 timing idealTree:node_modules/to-object-path Completed in 1ms
1026 timing idealTree:node_modules/to-regex Completed in 0ms
1027 timing idealTree:node_modules/to-regex-range Completed in 0ms
1028 timing idealTree:node_modules/toidentifier Completed in 0ms
1029 timing idealTree:node_modules/txtgen Completed in 0ms
1030 silly placeDep ROOT media-typer@0.3.0 OK for: type-is@1.6.18 want: 0.3.0
1031 timing idealTree:node_modules/type-is Completed in 1ms
1032 timing idealTree:node_modules/media-typer Completed in 0ms
1033 timing idealTree:node_modules/ultrax Completed in 0ms
1034 timing idealTree:node_modules/unc-path-regex Completed in 0ms
1035 silly placeDep node_modules/union-value is-extendable@0.1.1 OK for: union-value@1.0.1 want: ^0.1.1
1036 timing idealTree:node_modules/union-value Completed in 1ms
1037 timing idealTree:node_modules/uniq Completed in 0ms
1038 silly placeDep node_modules/unset-value has-value@0.3.1 OK for: unset-value@1.0.0 want: ^0.3.1
1039 silly fetch manifest has-values@^0.1.4
1040 silly fetch manifest isobject@^2.0.0
1041 timing idealTree:node_modules/unset-value Completed in 3ms
1042 timing idealTree:node_modules/urix Completed in 0ms
1043 timing idealTree:node_modules/use Completed in 0ms
1044 timing idealTree:node_modules/weky Completed in 0ms
1045 silly placeDep ROOT buffer-crc32@0.2.13 OK for: yauzl@2.10.0 want: ~0.2.3
1046 silly placeDep ROOT fd-slicer@1.1.0 OK for: yauzl@2.10.0 want: ~1.1.0
1047 silly fetch manifest pend@~1.2.0
1048 http fetch GET 200 https://registry.npmjs.org/pend 32ms (cache revalidated)
1049 timing idealTree:node_modules/yauzl Completed in 35ms
1050 timing idealTree:node_modules/buffer-crc32 Completed in 0ms
1051 silly placeDep ROOT pend@1.2.0 OK for: fd-slicer@1.1.0 want: ~1.2.0
1052 timing idealTree:node_modules/fd-slicer Completed in 1ms
1053 timing idealTree:node_modules/pend Completed in 0ms
1054 timing idealTree:node_modules/yazl Completed in 0ms
1055 timing idealTree:node_modules/youtube-sr Completed in 1ms
1056 timing idealTree:node_modules/base/node_modules/define-property Completed in 0ms
1057 silly placeDep node_modules/body-parser ms@2.0.0 OK for: debug@2.6.9 want: 2.0.0
1058 timing idealTree:node_modules/body-parser/node_modules/debug Completed in 0ms
1059 timing idealTree:node_modules/body-parser/node_modules/ms Completed in 0ms
1060 silly placeDep node_modules/braces is-extendable@0.1.1 OK for: extend-shallow@2.0.1 want: ^0.1.0
1061 timing idealTree:node_modules/braces/node_modules/extend-shallow Completed in 1ms
1062 timing idealTree:node_modules/braces/node_modules/is-extendable Completed in 0ms
1063 silly placeDep node_modules/class-utils is-descriptor@0.1.6 OK for: define-property@0.2.5 want: ^0.1.0
1064 silly fetch manifest is-accessor-descriptor@^0.1.6
1065 silly fetch manifest is-data-descriptor@^0.1.4
1066 silly fetch manifest kind-of@^5.0.0
1067 timing idealTree:node_modules/class-utils/node_modules/define-property Completed in 7ms
1068 silly placeDep node_modules/class-utils is-accessor-descriptor@0.1.6 OK for: is-descriptor@0.1.6 want: ^0.1.6
1069 silly placeDep node_modules/class-utils is-data-descriptor@0.1.4 OK for: is-descriptor@0.1.6 want: ^0.1.4
1070 silly placeDep node_modules/class-utils kind-of@5.1.0 OK for: is-descriptor@0.1.6 want: ^5.0.0
1071 timing idealTree:node_modules/class-utils/node_modules/is-descriptor Completed in 2ms
1072 silly placeDep node_modules/class-utils/node_modules/is-accessor-descriptor kind-of@3.2.2 OK for: is-accessor-descriptor@0.1.6 want: ^3.0.2
1073 timing idealTree:node_modules/class-utils/node_modules/is-accessor-descriptor Completed in 1ms
1074 silly placeDep node_modules/class-utils/node_modules/is-data-descriptor kind-of@3.2.2 OK for: is-data-descriptor@0.1.4 want: ^3.0.2
1075 timing idealTree:node_modules/class-utils/node_modules/is-data-descriptor Completed in 1ms
1076 timing idealTree:node_modules/class-utils/node_modules/kind-of Completed in 0ms
1077 timing idealTree:node_modules/content-disposition/node_modules/safe-buffer Completed in 0ms
1078 silly placeDep node_modules/expand-brackets ms@2.0.0 OK for: debug@2.6.9 want: 2.0.0
1079 timing idealTree:node_modules/expand-brackets/node_modules/debug Completed in 1ms
1080 silly placeDep node_modules/expand-brackets is-descriptor@0.1.6 OK for: define-property@0.2.5 want: ^0.1.0
1081 timing idealTree:node_modules/expand-brackets/node_modules/define-property Completed in 1ms
1082 silly placeDep node_modules/expand-brackets is-extendable@0.1.1 OK for: extend-shallow@2.0.1 want: ^0.1.0
1083 timing idealTree:node_modules/expand-brackets/node_modules/extend-shallow Completed in 0ms
1084 silly placeDep node_modules/expand-brackets is-accessor-descriptor@0.1.6 OK for: is-descriptor@0.1.6 want: ^0.1.6
1085 silly placeDep node_modules/expand-brackets is-data-descriptor@0.1.4 OK for: is-descriptor@0.1.6 want: ^0.1.4
1086 silly placeDep node_modules/expand-brackets kind-of@5.1.0 OK for: is-descriptor@0.1.6 want: ^5.0.0
1087 timing idealTree:node_modules/expand-brackets/node_modules/is-descriptor Completed in 1ms
1088 silly placeDep node_modules/expand-brackets/node_modules/is-accessor-descriptor kind-of@3.2.2 OK for: is-accessor-descriptor@0.1.6 want: ^3.0.2
1089 timing idealTree:node_modules/expand-brackets/node_modules/is-accessor-descriptor Completed in 2ms
1090 silly placeDep node_modules/expand-brackets/node_modules/is-data-descriptor kind-of@3.2.2 OK for: is-data-descriptor@0.1.4 want: ^3.0.2
1091 timing idealTree:node_modules/expand-brackets/node_modules/is-data-descriptor Completed in 2ms
1092 timing idealTree:node_modules/expand-brackets/node_modules/is-extendable Completed in 0ms
1093 timing idealTree:node_modules/expand-brackets/node_modules/kind-of Completed in 0ms
1094 timing idealTree:node_modules/expand-brackets/node_modules/ms Completed in 0ms
1095 timing idealTree:node_modules/express/node_modules/safe-buffer Completed in 0ms
1096 timing idealTree:node_modules/extglob/node_modules/define-property Completed in 0ms
1097 silly placeDep node_modules/extglob is-extendable@0.1.1 OK for: extend-shallow@2.0.1 want: ^0.1.0
1098 timing idealTree:node_modules/extglob/node_modules/extend-shallow Completed in 1ms
1099 timing idealTree:node_modules/extglob/node_modules/is-extendable Completed in 0ms
1100 silly placeDep node_modules/fast-glob/node_modules/glob-parent is-glob@3.1.0 OK for: glob-parent@3.1.0 want: ^3.1.0
1101 silly placeDep ROOT path-dirname@1.0.2 OK for: glob-parent@3.1.0 want: ^1.0.0
1102 timing idealTree:node_modules/fast-glob/node_modules/glob-parent Completed in 2ms
1103 timing idealTree:node_modules/path-dirname Completed in 0ms
1104 timing idealTree:node_modules/figures/node_modules/escape-string-regexp Completed in 0ms
1105 silly placeDep node_modules/fill-range is-extendable@0.1.1 OK for: extend-shallow@2.0.1 want: ^0.1.0
1106 timing idealTree:node_modules/fill-range/node_modules/extend-shallow Completed in 0ms
1107 timing idealTree:node_modules/fill-range/node_modules/is-extendable Completed in 0ms
1108 timing idealTree:node_modules/findup-sync/node_modules/is-glob Completed in 0ms
1109 timing idealTree:node_modules/global-prefix/node_modules/which Completed in 0ms
1110 timing idealTree:node_modules/globby/node_modules/ignore Completed in 0ms
1111 silly placeDep node_modules/go-cli ansi-styles@3.2.1 OK for: chalk@2.3.1 want: ^3.2.0
1112 silly placeDep node_modules/go-cli escape-string-regexp@1.0.5 OK for: chalk@2.3.1 want: ^1.0.5
1113 silly placeDep node_modules/go-cli supports-color@5.5.0 OK for: chalk@2.3.1 want: ^5.2.0
1114 silly fetch manifest color-convert@^1.9.0
1115 silly fetch manifest has-flag@^3.0.0
1116 http fetch GET 200 https://registry.npmjs.org/color-convert 34ms (cache revalidated)
1117 http fetch GET 200 https://registry.npmjs.org/has-flag 36ms (cache revalidated)
1118 timing idealTree:node_modules/go-cli/node_modules/chalk Completed in 39ms
1119 silly placeDep node_modules/go-cli color-convert@1.9.3 OK for: ansi-styles@3.2.1 want: ^1.9.0
1120 silly fetch manifest color-name@1.1.3
1121 http fetch GET 200 https://registry.npmjs.org/color-name 36ms (cache revalidated)
1122 timing idealTree:node_modules/go-cli/node_modules/ansi-styles Completed in 38ms
1123 silly placeDep node_modules/go-cli color-name@1.1.3 OK for: color-convert@1.9.3 want: 1.1.3
1124 timing idealTree:node_modules/go-cli/node_modules/color-convert Completed in 1ms
1125 timing idealTree:node_modules/go-cli/node_modules/color-name Completed in 0ms
1126 timing idealTree:node_modules/go-cli/node_modules/escape-string-regexp Completed in 0ms
1127 timing idealTree:node_modules/go-cli/node_modules/minimist Completed in 0ms
1128 silly placeDep node_modules/go-cli has-flag@3.0.0 OK for: supports-color@5.5.0 want: ^3.0.0
1129 timing idealTree:node_modules/go-cli/node_modules/supports-color Completed in 1ms
1130 timing idealTree:node_modules/go-cli/node_modules/has-flag Completed in 0ms
1131 timing idealTree:node_modules/go-cli/node_modules/which Completed in 0ms
1132 timing idealTree:node_modules/go-loader-gist/node_modules/minimist Completed in 0ms
1133 timing idealTree:node_modules/go-loader-git/node_modules/minimist Completed in 0ms
1134 timing idealTree:node_modules/go-loader-git/node_modules/rimraf Completed in 0ms
1135 silly placeDep node_modules/go-loader-github rimraf@2.6.2 OK for: go-loader-git@3.0.2 want: 2.6.2
1136 timing idealTree:node_modules/go-loader-github/node_modules/go-loader-git Completed in 1ms
1137 timing idealTree:node_modules/go-loader-github/node_modules/minimist Completed in 0ms
1138 timing idealTree:node_modules/go-loader-github/node_modules/rimraf Completed in 0ms
1139 timing idealTree:node_modules/go-plugin-cli/node_modules/minimist Completed in 0ms
1140 timing idealTree:node_modules/go-plugin-templates/node_modules/ejs Completed in 0ms
1141 silly placeDep ROOT is-buffer@1.1.6 OK for: kind-of@4.0.0 want: ^1.1.5
1142 timing idealTree:node_modules/has-values/node_modules/kind-of Completed in 1ms
1143 timing idealTree:node_modules/is-buffer Completed in 0ms
1144 silly placeDep node_modules/inquirer-autocomplete-prompt ansi-styles@3.2.1 OK for: chalk@2.4.2 want: ^3.2.1
1145 silly placeDep node_modules/inquirer-autocomplete-prompt escape-string-regexp@1.0.5 OK for: chalk@2.4.2 want: ^1.0.5
1146 silly placeDep node_modules/inquirer-autocomplete-prompt supports-color@5.5.0 OK for: chalk@2.4.2 want: ^5.3.0
1147 timing idealTree:node_modules/inquirer-autocomplete-prompt/node_modules/chalk Completed in 1ms
1148 silly placeDep node_modules/inquirer-autocomplete-prompt color-convert@1.9.3 OK for: ansi-styles@3.2.1 want: ^1.9.0
1149 timing idealTree:node_modules/inquirer-autocomplete-prompt/node_modules/ansi-styles Completed in 1ms
1150 silly placeDep node_modules/inquirer-autocomplete-prompt color-name@1.1.3 OK for: color-convert@1.9.3 want: 1.1.3
1151 timing idealTree:node_modules/inquirer-autocomplete-prompt/node_modules/color-convert Completed in 3ms
1152 timing idealTree:node_modules/inquirer-autocomplete-prompt/node_modules/color-name Completed in 0ms
1153 timing idealTree:node_modules/inquirer-autocomplete-prompt/node_modules/escape-string-regexp Completed in 0ms
1154 silly placeDep node_modules/inquirer-autocomplete-prompt/node_modules/inquirer ansi-escapes@2.0.0 OK for: inquirer@3.2.0 want: ^2.0.0
1155 silly placeDep ROOT rx-lite@4.0.8 OK for: inquirer@3.2.0 want: ^4.0.8
1156 silly placeDep ROOT rx-lite-aggregates@4.0.8 OK for: inquirer@3.2.0 want: ^4.0.8
1157 silly placeDep node_modules/inquirer-autocomplete-prompt string-width@2.1.1 OK for: inquirer@3.2.0 want: ^2.1.0
1158 silly placeDep node_modules/inquirer-autocomplete-prompt strip-ansi@4.0.0 OK for: inquirer@3.2.0 want: ^4.0.0
1159 timing idealTree:node_modules/inquirer-autocomplete-prompt/node_modules/inquirer Completed in 5ms
1160 timing idealTree:node_modules/rx-lite Completed in 0ms
1161 timing idealTree:node_modules/rx-lite-aggregates Completed in 0ms
1162 silly placeDep node_modules/inquirer-autocomplete-prompt is-fullwidth-code-point@2.0.0 OK for: string-width@2.1.1 want: ^2.0.0
1163 timing idealTree:node_modules/inquirer-autocomplete-prompt/node_modules/string-width Completed in 1ms
1164 timing idealTree:node_modules/inquirer-autocomplete-prompt/node_modules/is-fullwidth-code-point Completed in 0ms
1165 silly placeDep node_modules/inquirer-autocomplete-prompt ansi-regex@3.0.0 OK for: strip-ansi@4.0.0 want: ^3.0.0
1166 timing idealTree:node_modules/inquirer-autocomplete-prompt/node_modules/strip-ansi Completed in 0ms
1167 timing idealTree:node_modules/inquirer-autocomplete-prompt/node_modules/ansi-regex Completed in 0ms
1168 silly placeDep node_modules/inquirer-autocomplete-prompt has-flag@3.0.0 OK for: supports-color@5.5.0 want: ^3.0.0
1169 timing idealTree:node_modules/inquirer-autocomplete-prompt/node_modules/supports-color Completed in 3ms
1170 timing idealTree:node_modules/inquirer-autocomplete-prompt/node_modules/has-flag Completed in 0ms
1171 silly placeDep node_modules/inquirer ansi-styles@3.2.1 OK for: chalk@2.4.2 want: ^3.2.1
1172 silly placeDep node_modules/inquirer escape-string-regexp@1.0.5 OK for: chalk@2.4.2 want: ^1.0.5
1173 silly placeDep node_modules/inquirer supports-color@5.5.0 OK for: chalk@2.4.2 want: ^5.3.0
1174 timing idealTree:node_modules/inquirer/node_modules/chalk Completed in 2ms
1175 silly placeDep node_modules/inquirer color-convert@1.9.3 OK for: ansi-styles@3.2.1 want: ^1.9.0
1176 timing idealTree:node_modules/inquirer/node_modules/ansi-styles Completed in 1ms
1177 silly placeDep node_modules/inquirer color-name@1.1.3 OK for: color-convert@1.9.3 want: 1.1.3
1178 timing idealTree:node_modules/inquirer/node_modules/color-convert Completed in 0ms
1179 timing idealTree:node_modules/inquirer/node_modules/color-name Completed in 0ms
1180 timing idealTree:node_modules/inquirer/node_modules/escape-string-regexp Completed in 0ms
1181 silly placeDep node_modules/inquirer is-fullwidth-code-point@2.0.0 OK for: string-width@2.1.1 want: ^2.0.0
1182 timing idealTree:node_modules/inquirer/node_modules/string-width Completed in 1ms
1183 timing idealTree:node_modules/inquirer/node_modules/is-fullwidth-code-point Completed in 0ms
1184 silly placeDep node_modules/inquirer ansi-regex@3.0.0 OK for: strip-ansi@4.0.0 want: ^3.0.0
1185 timing idealTree:node_modules/inquirer/node_modules/strip-ansi Completed in 1ms
1186 timing idealTree:node_modules/inquirer/node_modules/ansi-regex Completed in 0ms
1187 silly placeDep node_modules/inquirer has-flag@3.0.0 OK for: supports-color@5.5.0 want: ^3.0.0
1188 timing idealTree:node_modules/inquirer/node_modules/supports-color Completed in 1ms
1189 timing idealTree:node_modules/inquirer/node_modules/has-flag Completed in 0ms
1190 timing idealTree:node_modules/is-number/node_modules/kind-of Completed in 0ms
1191 silly placeDep node_modules/node-fetch tr46@0.0.3 OK for: whatwg-url@5.0.0 want: ~0.0.3
1192 silly placeDep node_modules/node-fetch webidl-conversions@3.0.1 OK for: whatwg-url@5.0.0 want: ^3.0.0
1193 timing idealTree:node_modules/node-fetch/node_modules/whatwg-url Completed in 1ms
1194 timing idealTree:node_modules/node-fetch/node_modules/tr46 Completed in 0ms
1195 timing idealTree:node_modules/node-fetch/node_modules/webidl-conversions Completed in 0ms
1196 silly placeDep node_modules/object-copy is-descriptor@0.1.6 OK for: define-property@0.2.5 want: ^0.1.0
1197 timing idealTree:node_modules/object-copy/node_modules/define-property Completed in 1ms
1198 silly placeDep node_modules/object-copy is-accessor-descriptor@0.1.6 OK for: is-descriptor@0.1.6 want: ^0.1.6
1199 silly placeDep node_modules/object-copy is-data-descriptor@0.1.4 OK for: is-descriptor@0.1.6 want: ^0.1.4
1200 silly placeDep node_modules/object-copy/node_modules/is-descriptor kind-of@5.1.0 OK for: is-descriptor@0.1.6 want: ^5.0.0
1201 timing idealTree:node_modules/object-copy/node_modules/is-descriptor Completed in 2ms
1202 timing idealTree:node_modules/object-copy/node_modules/is-accessor-descriptor Completed in 0ms
1203 timing idealTree:node_modules/object-copy/node_modules/is-data-descriptor Completed in 0ms
1204 timing idealTree:node_modules/object-copy/node_modules/kind-of Completed in 0ms
1205 silly placeDep node_modules/playwright-core ms@2.1.2 OK for: debug@4.3.3 want: 2.1.2
1206 timing idealTree:node_modules/playwright-core/node_modules/debug Completed in 0ms
1207 timing idealTree:node_modules/playwright-core/node_modules/mime Completed in 0ms
1208 timing idealTree:node_modules/playwright-core/node_modules/ms Completed in 0ms
1209 timing idealTree:node_modules/playwright-core/node_modules/ws Completed in 0ms
1210 silly placeDep node_modules/send/node_modules/debug ms@2.0.0 OK for: debug@2.6.9 want: 2.0.0
1211 timing idealTree:node_modules/send/node_modules/debug Completed in 1ms
1212 timing idealTree:node_modules/set-value/node_modules/extend-shallow Completed in 0ms
1213 timing idealTree:node_modules/set-value/node_modules/is-extendable Completed in 0ms
1214 timing idealTree:node_modules/snapdragon-node/node_modules/define-property Completed in 0ms
1215 timing idealTree:node_modules/snapdragon-util/node_modules/kind-of Completed in 0ms
1216 silly placeDep node_modules/snapdragon ms@2.0.0 OK for: debug@2.6.9 want: 2.0.0
1217 timing idealTree:node_modules/snapdragon/node_modules/debug Completed in 2ms
1218 silly placeDep node_modules/snapdragon is-descriptor@0.1.6 OK for: define-property@0.2.5 want: ^0.1.0
1219 timing idealTree:node_modules/snapdragon/node_modules/define-property Completed in 1ms
1220 silly placeDep node_modules/snapdragon is-extendable@0.1.1 OK for: extend-shallow@2.0.1 want: ^0.1.0
1221 timing idealTree:node_modules/snapdragon/node_modules/extend-shallow Completed in 1ms
1222 silly placeDep node_modules/snapdragon is-accessor-descriptor@0.1.6 OK for: is-descriptor@0.1.6 want: ^0.1.6
1223 silly placeDep node_modules/snapdragon is-data-descriptor@0.1.4 OK for: is-descriptor@0.1.6 want: ^0.1.4
1224 silly placeDep node_modules/snapdragon kind-of@5.1.0 OK for: is-descriptor@0.1.6 want: ^5.0.0
1225 timing idealTree:node_modules/snapdragon/node_modules/is-descriptor Completed in 2ms
1226 silly placeDep node_modules/snapdragon/node_modules/is-accessor-descriptor kind-of@3.2.2 OK for: is-accessor-descriptor@0.1.6 want: ^3.0.2
1227 timing idealTree:node_modules/snapdragon/node_modules/is-accessor-descriptor Completed in 0ms
1228 silly placeDep node_modules/snapdragon/node_modules/is-data-descriptor kind-of@3.2.2 OK for: is-data-descriptor@0.1.4 want: ^3.0.2
1229 timing idealTree:node_modules/snapdragon/node_modules/is-data-descriptor Completed in 1ms
1230 timing idealTree:node_modules/snapdragon/node_modules/is-extendable Completed in 0ms
1231 timing idealTree:node_modules/snapdragon/node_modules/kind-of Completed in 0ms
1232 timing idealTree:node_modules/snapdragon/node_modules/ms Completed in 0ms
1233 timing idealTree:node_modules/snapdragon/node_modules/source-map Completed in 0ms
1234 timing idealTree:node_modules/stack-utils/node_modules/escape-string-regexp Completed in 0ms
1235 silly placeDep node_modules/static-extend is-descriptor@0.1.6 OK for: define-property@0.2.5 want: ^0.1.0
1236 timing idealTree:node_modules/static-extend/node_modules/define-property Completed in 1ms
1237 silly placeDep node_modules/static-extend is-accessor-descriptor@0.1.6 OK for: is-descriptor@0.1.6 want: ^0.1.6
1238 silly placeDep node_modules/static-extend is-data-descriptor@0.1.4 OK for: is-descriptor@0.1.6 want: ^0.1.4
1239 silly placeDep node_modules/static-extend kind-of@5.1.0 OK for: is-descriptor@0.1.6 want: ^5.0.0
1240 timing idealTree:node_modules/static-extend/node_modules/is-descriptor Completed in 1ms
1241 silly placeDep node_modules/static-extend/node_modules/is-accessor-descriptor kind-of@3.2.2 OK for: is-accessor-descriptor@0.1.6 want: ^3.0.2
1242 timing idealTree:node_modules/static-extend/node_modules/is-accessor-descriptor Completed in 1ms
1243 silly placeDep node_modules/static-extend/node_modules/is-data-descriptor kind-of@3.2.2 OK for: is-data-descriptor@0.1.4 want: ^3.0.2
1244 timing idealTree:node_modules/static-extend/node_modules/is-data-descriptor Completed in 1ms
1245 timing idealTree:node_modules/static-extend/node_modules/kind-of Completed in 0ms
1246 timing idealTree:node_modules/to-object-path/node_modules/kind-of Completed in 0ms
1247 timing idealTree:node_modules/union-value/node_modules/is-extendable Completed in 0ms
1248 silly placeDep node_modules/unset-value has-values@0.1.4 OK for: has-value@0.3.1 want: ^0.1.4
1249 silly placeDep node_modules/unset-value/node_modules/has-value isobject@2.1.0 OK for: has-value@0.3.1 want: ^2.0.0
1250 timing idealTree:node_modules/unset-value/node_modules/has-value Completed in 1ms
1251 timing idealTree:node_modules/unset-value/node_modules/has-values Completed in 0ms
1252 timing idealTree:node_modules/class-utils/node_modules/is-accessor-descriptor/node_modules/kind-of Completed in 0ms
1253 timing idealTree:node_modules/class-utils/node_modules/is-data-descriptor/node_modules/kind-of Completed in 0ms
1254 timing idealTree:node_modules/expand-brackets/node_modules/is-accessor-descriptor/node_modules/kind-of Completed in 0ms
1255 timing idealTree:node_modules/expand-brackets/node_modules/is-data-descriptor/node_modules/kind-of Completed in 0ms
1256 timing idealTree:node_modules/fast-glob/node_modules/glob-parent/node_modules/is-glob Completed in 0ms
1257 timing idealTree:node_modules/inquirer-autocomplete-prompt/node_modules/inquirer/node_modules/ansi-escapes Completed in 0ms
1258 timing idealTree:node_modules/object-copy/node_modules/is-descriptor/node_modules/kind-of Completed in 0ms
1259 timing idealTree:node_modules/send/node_modules/debug/node_modules/ms Completed in 0ms
1260 timing idealTree:node_modules/snapdragon/node_modules/is-accessor-descriptor/node_modules/kind-of Completed in 0ms
1261 timing idealTree:node_modules/snapdragon/node_modules/is-data-descriptor/node_modules/kind-of Completed in 0ms
1262 timing idealTree:node_modules/static-extend/node_modules/is-accessor-descriptor/node_modules/kind-of Completed in 0ms
1263 timing idealTree:node_modules/static-extend/node_modules/is-data-descriptor/node_modules/kind-of Completed in 0ms
1264 timing idealTree:node_modules/unset-value/node_modules/has-value/node_modules/isobject Completed in 0ms
1265 timing idealTree:buildDeps Completed in 21877ms
1266 timing idealTree:fixDepFlags Completed in 21ms
1267 timing idealTree Completed in 22491ms
1268 timing command:install Completed in 22502ms
1269 verbose stack HttpErrorGeneral: 404 Not Found - GET https://registry.npmjs.org/discord.xp - Not found
1269 verbose stack     at /usr/local/lib/node_modules/npm/node_modules/npm-registry-fetch/check-response.js:95:15
1269 verbose stack     at processTicksAndRejections (node:internal/process/task_queues:96:5)
1269 verbose stack     at async Arborist.[nodeFromEdge] (/usr/local/lib/node_modules/npm/node_modules/@npmcli/arborist/lib/arborist/build-ideal-tree.js:1061:19)
1269 verbose stack     at async Arborist.[buildDepStep] (/usr/local/lib/node_modules/npm/node_modules/@npmcli/arborist/lib/arborist/build-ideal-tree.js:930:11)
1269 verbose stack     at async Arborist.buildIdealTree (/usr/local/lib/node_modules/npm/node_modules/@npmcli/arborist/lib/arborist/build-ideal-tree.js:216:7)
1269 verbose stack     at async Promise.all (index 1)
1269 verbose stack     at async Arborist.reify (/usr/local/lib/node_modules/npm/node_modules/@npmcli/arborist/lib/arborist/reify.js:149:5)
1269 verbose stack     at async Install.install (/usr/local/lib/node_modules/npm/lib/install.js:170:5)
1270 verbose statusCode 404
1271 verbose pkgid discord.xp@*
1272 verbose cwd /home/container
1273 verbose Linux 5.4.0-100-generic
1274 verbose argv "/usr/local/bin/node" "/usr/local/bin/npm" "install" "discord.js" "discord.xp" "axios" "canvacord" "canvas" "didyoumean2" "dotenv" "express" "figlet" "fs" "get-some-cool-emojis" "googlethis" "go" "moment" "mongoos" "ms" "node" "node-fetch" "password-generator" "pretty-ms" "quick.db" "random-jokes-api" "random-words" "reconlx" "request" "serp" "similarity" "txtgen" "ultrax" "weky" "youtube-sr"
1275 verbose node v16.13.1
1276 verbose npm  v8.1.2
1277 error code E404
1278 error 404 Not Found - GET https://registry.npmjs.org/discord.xp - Not found
1279 error 404
1280 error 404 'discord.xp@*' is not in this registry.
1281 error 404 You should bug the author to publish it (or use the name yourself!)
1282 error 404 Note that you can also install from a
1283 error 404 tarball, folder, http url, or git url.
1284 verbose exit 1
