0 verbose cli [
0 verbose cli   '/usr/local/bin/node', '/usr/local/bin/npm',
0 verbose cli   'install',             'discord.js',
0 verbose cli   'discord.xp',          'axios',
0 verbose cli   'canvacord',           'canvas',
0 verbose cli   'didyoumean2',         'dotenv',
0 verbose cli   'express',             'figlet',
0 verbose cli   'fs',                  'get-some-cool-emojis',
0 verbose cli   'googlethis',          'go',
0 verbose cli   'moment',              'mongoos',
0 verbose cli   'ms',                  'node',
0 verbose cli   'node-fetch',          'password-generator',
0 verbose cli   'pretty-ms',           'quick.db',
0 verbose cli   'random-jokes-api',    'random-words',
0 verbose cli   'reconlx',             'request',
0 verbose cli   'serp',                'similarity',
0 verbose cli   'txtgen',              'ultrax',
0 verbose cli   'weky',                'youtube-sr'
0 verbose cli ]
1 info using npm@8.3.0
2 info using node@v17.3.1
3 timing npm:load:whichnode Completed in 0ms
4 timing config:load:defaults Completed in 2ms
5 timing config:load:file:/usr/local/lib/node_modules/npm/npmrc Completed in 1ms
6 timing config:load:builtin Completed in 1ms
7 timing config:load:cli Completed in 2ms
8 timing config:load:env Completed in 0ms
9 timing config:load:project Completed in 1ms
10 timing config:load:file:/home/container/.npmrc Completed in 1ms
11 timing config:load:user Completed in 1ms
12 timing config:load:file:/usr/local/etc/npmrc Completed in 1ms
13 timing config:load:global Completed in 1ms
14 timing config:load:validate Completed in 1ms
15 timing config:load:credentials Completed in 1ms
16 timing config:load:setEnvs Completed in 0ms
17 timing config:load Completed in 10ms
18 timing npm:load:configload Completed in 11ms
19 timing npm:load:setTitle Completed in 1ms
20 timing config:load:flatten Completed in 2ms
21 timing npm:load:display Completed in 4ms
22 verbose logfile /home/container/.npm/_logs/2022-03-06T06_13_38_155Z-debug-0.log
23 timing npm:load:logFile Completed in 4ms
24 timing npm:load:timers Completed in 0ms
25 timing npm:load:configScope Completed in 0ms
26 timing npm:load Completed in 20ms
27 timing arborist:ctor Completed in 0ms
28 silly logfile start cleaning logs, removing 2 files
29 timing idealTree:init Completed in 653ms
30 timing idealTree:userRequests Completed in 4ms
31 silly idealTree buildDeps
32 silly fetch manifest axios@^0.21.1
33 timing arborist:ctor Completed in 0ms
34 http fetch GET 200 https://registry.npmjs.org/axios 524ms (cache hit)
35 silly fetch manifest canvacord@^5.2.3
36 http fetch GET 200 https://registry.npmjs.org/canvacord 5ms (cache hit)
37 silly fetch manifest canvas@^2.8.0
38 http fetch GET 200 https://registry.npmjs.org/canvas 4ms (cache hit)
39 silly fetch manifest didyoumean2@^5.0.0
40 http fetch GET 200 https://registry.npmjs.org/didyoumean2 3ms (cache hit)
41 silly fetch manifest discord.js@^13.6.0
42 http fetch GET 200 https://registry.npmjs.org/discord.js 6ms (cache hit)
43 silly fetch manifest dotenv@^10.0.0
44 http fetch GET 200 https://registry.npmjs.org/dotenv 5ms (cache hit)
45 silly fetch manifest express@^4.17.1
46 http fetch GET 200 https://registry.npmjs.org/express 5ms (cache hit)
47 silly fetch manifest figlet@^1.5.2
48 http fetch GET 200 https://registry.npmjs.org/figlet 4ms (cache hit)
49 silly fetch manifest fs@0.0.2
50 http fetch GET 200 https://registry.npmjs.org/fs 49ms (cache hit)
51 silly fetch manifest get-some-cool-emojis@^3.1.2
52 http fetch GET 200 https://registry.npmjs.org/get-some-cool-emojis 10ms (cache hit)
53 silly fetch manifest googlethis@^1.2.7
54 http fetch GET 200 https://registry.npmjs.org/googlethis 85ms (cache hit)
55 silly fetch manifest moment@^2.29.1
56 http fetch GET 200 https://registry.npmjs.org/moment 3ms (cache hit)
57 silly fetch manifest ms@^2.1.3
58 http fetch GET 200 https://registry.npmjs.org/ms 3ms (cache hit)
59 silly fetch manifest node@^16.6.1
60 http fetch GET 200 https://registry.npmjs.org/node 3ms (cache hit)
61 silly fetch manifest node-fetch@^2.6.1
62 http fetch GET 200 https://registry.npmjs.org/node-fetch 3ms (cache hit)
63 silly fetch manifest encoding@^0.1.0
64 http fetch GET 200 https://registry.npmjs.org/encoding 3ms (cache hit)
65 silly fetch manifest password-generator@^2.3.2
66 http fetch GET 200 https://registry.npmjs.org/password-generator 2ms (cache hit)
67 silly fetch manifest pretty-ms@^7.0.1
68 http fetch GET 200 https://registry.npmjs.org/pretty-ms 3ms (cache hit)
69 silly fetch manifest quick.db@^7.1.3
70 http fetch GET 200 https://registry.npmjs.org/quick.db 4ms (cache hit)
71 silly fetch manifest random-jokes-api@^1.5.9
72 http fetch GET 200 https://registry.npmjs.org/random-jokes-api 2ms (cache hit)
73 silly fetch manifest random-words@^1.1.1
74 http fetch GET 200 https://registry.npmjs.org/random-words 3ms (cache hit)
75 silly fetch manifest reconlx@^2.0.1
76 http fetch GET 200 https://registry.npmjs.org/reconlx 49ms (cache hit)
77 silly fetch manifest request@^2.88.2
78 http fetch GET 200 https://registry.npmjs.org/request 4ms (cache hit)
79 silly fetch manifest serp@^2.1.0
80 http fetch GET 200 https://registry.npmjs.org/serp 3ms (cache hit)
81 silly fetch manifest similarity@^1.2.1
82 http fetch GET 200 https://registry.npmjs.org/similarity 3ms (cache hit)
83 silly fetch manifest txtgen@^2.2.8
84 http fetch GET 200 https://registry.npmjs.org/txtgen 5ms (cache hit)
85 silly fetch manifest ultrax@^1.7.16
86 http fetch GET 200 https://registry.npmjs.org/ultrax 3ms (cache hit)
87 silly fetch manifest weky@^3.1.8
88 http fetch GET 200 https://registry.npmjs.org/weky 3ms (cache hit)
89 silly fetch manifest youtube-sr@^4.1.7
90 http fetch GET 200 https://registry.npmjs.org/youtube-sr 3ms (cache hit)
91 silly fetch manifest discord.xp@*
92 http fetch GET 404 https://registry.npmjs.org/discord.xp 184ms (cache skip)
93 http fetch GET 404 https://registry.npmjs.org/discord.xp 33ms (cache skip)
94 silly fetch manifest go@*
95 http fetch GET 200 https://registry.npmjs.org/go 5ms (cache hit)
96 silly fetch manifest mongoos@*
97 http fetch GET 200 https://registry.npmjs.org/mongoos 3ms (cache hit)
98 silly placeDep ROOT axios@0.21.4 REPLACE for: purple@2.2.4 want: ^0.21.1
99 silly placeDep ROOT canvacord@5.2.3 REPLACE for: purple@2.2.4 want: ^5.2.3
100 silly placeDep ROOT canvas@2.9.0 REPLACE for: purple@2.2.4 want: ^2.8.0
101 silly placeDep ROOT didyoumean2@5.0.0 REPLACE for: purple@2.2.4 want: ^5.0.0
102 silly placeDep ROOT discord.js@13.6.0 REPLACE for: purple@2.2.4 want: ^13.6.0
103 silly placeDep ROOT discord.xp@ OK for: purple@2.2.4 want: *
104 silly placeDep ROOT dotenv@10.0.0 REPLACE for: purple@2.2.4 want: ^10.0.0
105 silly placeDep ROOT express@4.17.3 REPLACE for: purple@2.2.4 want: ^4.17.1
106 silly placeDep ROOT figlet@1.5.2 REPLACE for: purple@2.2.4 want: ^1.5.2
107 silly placeDep ROOT fs@0.0.2 REPLACE for: purple@2.2.4 want: 0.0.2
108 silly placeDep ROOT get-some-cool-emojis@3.1.2 REPLACE for: purple@2.2.4 want: ^3.1.2
109 silly placeDep ROOT go@3.0.1 OK for: purple@2.2.4 want: *
110 silly placeDep ROOT googlethis@1.2.7 REPLACE for: purple@2.2.4 want: ^1.2.7
111 silly placeDep ROOT moment@2.29.1 REPLACE for: purple@2.2.4 want: ^2.29.1
112 silly placeDep ROOT mongoos@ OK for: purple@2.2.4 want: *
113 silly placeDep ROOT ms@2.1.3 REPLACE for: purple@2.2.4 want: ^2.1.3
114 silly placeDep ROOT node@16.13.2 REPLACE for: purple@2.2.4 want: ^16.6.1
115 silly placeDep ROOT node-fetch@2.6.7 REPLACE for: purple@2.2.4 want: ^2.6.1
116 silly placeDep ROOT password-generator@2.3.2 REPLACE for: purple@2.2.4 want: ^2.3.2
117 silly placeDep ROOT pretty-ms@7.0.1 REPLACE for: purple@2.2.4 want: ^7.0.1
118 silly placeDep ROOT quick.db@7.1.3 REPLACE for: purple@2.2.4 want: ^7.1.3
119 silly placeDep ROOT random-jokes-api@1.5.9 REPLACE for: purple@2.2.4 want: ^1.5.9
120 silly placeDep ROOT random-words@1.1.2 REPLACE for: purple@2.2.4 want: ^1.1.1
121 silly placeDep ROOT reconlx@2.5.2 REPLACE for: purple@2.2.4 want: ^2.0.1
122 silly placeDep ROOT request@2.88.2 REPLACE for: purple@2.2.4 want: ^2.88.2
123 silly placeDep ROOT serp@2.2.1 REPLACE for: purple@2.2.4 want: ^2.1.0
124 silly placeDep ROOT similarity@1.2.1 REPLACE for: purple@2.2.4 want: ^1.2.1
125 silly placeDep ROOT txtgen@2.2.8 REPLACE for: purple@2.2.4 want: ^2.2.8
126 silly placeDep ROOT ultrax@1.9.9 REPLACE for: purple@2.2.4 want: ^1.7.16
127 silly placeDep ROOT weky@3.1.8 REPLACE for: purple@2.2.4 want: ^3.1.8
128 silly placeDep ROOT youtube-sr@4.1.15 REPLACE for: purple@2.2.4 want: ^4.1.7
129 silly fetch manifest accepts@~1.3.8
130 silly fetch manifest body-parser@1.19.2
131 silly fetch manifest content-disposition@0.5.4
132 silly fetch manifest content-type@~1.0.4
133 silly fetch manifest cookie@0.4.2
134 silly fetch manifest depd@~1.1.2
135 silly fetch manifest etag@~1.8.1
136 silly fetch manifest fresh@0.5.2
137 silly fetch manifest qs@6.9.7
138 silly fetch manifest range-parser@~1.2.1
139 silly fetch manifest safe-buffer@5.2.1
140 silly fetch manifest send@0.17.2
141 silly fetch manifest serve-static@1.14.2
142 silly fetch manifest setprototypeof@1.2.0
143 silly fetch manifest type-is@~1.6.18
144 silly fetch manifest go-cli@^1.0.0
145 silly fetch manifest go-plugin-cli@^2.0.0
146 silly fetch manifest go-plugin-fs@^1.0.2
147 silly fetch manifest go-plugin-quiz@^4.0.0
148 silly fetch manifest go-plugin-templates@^1.0.0
149 silly fetch manifest whatwg-url@^5.0.0
150 silly fetch manifest sourcebin@^4.2.5
151 silly fetch manifest playwright@^1.14.0
152 http fetch GET 200 https://registry.npmjs.org/body-parser 188ms (cache hit)
153 http fetch GET 200 https://registry.npmjs.org/content-disposition 190ms (cache hit)
154 http fetch GET 200 https://registry.npmjs.org/cookie 189ms (cache hit)
155 http fetch GET 200 https://registry.npmjs.org/depd 188ms (cache hit)
156 http fetch GET 200 https://registry.npmjs.org/content-type 191ms (cache hit)
157 http fetch GET 200 https://registry.npmjs.org/etag 190ms (cache hit)
158 http fetch GET 200 https://registry.npmjs.org/fresh 191ms (cache hit)
159 http fetch GET 200 https://registry.npmjs.org/qs 193ms (cache hit)
160 http fetch GET 200 https://registry.npmjs.org/range-parser 193ms (cache hit)
161 http fetch GET 200 https://registry.npmjs.org/setprototypeof 189ms (cache hit)
162 http fetch GET 200 https://registry.npmjs.org/safe-buffer 194ms (cache hit)
163 http fetch GET 200 https://registry.npmjs.org/send 192ms (cache hit)
164 http fetch GET 200 https://registry.npmjs.org/go-cli 190ms (cache hit)
165 http fetch GET 200 https://registry.npmjs.org/go-plugin-cli 190ms (cache hit)
166 http fetch GET 200 https://registry.npmjs.org/go-plugin-fs 189ms (cache hit)
167 http fetch GET 200 https://registry.npmjs.org/go-plugin-quiz 190ms (cache hit)
168 http fetch GET 200 https://registry.npmjs.org/go-plugin-templates 189ms (cache hit)
169 http fetch GET 200 https://registry.npmjs.org/whatwg-url 188ms (cache hit)
170 http fetch GET 200 https://registry.npmjs.org/sourcebin 189ms (cache hit)
171 http fetch GET 200 https://registry.npmjs.org/accepts 205ms (cache hit)
172 http fetch GET 200 https://registry.npmjs.org/serve-static 196ms (cache hit)
173 http fetch GET 200 https://registry.npmjs.org/type-is 196ms (cache hit)
174 http fetch GET 200 https://registry.npmjs.org/playwright 199ms (cache hit)
175 timing idealTree:#root Completed in 1490ms
176 timing idealTree:node_modules/axios Completed in 0ms
177 timing idealTree:node_modules/canvacord Completed in 0ms
178 timing idealTree:node_modules/canvas Completed in 0ms
179 timing idealTree:node_modules/didyoumean2 Completed in 0ms
180 timing idealTree:node_modules/discord.js Completed in 0ms
181 timing idealTree:node_modules/discord.xp Completed in 0ms
182 timing idealTree:node_modules/dotenv Completed in 0ms
183 silly placeDep ROOT accepts@1.3.8 REPLACE for: express@4.17.3 want: ~1.3.8
184 silly placeDep ROOT body-parser@1.19.2 OK for: express@4.17.3 want: 1.19.2
185 silly placeDep ROOT content-disposition@0.5.4 OK for: express@4.17.3 want: 0.5.4
186 silly placeDep ROOT content-type@1.0.4 OK for: express@4.17.3 want: ~1.0.4
187 silly placeDep ROOT cookie@0.4.2 OK for: express@4.17.3 want: 0.4.2
188 silly placeDep ROOT depd@1.1.2 OK for: express@4.17.3 want: ~1.1.2
189 silly placeDep ROOT etag@1.8.1 OK for: express@4.17.3 want: ~1.8.1
190 silly placeDep ROOT fresh@0.5.2 OK for: express@4.17.3 want: 0.5.2
191 silly placeDep ROOT qs@6.9.7 OK for: express@4.17.3 want: 6.9.7
192 silly placeDep ROOT range-parser@1.2.1 OK for: express@4.17.3 want: ~1.2.1
193 silly placeDep node_modules/express safe-buffer@5.2.1 OK for: express@4.17.3 want: 5.2.1
194 silly placeDep ROOT send@0.17.2 OK for: express@4.17.3 want: 0.17.2
195 silly placeDep ROOT serve-static@1.14.2 OK for: express@4.17.3 want: 1.14.2
196 silly placeDep ROOT setprototypeof@1.2.0 OK for: express@4.17.3 want: 1.2.0
197 silly placeDep ROOT type-is@1.6.18 OK for: express@4.17.3 want: ~1.6.18
198 silly fetch manifest mime-types@~2.1.34
199 silly fetch manifest negotiator@0.6.3
200 silly fetch manifest bytes@3.1.2
201 silly fetch manifest debug@2.6.9
202 silly fetch manifest http-errors@1.8.1
203 silly fetch manifest raw-body@2.4.3
204 silly fetch manifest destroy@~1.0.4
205 silly fetch manifest mime@1.6.0
206 silly fetch manifest media-typer@0.3.0
207 http fetch GET 200 https://registry.npmjs.org/debug 174ms (cache hit)
208 http fetch GET 200 https://registry.npmjs.org/bytes 175ms (cache hit)
209 http fetch GET 200 https://registry.npmjs.org/http-errors 174ms (cache hit)
210 http fetch GET 200 https://registry.npmjs.org/raw-body 174ms (cache hit)
211 http fetch GET 200 https://registry.npmjs.org/destroy 174ms (cache hit)
212 http fetch GET 200 https://registry.npmjs.org/negotiator 179ms (cache hit)
213 http fetch GET 200 https://registry.npmjs.org/mime-types 180ms (cache hit)
214 http fetch GET 200 https://registry.npmjs.org/media-typer 176ms (cache hit)
215 http fetch GET 200 https://registry.npmjs.org/mime 177ms (cache hit)
216 timing idealTree:node_modules/express Completed in 203ms
217 silly placeDep ROOT mime-types@2.1.34 REPLACE for: accepts@1.3.8 want: ~2.1.34
218 silly placeDep ROOT negotiator@0.6.3 OK for: accepts@1.3.8 want: 0.6.3
219 silly fetch manifest mime-db@1.51.0
220 http fetch GET 200 https://registry.npmjs.org/mime-db 4ms (cache hit)
221 timing idealTree:node_modules/accepts Completed in 8ms
222 silly placeDep ROOT bytes@3.1.2 OK for: body-parser@1.19.2 want: 3.1.2
223 silly placeDep node_modules/body-parser debug@2.6.9 OK for: body-parser@1.19.2 want: 2.6.9
224 silly placeDep ROOT http-errors@1.8.1 OK for: body-parser@1.19.2 want: 1.8.1
225 silly placeDep ROOT raw-body@2.4.3 OK for: body-parser@1.19.2 want: 2.4.3
226 silly fetch manifest ms@2.0.0
227 silly fetch manifest inherits@2.0.4
228 silly fetch manifest toidentifier@1.0.1
229 http fetch GET 200 https://registry.npmjs.org/inherits 9ms (cache hit)
230 http fetch GET 200 https://registry.npmjs.org/toidentifier 9ms (cache hit)
231 timing idealTree:node_modules/body-parser Completed in 15ms
232 timing idealTree:node_modules/bytes Completed in 0ms
233 silly placeDep node_modules/content-disposition safe-buffer@5.2.1 OK for: content-disposition@0.5.4 want: 5.2.1
234 timing idealTree:node_modules/content-disposition Completed in 1ms
235 timing idealTree:node_modules/content-type Completed in 0ms
236 timing idealTree:node_modules/cookie Completed in 0ms
237 timing idealTree:node_modules/depd Completed in 0ms
238 timing idealTree:node_modules/etag Completed in 0ms
239 timing idealTree:node_modules/figlet Completed in 0ms
240 timing idealTree:node_modules/fresh Completed in 0ms
241 timing idealTree:node_modules/fs Completed in 0ms
242 timing idealTree:node_modules/get-some-cool-emojis Completed in 0ms
243 silly placeDep ROOT go-cli@1.2.0 OK for: go@3.0.1 want: ^1.0.0
244 silly placeDep ROOT go-plugin-cli@2.0.0 OK for: go@3.0.1 want: ^2.0.0
245 silly placeDep ROOT go-plugin-fs@1.0.2 OK for: go@3.0.1 want: ^1.0.2
246 silly placeDep ROOT go-plugin-quiz@4.0.0 OK for: go@3.0.1 want: ^4.0.0
247 silly placeDep ROOT go-plugin-templates@1.0.0 OK for: go@3.0.1 want: ^1.0.0
248 silly fetch manifest chalk@2.3.1
249 silly fetch manifest go-loader-gist@^0.1.0
250 silly fetch manifest go-loader-git@^3.0.3
251 silly fetch manifest go-loader-github@0.0.4
252 silly fetch manifest inquirer@5.1.0
253 silly fetch manifest interpret@1.1.0
254 silly fetch manifest liftoff@2.5.0
255 silly fetch manifest minimist@1.2.0
256 silly fetch manifest resolve-global@0.1.0
257 silly fetch manifest which@1.3.0
258 silly fetch manifest is-empty@1.2.0
259 silly fetch manifest uniq@1.0.1
260 silly fetch manifest fs-extra@5.0.0
261 silly fetch manifest inquirer-autocomplete-prompt@0.12.1
262 silly fetch manifest ejs@2.5.7
263 silly fetch manifest globby@8.0.1
264 http fetch GET 200 https://registry.npmjs.org/go-loader-git 85ms (cache hit)
265 http fetch GET 200 https://registry.npmjs.org/resolve-global 82ms (cache hit)
266 http fetch GET 200 https://registry.npmjs.org/minimist 83ms (cache hit)
267 http fetch GET 200 https://registry.npmjs.org/which 84ms (cache hit)
268 http fetch GET 200 https://registry.npmjs.org/chalk 89ms (cache hit)
269 http fetch GET 200 https://registry.npmjs.org/is-empty 84ms (cache hit)
270 http fetch GET 200 https://registry.npmjs.org/inquirer 89ms (cache hit)
271 http fetch GET 200 https://registry.npmjs.org/go-loader-gist 93ms (cache hit)
272 http fetch GET 200 https://registry.npmjs.org/uniq 87ms (cache hit)
273 http fetch GET 200 https://registry.npmjs.org/fs-extra 88ms (cache hit)
274 http fetch GET 200 https://registry.npmjs.org/liftoff 93ms (cache hit)
275 http fetch GET 200 https://registry.npmjs.org/interpret 94ms (cache hit)
276 http fetch GET 200 https://registry.npmjs.org/go-loader-github 100ms (cache hit)
277 http fetch GET 200 https://registry.npmjs.org/inquirer-autocomplete-prompt 94ms (cache hit)
278 http fetch GET 200 https://registry.npmjs.org/globby 91ms (cache hit)
279 http fetch GET 200 https://registry.npmjs.org/ejs 92ms (cache hit)
280 timing idealTree:node_modules/go Completed in 110ms
281 silly placeDep node_modules/go-cli chalk@2.3.1 OK for: go-cli@1.2.0 want: 2.3.1
282 silly placeDep ROOT go-loader-gist@0.1.0 OK for: go-cli@1.2.0 want: ^0.1.0
283 silly placeDep ROOT go-loader-git@3.0.3 OK for: go-cli@1.2.0 want: ^3.0.3
284 silly placeDep ROOT go-loader-github@0.0.4 OK for: go-cli@1.2.0 want: 0.0.4
285 silly placeDep ROOT inquirer@5.1.0 OK for: go-cli@1.2.0 want: 5.1.0
286 silly placeDep ROOT interpret@1.1.0 OK for: go-cli@1.2.0 want: 1.1.0
287 silly placeDep ROOT liftoff@2.5.0 OK for: go-cli@1.2.0 want: 2.5.0
288 silly placeDep node_modules/go-cli minimist@1.2.0 OK for: go-cli@1.2.0 want: 1.2.0
289 silly placeDep ROOT resolve-global@0.1.0 OK for: go-cli@1.2.0 want: 0.1.0
290 silly placeDep node_modules/go-cli which@1.3.0 OK for: go-cli@1.2.0 want: 1.3.0
291 silly fetch manifest ansi-styles@^3.2.0
292 silly fetch manifest escape-string-regexp@^1.0.5
293 silly fetch manifest supports-color@^5.2.0
294 silly fetch manifest mkdirp@^0.5.1
295 silly fetch manifest is-git-url@1.0.0
296 silly fetch manifest rimraf@2.6.2
297 silly fetch manifest go-loader-git@3.0.2
298 silly fetch manifest ansi-escapes@^3.0.0
299 silly fetch manifest chalk@^2.0.0
300 silly fetch manifest cli-cursor@^2.1.0
301 silly fetch manifest cli-width@^2.0.0
302 silly fetch manifest external-editor@^2.1.0
303 silly fetch manifest figures@^2.0.0
304 silly fetch manifest mute-stream@0.0.7
305 silly fetch manifest run-async@^2.2.0
306 silly fetch manifest rxjs@^5.5.2
307 silly fetch manifest string-width@^2.1.0
308 silly fetch manifest strip-ansi@^4.0.0
309 silly fetch manifest through@^2.3.6
310 silly fetch manifest findup-sync@^2.0.0
311 silly fetch manifest fined@^1.0.1
312 silly fetch manifest flagged-respawn@^1.0.0
313 silly fetch manifest is-plain-object@^2.0.4
314 silly fetch manifest object.map@^1.0.0
315 silly fetch manifest rechoir@^0.6.2
316 silly fetch manifest resolve@^1.1.7
317 silly fetch manifest global-dirs@^0.1.0
318 http fetch GET 200 https://registry.npmjs.org/ansi-styles 261ms (cache hit)
319 http fetch GET 200 https://registry.npmjs.org/is-git-url 259ms (cache hit)
320 http fetch GET 200 https://registry.npmjs.org/mkdirp 261ms (cache hit)
321 http fetch GET 200 https://registry.npmjs.org/ansi-escapes 216ms (cache hit)
322 http fetch GET 200 https://registry.npmjs.org/supports-color 263ms (cache hit)
323 http fetch GET 200 https://registry.npmjs.org/cli-cursor 217ms (cache hit)
324 http fetch GET 200 https://registry.npmjs.org/external-editor 217ms (cache hit)
325 http fetch GET 200 https://registry.npmjs.org/cli-width 218ms (cache hit)
326 http fetch GET 200 https://registry.npmjs.org/rimraf 220ms (cache hit)
327 http fetch GET 200 https://registry.npmjs.org/figures 219ms (cache hit)
328 http fetch GET 200 https://registry.npmjs.org/run-async 220ms (cache hit)
329 http fetch GET 200 https://registry.npmjs.org/rxjs 220ms (cache hit)
330 http fetch GET 200 https://registry.npmjs.org/string-width 225ms (cache hit)
331 http fetch GET 200 https://registry.npmjs.org/mute-stream 226ms (cache hit)
332 http fetch GET 200 https://registry.npmjs.org/findup-sync 225ms (cache hit)
333 http fetch GET 200 https://registry.npmjs.org/strip-ansi 227ms (cache hit)
334 http fetch GET 200 https://registry.npmjs.org/through 228ms (cache hit)
335 http fetch GET 200 https://registry.npmjs.org/fined 228ms (cache hit)
336 http fetch GET 200 https://registry.npmjs.org/flagged-respawn 228ms (cache hit)
337 http fetch GET 200 https://registry.npmjs.org/is-plain-object 228ms (cache hit)
338 http fetch GET 200 https://registry.npmjs.org/rechoir 227ms (cache hit)
339 http fetch GET 200 https://registry.npmjs.org/object.map 230ms (cache hit)
340 http fetch GET 200 https://registry.npmjs.org/resolve 231ms (cache hit)
341 http fetch GET 200 https://registry.npmjs.org/global-dirs 231ms (cache hit)
342 http fetch GET 200 https://registry.npmjs.org/escape-string-regexp 291ms (cache hit)
343 timing idealTree:node_modules/go-cli Completed in 302ms
344 silly placeDep node_modules/go-loader-gist minimist@1.2.0 OK for: go-loader-gist@0.1.0 want: 1.2.0
345 silly placeDep ROOT mkdirp@0.5.5 OK for: go-loader-gist@0.1.0 want: ^0.5.1
346 timing idealTree:node_modules/go-loader-gist Completed in 2ms
347 silly placeDep ROOT is-git-url@1.0.0 OK for: go-loader-git@3.0.3 want: 1.0.0
348 silly placeDep node_modules/go-loader-git minimist@1.2.0 OK for: go-loader-git@3.0.3 want: 1.2.0
349 silly placeDep node_modules/go-loader-git rimraf@2.6.2 OK for: go-loader-git@3.0.3 want: 2.6.2
350 timing idealTree:node_modules/go-loader-git Completed in 2ms
351 silly placeDep node_modules/go-loader-github go-loader-git@3.0.2 OK for: go-loader-github@0.0.4 want: 3.0.2
352 silly placeDep node_modules/go-loader-github minimist@1.2.0 OK for: go-loader-github@0.0.4 want: 1.2.0
353 timing idealTree:node_modules/go-loader-github Completed in 1ms
354 silly placeDep ROOT is-empty@1.2.0 OK for: go-plugin-cli@2.0.0 want: 1.2.0
355 silly placeDep node_modules/go-plugin-cli minimist@1.2.0 OK for: go-plugin-cli@2.0.0 want: 1.2.0
356 silly placeDep ROOT uniq@1.0.1 OK for: go-plugin-cli@2.0.0 want: 1.0.1
357 timing idealTree:node_modules/go-plugin-cli Completed in 2ms
358 silly placeDep ROOT fs-extra@5.0.0 OK for: go-plugin-fs@1.0.2 want: 5.0.0
359 silly fetch manifest graceful-fs@^4.1.2
360 silly fetch manifest jsonfile@^4.0.0
361 http fetch GET 200 https://registry.npmjs.org/graceful-fs 49ms (cache hit)
362 http fetch GET 200 https://registry.npmjs.org/jsonfile 49ms (cache hit)
363 timing idealTree:node_modules/go-plugin-fs Completed in 52ms
364 silly placeDep ROOT graceful-fs@4.2.9 OK for: fs-extra@5.0.0 want: ^4.1.2
365 silly placeDep ROOT jsonfile@4.0.0 OK for: fs-extra@5.0.0 want: ^4.0.0
366 timing idealTree:node_modules/fs-extra Completed in 2ms
367 silly placeDep ROOT inquirer-autocomplete-prompt@0.12.1 OK for: go-plugin-quiz@4.0.0 want: 0.12.1
368 silly fetch manifest inquirer@3.2.0
369 silly fetch manifest run-async@^2.3.0
370 timing idealTree:node_modules/go-plugin-quiz Completed in 2ms
371 silly placeDep node_modules/go-plugin-templates ejs@2.5.7 OK for: go-plugin-templates@1.0.0 want: 2.5.7
372 silly placeDep ROOT globby@8.0.1 OK for: go-plugin-templates@1.0.0 want: 8.0.1
373 silly fetch manifest array-union@^1.0.1
374 silly fetch manifest dir-glob@^2.0.0
375 silly fetch manifest fast-glob@^2.0.2
376 silly fetch manifest ignore@^3.3.5
377 silly fetch manifest pify@^3.0.0
378 silly fetch manifest slash@^1.0.0
379 http fetch GET 200 https://registry.npmjs.org/dir-glob 16ms (cache hit)
380 http fetch GET 200 https://registry.npmjs.org/slash 15ms (cache hit)
381 http fetch GET 200 https://registry.npmjs.org/array-union 19ms (cache hit)
382 http fetch GET 200 https://registry.npmjs.org/ignore 19ms (cache hit)
383 http fetch GET 200 https://registry.npmjs.org/pify 20ms (cache hit)
384 http fetch GET 200 https://registry.npmjs.org/fast-glob 22ms (cache hit)
385 timing idealTree:node_modules/go-plugin-templates Completed in 27ms
386 silly placeDep ROOT array-union@1.0.2 OK for: globby@8.0.1 want: ^1.0.1
387 silly placeDep ROOT dir-glob@2.2.2 OK for: globby@8.0.1 want: ^2.0.0
388 silly placeDep ROOT fast-glob@2.2.7 OK for: globby@8.0.1 want: ^2.0.2
389 silly placeDep node_modules/globby ignore@3.3.10 OK for: globby@8.0.1 want: ^3.3.5
390 silly placeDep ROOT pify@3.0.0 OK for: globby@8.0.1 want: ^3.0.0
391 silly placeDep ROOT slash@1.0.0 OK for: globby@8.0.1 want: ^1.0.0
392 silly fetch manifest array-uniq@^1.0.1
393 silly fetch manifest path-type@^3.0.0
394 silly fetch manifest @mrmlnc/readdir-enhanced@^2.2.1
395 silly fetch manifest @nodelib/fs.stat@^1.1.2
396 silly fetch manifest glob-parent@^3.1.0
397 silly fetch manifest merge2@^1.2.3
398 silly fetch manifest micromatch@^3.1.10
399 http fetch GET 200 https://registry.npmjs.org/glob-parent 161ms (cache hit)
400 http fetch GET 200 https://registry.npmjs.org/array-uniq 167ms (cache hit)
401 http fetch GET 200 https://registry.npmjs.org/@nodelib%2ffs.stat 165ms (cache hit)
402 http fetch GET 200 https://registry.npmjs.org/@mrmlnc%2freaddir-enhanced 165ms (cache hit)
403 http fetch GET 200 https://registry.npmjs.org/micromatch 164ms (cache hit)
404 http fetch GET 200 https://registry.npmjs.org/merge2 166ms (cache hit)
405 http fetch GET 200 https://registry.npmjs.org/path-type 170ms (cache hit)
406 timing idealTree:node_modules/globby Completed in 176ms
407 silly placeDep ROOT array-uniq@1.0.3 OK for: array-union@1.0.2 want: ^1.0.1
408 timing idealTree:node_modules/array-union Completed in 1ms
409 timing idealTree:node_modules/array-uniq Completed in 0ms
410 silly placeDep ROOT path-type@3.0.0 OK for: dir-glob@2.2.2 want: ^3.0.0
411 timing idealTree:node_modules/dir-glob Completed in 1ms
412 silly placeDep ROOT @mrmlnc/readdir-enhanced@2.2.1 OK for: fast-glob@2.2.7 want: ^2.2.1
413 silly placeDep ROOT @nodelib/fs.stat@1.1.3 OK for: fast-glob@2.2.7 want: ^1.1.2
414 silly placeDep node_modules/fast-glob glob-parent@3.1.0 OK for: fast-glob@2.2.7 want: ^3.1.0
415 silly placeDep ROOT merge2@1.4.1 OK for: fast-glob@2.2.7 want: ^1.2.3
416 silly placeDep ROOT micromatch@3.1.10 OK for: fast-glob@2.2.7 want: ^3.1.10
417 silly fetch manifest call-me-maybe@^1.0.1
418 silly fetch manifest glob-to-regexp@^0.3.0
419 silly fetch manifest is-glob@^3.1.0
420 silly fetch manifest path-dirname@^1.0.0
421 silly fetch manifest arr-diff@^4.0.0
422 silly fetch manifest array-unique@^0.3.2
423 silly fetch manifest braces@^2.3.1
424 silly fetch manifest define-property@^2.0.2
425 silly fetch manifest extend-shallow@^3.0.2
426 silly fetch manifest extglob@^2.0.4
427 silly fetch manifest fragment-cache@^0.2.1
428 silly fetch manifest kind-of@^6.0.2
429 silly fetch manifest nanomatch@^1.2.9
430 silly fetch manifest object.pick@^1.3.0
431 silly fetch manifest regex-not@^1.0.0
432 silly fetch manifest snapdragon@^0.8.1
433 silly fetch manifest to-regex@^3.0.2
434 http fetch GET 200 https://registry.npmjs.org/call-me-maybe 34ms (cache hit)
435 http fetch GET 200 https://registry.npmjs.org/is-glob 34ms (cache hit)
436 http fetch GET 200 https://registry.npmjs.org/array-unique 34ms (cache hit)
437 http fetch GET 200 https://registry.npmjs.org/path-dirname 36ms (cache hit)
438 http fetch GET 200 https://registry.npmjs.org/arr-diff 37ms (cache hit)
439 http fetch GET 200 https://registry.npmjs.org/extend-shallow 36ms (cache hit)
440 http fetch GET 200 https://registry.npmjs.org/braces 95ms (cache hit)
441 http fetch GET 200 https://registry.npmjs.org/define-property 95ms (cache hit)
442 http fetch GET 200 https://registry.npmjs.org/fragment-cache 95ms (cache hit)
443 http fetch GET 200 https://registry.npmjs.org/object.pick 95ms (cache hit)
444 http fetch GET 200 https://registry.npmjs.org/kind-of 97ms (cache hit)
445 http fetch GET 200 https://registry.npmjs.org/snapdragon 96ms (cache hit)
446 http fetch GET 200 https://registry.npmjs.org/nanomatch 99ms (cache hit)
447 http fetch GET 200 https://registry.npmjs.org/to-regex 97ms (cache hit)
448 http fetch GET 200 https://registry.npmjs.org/extglob 101ms (cache hit)
449 http fetch GET 200 https://registry.npmjs.org/glob-to-regexp 105ms (cache hit)
450 http fetch GET 200 https://registry.npmjs.org/regex-not 100ms (cache hit)
451 timing idealTree:node_modules/fast-glob Completed in 196ms
452 silly placeDep ROOT call-me-maybe@1.0.1 OK for: @mrmlnc/readdir-enhanced@2.2.1 want: ^1.0.1
453 silly placeDep ROOT glob-to-regexp@0.3.0 OK for: @mrmlnc/readdir-enhanced@2.2.1 want: ^0.3.0
454 timing idealTree:node_modules/@mrmlnc/readdir-enhanced Completed in 2ms
455 timing idealTree:node_modules/@nodelib/fs.stat Completed in 0ms
456 timing idealTree:node_modules/call-me-maybe Completed in 0ms
457 timing idealTree:node_modules/glob-to-regexp Completed in 0ms
458 timing idealTree:node_modules/googlethis Completed in 0ms
459 timing idealTree:node_modules/graceful-fs Completed in 0ms
460 silly placeDep ROOT inherits@2.0.4 REPLACE for: http-errors@1.8.1 want: 2.0.4
461 silly placeDep ROOT toidentifier@1.0.1 OK for: http-errors@1.8.1 want: 1.0.1
462 timing idealTree:node_modules/http-errors Completed in 3ms
463 timing idealTree:node_modules/inherits Completed in 0ms
464 silly placeDep ROOT ansi-escapes@3.2.0 OK for: inquirer@5.1.0 want: ^3.0.0
465 silly placeDep node_modules/inquirer chalk@2.4.2 OK for: inquirer@5.1.0 want: ^2.0.0
466 silly placeDep ROOT cli-cursor@2.1.0 OK for: inquirer@5.1.0 want: ^2.1.0
467 silly placeDep ROOT cli-width@2.2.1 OK for: inquirer@5.1.0 want: ^2.0.0
468 silly placeDep ROOT external-editor@2.2.0 OK for: inquirer@5.1.0 want: ^2.1.0
469 silly placeDep ROOT figures@2.0.0 OK for: inquirer@5.1.0 want: ^2.0.0
470 silly placeDep ROOT mute-stream@0.0.7 OK for: inquirer@5.1.0 want: 0.0.7
471 silly placeDep ROOT run-async@2.4.1 OK for: inquirer@5.1.0 want: ^2.2.0
472 silly placeDep ROOT rxjs@5.5.12 OK for: inquirer@5.1.0 want: ^5.5.2
473 silly placeDep node_modules/inquirer string-width@2.1.1 OK for: inquirer@5.1.0 want: ^2.1.0
474 silly placeDep node_modules/inquirer strip-ansi@4.0.0 OK for: inquirer@5.1.0 want: ^4.0.0
475 silly placeDep ROOT through@2.3.8 OK for: inquirer@5.1.0 want: ^2.3.6
476 silly fetch manifest ansi-styles@^3.2.1
477 silly fetch manifest supports-color@^5.3.0
478 silly fetch manifest restore-cursor@^2.0.0
479 silly fetch manifest chardet@^0.4.0
480 silly fetch manifest tmp@^0.0.33
481 silly fetch manifest symbol-observable@1.0.1
482 silly fetch manifest is-fullwidth-code-point@^2.0.0
483 silly fetch manifest ansi-regex@^3.0.0
484 http fetch GET 200 https://registry.npmjs.org/symbol-observable 74ms (cache hit)
485 http fetch GET 200 https://registry.npmjs.org/restore-cursor 77ms (cache hit)
486 http fetch GET 200 https://registry.npmjs.org/tmp 76ms (cache hit)
487 http fetch GET 200 https://registry.npmjs.org/chardet 78ms (cache hit)
488 http fetch GET 200 https://registry.npmjs.org/ansi-regex 76ms (cache hit)
489 http fetch GET 200 https://registry.npmjs.org/is-fullwidth-code-point 79ms (cache hit)
490 timing idealTree:node_modules/inquirer Completed in 95ms
491 timing idealTree:node_modules/ansi-escapes Completed in 0ms
492 silly placeDep ROOT restore-cursor@2.0.0 OK for: cli-cursor@2.1.0 want: ^2.0.0
493 silly fetch manifest onetime@^2.0.0
494 http fetch GET 200 https://registry.npmjs.org/onetime 8ms (cache hit)
495 timing idealTree:node_modules/cli-cursor Completed in 13ms
496 timing idealTree:node_modules/cli-width Completed in 0ms
497 silly placeDep ROOT chardet@0.4.2 OK for: external-editor@2.2.0 want: ^0.4.0
498 silly placeDep ROOT tmp@0.0.33 OK for: external-editor@2.2.0 want: ^0.0.33
499 timing idealTree:node_modules/external-editor Completed in 3ms
500 timing idealTree:node_modules/chardet Completed in 0ms
501 silly placeDep node_modules/figures escape-string-regexp@1.0.5 OK for: figures@2.0.0 want: ^1.0.5
502 timing idealTree:node_modules/figures Completed in 1ms
503 silly placeDep node_modules/inquirer-autocomplete-prompt chalk@2.4.2 OK for: inquirer-autocomplete-prompt@0.12.1 want: ^2.0.0
504 silly placeDep node_modules/inquirer-autocomplete-prompt inquirer@3.2.0 OK for: inquirer-autocomplete-prompt@0.12.1 want: 3.2.0
505 silly fetch manifest ansi-escapes@^2.0.0
506 silly fetch manifest rx-lite@^4.0.8
507 silly fetch manifest rx-lite-aggregates@^4.0.8
508 http fetch GET 200 https://registry.npmjs.org/rx-lite-aggregates 74ms (cache hit)
509 http fetch GET 200 https://registry.npmjs.org/rx-lite 76ms (cache hit)
510 timing idealTree:node_modules/inquirer-autocomplete-prompt Completed in 81ms
511 timing idealTree:node_modules/interpret Completed in 0ms
512 timing idealTree:node_modules/is-empty Completed in 0ms
513 timing idealTree:node_modules/is-git-url Completed in 0ms
514 timing idealTree:node_modules/jsonfile Completed in 0ms
515 silly placeDep ROOT findup-sync@2.0.0 OK for: liftoff@2.5.0 want: ^2.0.0
516 silly placeDep ROOT fined@1.2.0 OK for: liftoff@2.5.0 want: ^1.0.1
517 silly placeDep ROOT flagged-respawn@1.0.1 OK for: liftoff@2.5.0 want: ^1.0.0
518 silly placeDep ROOT is-plain-object@2.0.4 OK for: liftoff@2.5.0 want: ^2.0.4
519 silly placeDep ROOT object.map@1.0.1 OK for: liftoff@2.5.0 want: ^1.0.0
520 silly placeDep ROOT rechoir@0.6.2 OK for: liftoff@2.5.0 want: ^0.6.2
521 silly placeDep ROOT resolve@1.22.0 OK for: liftoff@2.5.0 want: ^1.1.7
522 silly fetch manifest detect-file@^1.0.0
523 silly fetch manifest resolve-dir@^1.0.1
524 silly fetch manifest expand-tilde@^2.0.2
525 silly fetch manifest object.defaults@^1.1.0
526 silly fetch manifest object.pick@^1.2.0
527 silly fetch manifest parse-filepath@^1.0.1
528 silly fetch manifest isobject@^3.0.1
529 silly fetch manifest for-own@^1.0.0
530 silly fetch manifest make-iterator@^1.0.0
531 silly fetch manifest is-core-module@^2.8.1
532 silly fetch manifest path-parse@^1.0.7
533 silly fetch manifest supports-preserve-symlinks-flag@^1.0.0
534 http fetch GET 200 https://registry.npmjs.org/detect-file 93ms (cache hit)
535 http fetch GET 200 https://registry.npmjs.org/is-core-module 90ms (cache hit)
536 http fetch GET 200 https://registry.npmjs.org/path-parse 90ms (cache hit)
537 http fetch GET 200 https://registry.npmjs.org/expand-tilde 95ms (cache hit)
538 http fetch GET 200 https://registry.npmjs.org/make-iterator 93ms (cache hit)
539 http fetch GET 200 https://registry.npmjs.org/parse-filepath 96ms (cache hit)
540 http fetch GET 200 https://registry.npmjs.org/isobject 96ms (cache hit)
541 http fetch GET 200 https://registry.npmjs.org/resolve-dir 99ms (cache hit)
542 http fetch GET 200 https://registry.npmjs.org/object.defaults 100ms (cache hit)
543 http fetch GET 200 https://registry.npmjs.org/for-own 100ms (cache hit)
544 http fetch GET 200 https://registry.npmjs.org/supports-preserve-symlinks-flag 98ms (cache hit)
545 timing idealTree:node_modules/liftoff Completed in 109ms
546 silly placeDep ROOT detect-file@1.0.0 OK for: findup-sync@2.0.0 want: ^1.0.0
547 silly placeDep node_modules/findup-sync is-glob@3.1.0 OK for: findup-sync@2.0.0 want: ^3.1.0
548 silly placeDep ROOT resolve-dir@1.0.1 OK for: findup-sync@2.0.0 want: ^1.0.1
549 silly fetch manifest expand-tilde@^2.0.0
550 silly fetch manifest global-modules@^1.0.0
551 http fetch GET 200 https://registry.npmjs.org/global-modules 7ms (cache hit)
552 timing idealTree:node_modules/findup-sync Completed in 10ms
553 timing idealTree:node_modules/detect-file Completed in 0ms
554 silly placeDep ROOT expand-tilde@2.0.2 OK for: fined@1.2.0 want: ^2.0.2
555 silly placeDep ROOT object.defaults@1.1.0 OK for: fined@1.2.0 want: ^1.1.0
556 silly placeDep ROOT object.pick@1.3.0 OK for: fined@1.2.0 want: ^1.2.0
557 silly placeDep ROOT parse-filepath@1.0.2 OK for: fined@1.2.0 want: ^1.0.1
558 silly fetch manifest homedir-polyfill@^1.0.1
559 silly fetch manifest array-each@^1.0.1
560 silly fetch manifest array-slice@^1.0.0
561 silly fetch manifest isobject@^3.0.0
562 silly fetch manifest is-absolute@^1.0.0
563 silly fetch manifest map-cache@^0.2.0
564 silly fetch manifest path-root@^0.1.1
565 http fetch GET 200 https://registry.npmjs.org/path-root 63ms (cache hit)
566 http fetch GET 200 https://registry.npmjs.org/array-slice 69ms (cache hit)
567 http fetch GET 200 https://registry.npmjs.org/map-cache 67ms (cache hit)
568 http fetch GET 200 https://registry.npmjs.org/array-each 70ms (cache hit)
569 http fetch GET 200 https://registry.npmjs.org/is-absolute 70ms (cache hit)
570 http fetch GET 200 https://registry.npmjs.org/homedir-polyfill 73ms (cache hit)
571 timing idealTree:node_modules/fined Completed in 76ms
572 silly placeDep ROOT homedir-polyfill@1.0.3 OK for: expand-tilde@2.0.2 want: ^1.0.1
573 silly fetch manifest parse-passwd@^1.0.0
574 http fetch GET 200 https://registry.npmjs.org/parse-passwd 6ms (cache hit)
575 timing idealTree:node_modules/expand-tilde Completed in 10ms
576 timing idealTree:node_modules/flagged-respawn Completed in 0ms
577 silly placeDep ROOT parse-passwd@1.0.0 OK for: homedir-polyfill@1.0.3 want: ^1.0.0
578 timing idealTree:node_modules/homedir-polyfill Completed in 2ms
579 silly placeDep ROOT isobject@3.0.1 OK for: is-plain-object@2.0.4 want: ^3.0.1
580 timing idealTree:node_modules/is-plain-object Completed in 1ms
581 timing idealTree:node_modules/isobject Completed in 0ms
582 timing idealTree:node_modules/merge2 Completed in 0ms
583 silly placeDep ROOT arr-diff@4.0.0 OK for: micromatch@3.1.10 want: ^4.0.0
584 silly placeDep ROOT array-unique@0.3.2 OK for: micromatch@3.1.10 want: ^0.3.2
585 silly placeDep ROOT braces@2.3.2 OK for: micromatch@3.1.10 want: ^2.3.1
586 silly placeDep ROOT define-property@2.0.2 OK for: micromatch@3.1.10 want: ^2.0.2
587 silly placeDep ROOT extend-shallow@3.0.2 OK for: micromatch@3.1.10 want: ^3.0.2
588 silly placeDep ROOT extglob@2.0.4 OK for: micromatch@3.1.10 want: ^2.0.4
589 silly placeDep ROOT fragment-cache@0.2.1 OK for: micromatch@3.1.10 want: ^0.2.1
590 silly placeDep ROOT kind-of@6.0.3 OK for: micromatch@3.1.10 want: ^6.0.2
591 silly placeDep ROOT nanomatch@1.2.13 OK for: micromatch@3.1.10 want: ^1.2.9
592 silly placeDep ROOT regex-not@1.0.2 OK for: micromatch@3.1.10 want: ^1.0.0
593 silly placeDep ROOT snapdragon@0.8.2 OK for: micromatch@3.1.10 want: ^0.8.1
594 silly placeDep ROOT to-regex@3.0.2 OK for: micromatch@3.1.10 want: ^3.0.2
595 silly fetch manifest arr-flatten@^1.1.0
596 silly fetch manifest extend-shallow@^2.0.1
597 silly fetch manifest fill-range@^4.0.0
598 silly fetch manifest repeat-element@^1.1.2
599 silly fetch manifest snapdragon-node@^2.0.1
600 silly fetch manifest split-string@^3.0.2
601 silly fetch manifest is-descriptor@^1.0.2
602 silly fetch manifest assign-symbols@^1.0.0
603 silly fetch manifest is-extendable@^1.0.1
604 silly fetch manifest define-property@^1.0.0
605 silly fetch manifest expand-brackets@^2.1.4
606 silly fetch manifest map-cache@^0.2.2
607 silly fetch manifest is-windows@^1.0.2
608 silly fetch manifest safe-regex@^1.1.0
609 silly fetch manifest base@^0.11.1
610 silly fetch manifest debug@^2.2.0
611 silly fetch manifest define-property@^0.2.5
612 silly fetch manifest source-map@^0.5.6
613 silly fetch manifest source-map-resolve@^0.5.0
614 silly fetch manifest use@^3.1.0
615 http fetch GET 200 https://registry.npmjs.org/split-string 181ms (cache hit)
616 http fetch GET 200 https://registry.npmjs.org/is-windows 175ms (cache hit)
617 http fetch GET 200 https://registry.npmjs.org/arr-flatten 184ms (cache hit)
618 http fetch GET 200 https://registry.npmjs.org/assign-symbols 180ms (cache hit)
619 http fetch GET 200 https://registry.npmjs.org/snapdragon-node 184ms (cache hit)
620 http fetch GET 200 https://registry.npmjs.org/source-map 176ms (cache hit)
621 http fetch GET 200 https://registry.npmjs.org/safe-regex 178ms (cache hit)
622 http fetch GET 200 https://registry.npmjs.org/is-descriptor 186ms (cache hit)
623 http fetch GET 200 https://registry.npmjs.org/base 182ms (cache hit)
624 http fetch GET 200 https://registry.npmjs.org/fill-range 192ms (cache hit)
625 http fetch GET 200 https://registry.npmjs.org/repeat-element 192ms (cache hit)
626 http fetch GET 200 https://registry.npmjs.org/use 183ms (cache hit)
627 http fetch GET 200 https://registry.npmjs.org/expand-brackets 187ms (cache hit)
628 http fetch GET 200 https://registry.npmjs.org/source-map-resolve 184ms (cache hit)
629 http fetch GET 200 https://registry.npmjs.org/is-extendable 190ms (cache hit)
630 timing idealTree:node_modules/micromatch Completed in 207ms
631 timing idealTree:node_modules/arr-diff Completed in 0ms
632 timing idealTree:node_modules/array-unique Completed in 0ms
633 silly placeDep ROOT arr-flatten@1.1.0 OK for: braces@2.3.2 want: ^1.1.0
634 silly placeDep node_modules/braces extend-shallow@2.0.1 OK for: braces@2.3.2 want: ^2.0.1
635 silly placeDep ROOT fill-range@4.0.0 OK for: braces@2.3.2 want: ^4.0.0
636 silly placeDep ROOT repeat-element@1.1.4 OK for: braces@2.3.2 want: ^1.1.2
637 silly placeDep ROOT snapdragon-node@2.1.1 OK for: braces@2.3.2 want: ^2.0.1
638 silly placeDep ROOT split-string@3.1.0 OK for: braces@2.3.2 want: ^3.0.2
639 silly fetch manifest is-extendable@^0.1.0
640 silly fetch manifest is-number@^3.0.0
641 silly fetch manifest repeat-string@^1.6.1
642 silly fetch manifest to-regex-range@^2.1.0
643 silly fetch manifest snapdragon-util@^3.0.1
644 http fetch GET 200 https://registry.npmjs.org/is-number 11ms (cache hit)
645 http fetch GET 200 https://registry.npmjs.org/snapdragon-util 8ms (cache hit)
646 http fetch GET 200 https://registry.npmjs.org/repeat-string 12ms (cache hit)
647 http fetch GET 200 https://registry.npmjs.org/to-regex-range 63ms (cache hit)
648 timing idealTree:node_modules/braces Completed in 72ms
649 timing idealTree:node_modules/arr-flatten Completed in 0ms
650 silly placeDep ROOT is-descriptor@1.0.2 OK for: define-property@2.0.2 want: ^1.0.2
651 silly fetch manifest is-accessor-descriptor@^1.0.0
652 silly fetch manifest is-data-descriptor@^1.0.0
653 http fetch GET 200 https://registry.npmjs.org/is-data-descriptor 5ms (cache hit)
654 http fetch GET 200 https://registry.npmjs.org/is-accessor-descriptor 6ms (cache hit)
655 timing idealTree:node_modules/define-property Completed in 8ms
656 silly placeDep ROOT assign-symbols@1.0.0 OK for: extend-shallow@3.0.2 want: ^1.0.0
657 silly placeDep ROOT is-extendable@1.0.1 OK for: extend-shallow@3.0.2 want: ^1.0.1
658 timing idealTree:node_modules/extend-shallow Completed in 2ms
659 timing idealTree:node_modules/assign-symbols Completed in 0ms
660 silly placeDep node_modules/extglob define-property@1.0.0 OK for: extglob@2.0.4 want: ^1.0.0
661 silly placeDep ROOT expand-brackets@2.1.4 OK for: extglob@2.0.4 want: ^2.1.4
662 silly placeDep node_modules/extglob extend-shallow@2.0.1 OK for: extglob@2.0.4 want: ^2.0.1
663 silly fetch manifest debug@^2.3.3
664 silly fetch manifest posix-character-classes@^0.1.0
665 http fetch GET 200 https://registry.npmjs.org/posix-character-classes 6ms (cache hit)
666 timing idealTree:node_modules/extglob Completed in 10ms
667 silly placeDep node_modules/expand-brackets debug@2.6.9 OK for: expand-brackets@2.1.4 want: ^2.3.3
668 silly placeDep node_modules/expand-brackets define-property@0.2.5 OK for: expand-brackets@2.1.4 want: ^0.2.5
669 silly placeDep node_modules/expand-brackets extend-shallow@2.0.1 OK for: expand-brackets@2.1.4 want: ^2.0.1
670 silly placeDep ROOT posix-character-classes@0.1.1 OK for: expand-brackets@2.1.4 want: ^0.1.0
671 silly fetch manifest is-descriptor@^0.1.0
672 timing idealTree:node_modules/expand-brackets Completed in 4ms
673 silly placeDep node_modules/fill-range extend-shallow@2.0.1 OK for: fill-range@4.0.0 want: ^2.0.1
674 silly placeDep ROOT is-number@3.0.0 OK for: fill-range@4.0.0 want: ^3.0.0
675 silly placeDep ROOT repeat-string@1.6.1 OK for: fill-range@4.0.0 want: ^1.6.1
676 silly placeDep ROOT to-regex-range@2.1.1 OK for: fill-range@4.0.0 want: ^2.1.0
677 silly fetch manifest kind-of@^3.0.2
678 timing idealTree:node_modules/fill-range Completed in 6ms
679 silly placeDep ROOT map-cache@0.2.2 OK for: fragment-cache@0.2.1 want: ^0.2.2
680 timing idealTree:node_modules/fragment-cache Completed in 0ms
681 silly placeDep ROOT is-accessor-descriptor@1.0.0 OK for: is-descriptor@1.0.2 want: ^1.0.0
682 silly placeDep ROOT is-data-descriptor@1.0.0 OK for: is-descriptor@1.0.2 want: ^1.0.0
683 timing idealTree:node_modules/is-descriptor Completed in 1ms
684 timing idealTree:node_modules/is-accessor-descriptor Completed in 0ms
685 timing idealTree:node_modules/is-data-descriptor Completed in 0ms
686 timing idealTree:node_modules/is-extendable Completed in 0ms
687 silly placeDep node_modules/is-number kind-of@3.2.2 OK for: is-number@3.0.0 want: ^3.0.2
688 silly fetch manifest is-buffer@^1.1.5
689 http fetch GET 200 https://registry.npmjs.org/is-buffer 4ms (cache hit)
690 timing idealTree:node_modules/is-number Completed in 5ms
691 timing idealTree:node_modules/kind-of Completed in 0ms
692 timing idealTree:node_modules/map-cache Completed in 0ms
693 silly placeDep ROOT mime-db@1.51.0 OK for: mime-types@2.1.34 want: 1.51.0
694 timing idealTree:node_modules/mime-types Completed in 1ms
695 timing idealTree:node_modules/mime-db Completed in 0ms
696 timing idealTree:node_modules/mkdirp Completed in 0ms
697 timing idealTree:node_modules/moment Completed in 0ms
698 timing idealTree:node_modules/mongoos Completed in 1ms
699 timing idealTree:node_modules/ms Completed in 0ms
700 timing idealTree:node_modules/mute-stream Completed in 0ms
701 silly placeDep ROOT is-windows@1.0.2 OK for: nanomatch@1.2.13 want: ^1.0.2
702 timing idealTree:node_modules/nanomatch Completed in 1ms
703 timing idealTree:node_modules/is-windows Completed in 0ms
704 timing idealTree:node_modules/negotiator Completed in 0ms
705 timing idealTree:node_modules/node Completed in 0ms
706 silly placeDep node_modules/node-fetch whatwg-url@5.0.0 OK for: node-fetch@2.6.7 want: ^5.0.0
707 silly fetch manifest tr46@~0.0.3
708 silly fetch manifest webidl-conversions@^3.0.0
709 http fetch GET 200 https://registry.npmjs.org/webidl-conversions 58ms (cache hit)
710 http fetch GET 200 https://registry.npmjs.org/tr46 61ms (cache hit)
711 timing idealTree:node_modules/node-fetch Completed in 64ms
712 silly placeDep ROOT array-each@1.0.1 OK for: object.defaults@1.1.0 want: ^1.0.1
713 silly placeDep ROOT array-slice@1.1.0 OK for: object.defaults@1.1.0 want: ^1.0.0
714 silly placeDep ROOT for-own@1.0.0 OK for: object.defaults@1.1.0 want: ^1.0.0
715 silly fetch manifest for-in@^1.0.1
716 http fetch GET 200 https://registry.npmjs.org/for-in 4ms (cache hit)
717 timing idealTree:node_modules/object.defaults Completed in 7ms
718 timing idealTree:node_modules/array-each Completed in 0ms
719 timing idealTree:node_modules/array-slice Completed in 0ms
720 silly placeDep ROOT for-in@1.0.2 OK for: for-own@1.0.0 want: ^1.0.1
721 timing idealTree:node_modules/for-own Completed in 2ms
722 timing idealTree:node_modules/for-in Completed in 0ms
723 silly placeDep ROOT make-iterator@1.0.1 OK for: object.map@1.0.1 want: ^1.0.0
724 timing idealTree:node_modules/object.map Completed in 1ms
725 timing idealTree:node_modules/make-iterator Completed in 0ms
726 timing idealTree:node_modules/object.pick Completed in 0ms
727 silly placeDep ROOT is-absolute@1.0.0 OK for: parse-filepath@1.0.2 want: ^1.0.0
728 silly placeDep ROOT path-root@0.1.1 OK for: parse-filepath@1.0.2 want: ^0.1.1
729 silly fetch manifest is-relative@^1.0.0
730 silly fetch manifest path-root-regex@^0.1.0
731 http fetch GET 200 https://registry.npmjs.org/is-relative 5ms (cache hit)
732 http fetch GET 200 https://registry.npmjs.org/path-root-regex 5ms (cache hit)
733 timing idealTree:node_modules/parse-filepath Completed in 8ms
734 silly placeDep ROOT is-relative@1.0.0 OK for: is-absolute@1.0.0 want: ^1.0.0
735 silly fetch manifest is-unc-path@^1.0.0
736 http fetch GET 200 https://registry.npmjs.org/is-unc-path 6ms (cache hit)
737 timing idealTree:node_modules/is-absolute Completed in 9ms
738 silly placeDep ROOT is-unc-path@1.0.0 OK for: is-relative@1.0.0 want: ^1.0.0
739 silly fetch manifest unc-path-regex@^0.1.2
740 http fetch GET 200 https://registry.npmjs.org/unc-path-regex 3ms (cache hit)
741 timing idealTree:node_modules/is-relative Completed in 6ms
742 silly placeDep ROOT unc-path-regex@0.1.2 OK for: is-unc-path@1.0.0 want: ^0.1.2
743 timing idealTree:node_modules/is-unc-path Completed in 2ms
744 timing idealTree:node_modules/parse-passwd Completed in 0ms
745 timing idealTree:node_modules/password-generator Completed in 0ms
746 silly placeDep ROOT path-root-regex@0.1.2 OK for: path-root@0.1.1 want: ^0.1.0
747 timing idealTree:node_modules/path-root Completed in 1ms
748 timing idealTree:node_modules/path-root-regex Completed in 0ms
749 timing idealTree:node_modules/path-type Completed in 0ms
750 timing idealTree:node_modules/pify Completed in 0ms
751 timing idealTree:node_modules/posix-character-classes Completed in 0ms
752 timing idealTree:node_modules/pretty-ms Completed in 0ms
753 timing idealTree:node_modules/qs Completed in 0ms
754 timing idealTree:node_modules/quick.db Completed in 0ms
755 timing idealTree:node_modules/random-jokes-api Completed in 0ms
756 timing idealTree:node_modules/random-words Completed in 0ms
757 timing idealTree:node_modules/range-parser Completed in 0ms
758 timing idealTree:node_modules/raw-body Completed in 0ms
759 timing idealTree:node_modules/rechoir Completed in 0ms
760 silly placeDep ROOT sourcebin@4.3.5 OK for: reconlx@2.5.2 want: ^4.2.5
761 silly fetch manifest @sourcebin/linguist@latest
762 http fetch GET 200 https://registry.npmjs.org/@sourcebin%2flinguist 4ms (cache hit)
763 timing idealTree:node_modules/reconlx Completed in 5ms
764 silly placeDep ROOT safe-regex@1.1.0 OK for: regex-not@1.0.2 want: ^1.1.0
765 silly fetch manifest ret@~0.1.10
766 http fetch GET 200 https://registry.npmjs.org/ret 51ms (cache hit)
767 timing idealTree:node_modules/regex-not Completed in 54ms
768 timing idealTree:node_modules/repeat-element Completed in 0ms
769 timing idealTree:node_modules/repeat-string Completed in 0ms
770 timing idealTree:node_modules/request Completed in 0ms
771 silly placeDep ROOT is-core-module@2.8.1 OK for: resolve@1.22.0 want: ^2.8.1
772 silly placeDep ROOT path-parse@1.0.7 OK for: resolve@1.22.0 want: ^1.0.7
773 silly placeDep ROOT supports-preserve-symlinks-flag@1.0.0 OK for: resolve@1.22.0 want: ^1.0.0
774 silly fetch manifest has@^1.0.3
775 http fetch GET 200 https://registry.npmjs.org/has 7ms (cache hit)
776 timing idealTree:node_modules/resolve Completed in 14ms
777 silly placeDep ROOT has@1.0.3 OK for: is-core-module@2.8.1 want: ^1.0.3
778 silly fetch manifest function-bind@^1.1.1
779 http fetch GET 200 https://registry.npmjs.org/function-bind 82ms (cache hit)
780 timing idealTree:node_modules/is-core-module Completed in 86ms
781 silly placeDep ROOT function-bind@1.1.1 OK for: has@1.0.3 want: ^1.1.1
782 timing idealTree:node_modules/has Completed in 1ms
783 timing idealTree:node_modules/function-bind Completed in 1ms
784 timing idealTree:node_modules/path-parse Completed in 0ms
785 silly placeDep ROOT global-modules@1.0.0 OK for: resolve-dir@1.0.1 want: ^1.0.0
786 silly fetch manifest global-prefix@^1.0.1
787 http fetch GET 200 https://registry.npmjs.org/global-prefix 3ms (cache hit)
788 timing idealTree:node_modules/resolve-dir Completed in 6ms
789 silly placeDep ROOT global-prefix@1.0.2 OK for: global-modules@1.0.0 want: ^1.0.1
790 silly fetch manifest which@^1.2.14
791 timing idealTree:node_modules/global-modules Completed in 3ms
792 silly placeDep node_modules/global-prefix which@1.3.1 OK for: global-prefix@1.0.2 want: ^1.2.14
793 timing idealTree:node_modules/global-prefix Completed in 1ms
794 silly placeDep ROOT global-dirs@0.1.1 OK for: resolve-global@0.1.0 want: ^0.1.0
795 timing idealTree:node_modules/resolve-global Completed in 1ms
796 timing idealTree:node_modules/global-dirs Completed in 0ms
797 silly placeDep ROOT onetime@2.0.1 OK for: restore-cursor@2.0.0 want: ^2.0.0
798 silly fetch manifest mimic-fn@^1.0.0
799 http fetch GET 200 https://registry.npmjs.org/mimic-fn 3ms (cache hit)
800 timing idealTree:node_modules/restore-cursor Completed in 5ms
801 silly placeDep ROOT mimic-fn@1.2.0 OK for: onetime@2.0.1 want: ^1.0.0
802 timing idealTree:node_modules/onetime Completed in 1ms
803 timing idealTree:node_modules/mimic-fn Completed in 0ms
804 timing idealTree:node_modules/run-async Completed in 0ms
805 silly placeDep ROOT symbol-observable@1.0.1 OK for: rxjs@5.5.12 want: 1.0.1
806 timing idealTree:node_modules/rxjs Completed in 71ms
807 silly placeDep ROOT ret@0.1.15 OK for: safe-regex@1.1.0 want: ~0.1.10
808 timing idealTree:node_modules/safe-regex Completed in 1ms
809 timing idealTree:node_modules/ret Completed in 0ms
810 silly placeDep node_modules/send debug@2.6.9 OK for: send@0.17.2 want: 2.6.9
811 silly placeDep ROOT destroy@1.0.4 OK for: send@0.17.2 want: ~1.0.4
812 silly placeDep ROOT mime@1.6.0 OK for: send@0.17.2 want: 1.6.0
813 timing idealTree:node_modules/send Completed in 2ms
814 timing idealTree:node_modules/destroy Completed in 0ms
815 timing idealTree:node_modules/mime Completed in 1ms
816 silly placeDep ROOT playwright@1.19.2 OK for: serp@2.2.1 want: ^1.14.0
817 silly fetch manifest playwright-core@1.19.2
818 http fetch GET 200 https://registry.npmjs.org/playwright-core 15ms (cache hit)
819 timing idealTree:node_modules/serp Completed in 40ms
820 silly placeDep ROOT playwright-core@1.19.2 OK for: playwright@1.19.2 want: 1.19.2
821 silly fetch manifest commander@8.3.0
822 silly fetch manifest debug@4.3.3
823 silly fetch manifest extract-zip@2.0.1
824 silly fetch manifest jpeg-js@0.4.3
825 silly fetch manifest mime@3.0.0
826 silly fetch manifest pngjs@6.0.0
827 silly fetch manifest proper-lockfile@4.1.2
828 silly fetch manifest proxy-from-env@1.1.0
829 silly fetch manifest socks-proxy-agent@6.1.1
830 silly fetch manifest stack-utils@2.0.5
831 silly fetch manifest ws@8.4.2
832 silly fetch manifest yauzl@2.10.0
833 silly fetch manifest yazl@2.5.1
834 http fetch GET 200 https://registry.npmjs.org/commander 172ms (cache hit)
835 http fetch GET 200 https://registry.npmjs.org/jpeg-js 171ms (cache hit)
836 http fetch GET 200 https://registry.npmjs.org/socks-proxy-agent 166ms (cache hit)
837 http fetch GET 200 https://registry.npmjs.org/proxy-from-env 168ms (cache hit)
838 http fetch GET 200 https://registry.npmjs.org/extract-zip 173ms (cache hit)
839 http fetch GET 200 https://registry.npmjs.org/yauzl 166ms (cache hit)
840 http fetch GET 200 https://registry.npmjs.org/pngjs 171ms (cache hit)
841 http fetch GET 200 https://registry.npmjs.org/proper-lockfile 170ms (cache hit)
842 http fetch GET 200 https://registry.npmjs.org/ws 169ms (cache hit)
843 http fetch GET 200 https://registry.npmjs.org/yazl 169ms (cache hit)
844 http fetch GET 200 https://registry.npmjs.org/stack-utils 170ms (cache hit)
845 timing idealTree:node_modules/playwright Completed in 181ms
846 silly fetch manifest bufferutil@^4.0.1
847 http fetch GET 200 https://registry.npmjs.org/bufferutil 3ms (cache hit)
848 silly fetch manifest utf-8-validate@^5.0.2
849 http fetch GET 200 https://registry.npmjs.org/utf-8-validate 3ms (cache hit)
850 silly placeDep ROOT commander@8.3.0 OK for: playwright-core@1.19.2 want: 8.3.0
851 silly placeDep node_modules/playwright-core debug@4.3.3 OK for: playwright-core@1.19.2 want: 4.3.3
852 silly placeDep ROOT extract-zip@2.0.1 OK for: playwright-core@1.19.2 want: 2.0.1
853 silly placeDep ROOT jpeg-js@0.4.3 OK for: playwright-core@1.19.2 want: 0.4.3
854 silly placeDep node_modules/playwright-core mime@3.0.0 OK for: playwright-core@1.19.2 want: 3.0.0
855 silly placeDep ROOT pngjs@6.0.0 OK for: playwright-core@1.19.2 want: 6.0.0
856 silly placeDep ROOT proper-lockfile@4.1.2 OK for: playwright-core@1.19.2 want: 4.1.2
857 silly placeDep ROOT proxy-from-env@1.1.0 OK for: playwright-core@1.19.2 want: 1.1.0
858 silly placeDep ROOT socks-proxy-agent@6.1.1 OK for: playwright-core@1.19.2 want: 6.1.1
859 silly placeDep ROOT stack-utils@2.0.5 OK for: playwright-core@1.19.2 want: 2.0.5
860 silly placeDep node_modules/playwright-core ws@8.4.2 OK for: playwright-core@1.19.2 want: 8.4.2
861 silly placeDep ROOT yauzl@2.10.0 OK for: playwright-core@1.19.2 want: 2.10.0
862 silly placeDep ROOT yazl@2.5.1 OK for: playwright-core@1.19.2 want: 2.5.1
863 silly fetch manifest ms@2.1.2
864 silly fetch manifest @types/yauzl@^2.9.1
865 silly fetch manifest retry@^0.12.0
866 silly fetch manifest socks@^2.6.1
867 silly fetch manifest escape-string-regexp@^2.0.0
868 silly fetch manifest fd-slicer@~1.1.0
869 silly fetch manifest buffer-crc32@~0.2.3
870 http fetch GET 200 https://registry.npmjs.org/retry 16ms (cache hit)
871 http fetch GET 200 https://registry.npmjs.org/fd-slicer 17ms (cache hit)
872 http fetch GET 200 https://registry.npmjs.org/@types%2fyauzl 21ms (cache hit)
873 http fetch GET 200 https://registry.npmjs.org/socks 21ms (cache hit)
874 http fetch GET 200 https://registry.npmjs.org/buffer-crc32 21ms (cache hit)
875 timing idealTree:node_modules/playwright-core Completed in 104ms
876 timing idealTree:node_modules/commander Completed in 0ms
877 silly placeDep ROOT @types/yauzl@2.9.2 OK for: extract-zip@2.0.1 want: ^2.9.1
878 timing idealTree:node_modules/extract-zip Completed in 2ms
879 timing idealTree:node_modules/@types/yauzl Completed in 0ms
880 timing idealTree:node_modules/jpeg-js Completed in 0ms
881 timing idealTree:node_modules/pngjs Completed in 0ms
882 silly placeDep ROOT retry@0.12.0 OK for: proper-lockfile@4.1.2 want: ^0.12.0
883 timing idealTree:node_modules/proper-lockfile Completed in 2ms
884 timing idealTree:node_modules/proxy-from-env Completed in 0ms
885 timing idealTree:node_modules/retry Completed in 0ms
886 timing idealTree:node_modules/serve-static Completed in 0ms
887 timing idealTree:node_modules/setprototypeof Completed in 0ms
888 timing idealTree:node_modules/similarity Completed in 0ms
889 timing idealTree:node_modules/slash Completed in 0ms
890 silly placeDep ROOT base@0.11.2 OK for: snapdragon@0.8.2 want: ^0.11.1
891 silly placeDep node_modules/snapdragon debug@2.6.9 OK for: snapdragon@0.8.2 want: ^2.2.0
892 silly placeDep node_modules/snapdragon define-property@0.2.5 OK for: snapdragon@0.8.2 want: ^0.2.5
893 silly placeDep node_modules/snapdragon extend-shallow@2.0.1 OK for: snapdragon@0.8.2 want: ^2.0.1
894 silly placeDep node_modules/snapdragon source-map@0.5.7 OK for: snapdragon@0.8.2 want: ^0.5.6
895 silly placeDep ROOT source-map-resolve@0.5.3 OK for: snapdragon@0.8.2 want: ^0.5.0
896 silly placeDep ROOT use@3.1.1 OK for: snapdragon@0.8.2 want: ^3.1.0
897 silly fetch manifest cache-base@^1.0.1
898 silly fetch manifest class-utils@^0.3.5
899 silly fetch manifest mixin-deep@^1.2.0
900 silly fetch manifest pascalcase@^0.1.1
901 silly fetch manifest atob@^2.1.2
902 silly fetch manifest decode-uri-component@^0.2.0
903 silly fetch manifest resolve-url@^0.2.1
904 silly fetch manifest source-map-url@^0.4.0
905 silly fetch manifest urix@^0.1.0
906 http fetch GET 200 https://registry.npmjs.org/class-utils 58ms (cache hit)
907 http fetch GET 200 https://registry.npmjs.org/cache-base 59ms (cache hit)
908 http fetch GET 200 https://registry.npmjs.org/resolve-url 56ms (cache hit)
909 http fetch GET 200 https://registry.npmjs.org/pascalcase 60ms (cache hit)
910 http fetch GET 200 https://registry.npmjs.org/source-map-url 61ms (cache hit)
911 http fetch GET 200 https://registry.npmjs.org/mixin-deep 64ms (cache hit)
912 http fetch GET 200 https://registry.npmjs.org/decode-uri-component 63ms (cache hit)
913 http fetch GET 200 https://registry.npmjs.org/urix 63ms (cache hit)
914 http fetch GET 200 https://registry.npmjs.org/atob 66ms (cache hit)
915 timing idealTree:node_modules/snapdragon Completed in 77ms
916 silly placeDep ROOT cache-base@1.0.1 OK for: base@0.11.2 want: ^1.0.1
917 silly placeDep ROOT class-utils@0.3.6 OK for: base@0.11.2 want: ^0.3.5
918 silly placeDep node_modules/base define-property@1.0.0 OK for: base@0.11.2 want: ^1.0.0
919 silly placeDep ROOT mixin-deep@1.3.2 OK for: base@0.11.2 want: ^1.2.0
920 silly placeDep ROOT pascalcase@0.1.1 OK for: base@0.11.2 want: ^0.1.1
921 silly fetch manifest collection-visit@^1.0.0
922 silly fetch manifest get-value@^2.0.6
923 silly fetch manifest has-value@^1.0.0
924 silly fetch manifest set-value@^2.0.0
925 silly fetch manifest to-object-path@^0.3.0
926 silly fetch manifest union-value@^1.0.0
927 silly fetch manifest unset-value@^1.0.0
928 silly fetch manifest arr-union@^3.1.0
929 silly fetch manifest static-extend@^0.1.1
930 http fetch GET 200 https://registry.npmjs.org/has-value 27ms (cache hit)
931 http fetch GET 200 https://registry.npmjs.org/to-object-path 26ms (cache hit)
932 http fetch GET 200 https://registry.npmjs.org/arr-union 27ms (cache hit)
933 http fetch GET 200 https://registry.npmjs.org/set-value 83ms (cache hit)
934 http fetch GET 200 https://registry.npmjs.org/get-value 86ms (cache hit)
935 http fetch GET 200 https://registry.npmjs.org/union-value 85ms (cache hit)
936 http fetch GET 200 https://registry.npmjs.org/collection-visit 88ms (cache hit)
937 http fetch GET 200 https://registry.npmjs.org/static-extend 85ms (cache hit)
938 http fetch GET 200 https://registry.npmjs.org/unset-value 88ms (cache hit)
939 timing idealTree:node_modules/base Completed in 97ms
940 silly placeDep ROOT collection-visit@1.0.0 OK for: cache-base@1.0.1 want: ^1.0.0
941 silly placeDep ROOT get-value@2.0.6 OK for: cache-base@1.0.1 want: ^2.0.6
942 silly placeDep ROOT has-value@1.0.0 OK for: cache-base@1.0.1 want: ^1.0.0
943 silly placeDep ROOT set-value@2.0.1 OK for: cache-base@1.0.1 want: ^2.0.0
944 silly placeDep ROOT to-object-path@0.3.0 OK for: cache-base@1.0.1 want: ^0.3.0
945 silly placeDep ROOT union-value@1.0.1 OK for: cache-base@1.0.1 want: ^1.0.0
946 silly placeDep ROOT unset-value@1.0.0 OK for: cache-base@1.0.1 want: ^1.0.0
947 silly fetch manifest map-visit@^1.0.0
948 silly fetch manifest object-visit@^1.0.0
949 silly fetch manifest has-values@^1.0.0
950 silly fetch manifest is-extendable@^0.1.1
951 silly fetch manifest has-value@^0.3.1
952 http fetch GET 200 https://registry.npmjs.org/has-values 15ms (cache hit)
953 http fetch GET 200 https://registry.npmjs.org/map-visit 87ms (cache hit)
954 http fetch GET 200 https://registry.npmjs.org/object-visit 91ms (cache hit)
955 timing idealTree:node_modules/cache-base Completed in 101ms
956 silly placeDep ROOT arr-union@3.1.0 OK for: class-utils@0.3.6 want: ^3.1.0
957 silly placeDep node_modules/class-utils define-property@0.2.5 OK for: class-utils@0.3.6 want: ^0.2.5
958 silly placeDep ROOT static-extend@0.1.2 OK for: class-utils@0.3.6 want: ^0.1.1
959 silly fetch manifest object-copy@^0.1.0
960 http fetch GET 200 https://registry.npmjs.org/object-copy 88ms (cache hit)
961 timing idealTree:node_modules/class-utils Completed in 93ms
962 timing idealTree:node_modules/arr-union Completed in 0ms
963 silly placeDep ROOT map-visit@1.0.0 OK for: collection-visit@1.0.0 want: ^1.0.0
964 silly placeDep ROOT object-visit@1.0.1 OK for: collection-visit@1.0.0 want: ^1.0.0
965 timing idealTree:node_modules/collection-visit Completed in 1ms
966 timing idealTree:node_modules/get-value Completed in 0ms
967 silly placeDep ROOT has-values@1.0.0 OK for: has-value@1.0.0 want: ^1.0.0
968 silly fetch manifest kind-of@^4.0.0
969 timing idealTree:node_modules/has-value Completed in 2ms
970 silly placeDep node_modules/has-values kind-of@4.0.0 OK for: has-values@1.0.0 want: ^4.0.0
971 timing idealTree:node_modules/has-values Completed in 0ms
972 timing idealTree:node_modules/map-visit Completed in 0ms
973 timing idealTree:node_modules/mixin-deep Completed in 0ms
974 timing idealTree:node_modules/object-visit Completed in 0ms
975 timing idealTree:node_modules/pascalcase Completed in 0ms
976 silly placeDep node_modules/set-value extend-shallow@2.0.1 OK for: set-value@2.0.1 want: ^2.0.1
977 silly placeDep node_modules/set-value is-extendable@0.1.1 OK for: set-value@2.0.1 want: ^0.1.1
978 timing idealTree:node_modules/set-value Completed in 1ms
979 silly placeDep node_modules/snapdragon-node define-property@1.0.0 OK for: snapdragon-node@2.1.1 want: ^1.0.0
980 silly placeDep ROOT snapdragon-util@3.0.1 OK for: snapdragon-node@2.1.1 want: ^3.0.1
981 silly fetch manifest kind-of@^3.2.0
982 timing idealTree:node_modules/snapdragon-node Completed in 3ms
983 silly placeDep node_modules/snapdragon-util kind-of@3.2.2 OK for: snapdragon-util@3.0.1 want: ^3.2.0
984 timing idealTree:node_modules/snapdragon-util Completed in 0ms
985 silly placeDep ROOT socks@2.6.2 OK for: socks-proxy-agent@6.1.1 want: ^2.6.1
986 silly fetch manifest ip@^1.1.5
987 silly fetch manifest smart-buffer@^4.2.0
988 http fetch GET 200 https://registry.npmjs.org/ip 5ms (cache hit)
989 http fetch GET 200 https://registry.npmjs.org/smart-buffer 6ms (cache hit)
990 timing idealTree:node_modules/socks-proxy-agent Completed in 8ms
991 silly placeDep ROOT ip@1.1.5 OK for: socks@2.6.2 want: ^1.1.5
992 silly placeDep ROOT smart-buffer@4.2.0 OK for: socks@2.6.2 want: ^4.2.0
993 timing idealTree:node_modules/socks Completed in 3ms
994 timing idealTree:node_modules/ip Completed in 0ms
995 timing idealTree:node_modules/smart-buffer Completed in 0ms
996 silly placeDep ROOT atob@2.1.2 OK for: source-map-resolve@0.5.3 want: ^2.1.2
997 silly placeDep ROOT decode-uri-component@0.2.0 OK for: source-map-resolve@0.5.3 want: ^0.2.0
998 silly placeDep ROOT resolve-url@0.2.1 OK for: source-map-resolve@0.5.3 want: ^0.2.1
999 silly placeDep ROOT source-map-url@0.4.1 OK for: source-map-resolve@0.5.3 want: ^0.4.0
1000 silly placeDep ROOT urix@0.1.0 OK for: source-map-resolve@0.5.3 want: ^0.1.0
1001 timing idealTree:node_modules/source-map-resolve Completed in 3ms
1002 timing idealTree:node_modules/atob Completed in 0ms
1003 timing idealTree:node_modules/decode-uri-component Completed in 0ms
1004 timing idealTree:node_modules/resolve-url Completed in 0ms
1005 timing idealTree:node_modules/source-map-url Completed in 0ms
1006 silly placeDep ROOT @sourcebin/linguist@0.0.3 OK for: sourcebin@4.3.5 want: latest
1007 timing idealTree:node_modules/sourcebin Completed in 1ms
1008 timing idealTree:node_modules/@sourcebin/linguist Completed in 0ms
1009 timing idealTree:node_modules/split-string Completed in 0ms
1010 silly placeDep node_modules/stack-utils escape-string-regexp@2.0.0 OK for: stack-utils@2.0.5 want: ^2.0.0
1011 timing idealTree:node_modules/stack-utils Completed in 3ms
1012 silly placeDep node_modules/static-extend define-property@0.2.5 OK for: static-extend@0.1.2 want: ^0.2.5
1013 silly placeDep ROOT object-copy@0.1.0 OK for: static-extend@0.1.2 want: ^0.1.0
1014 silly fetch manifest copy-descriptor@^0.1.0
1015 silly fetch manifest kind-of@^3.0.3
1016 http fetch GET 200 https://registry.npmjs.org/copy-descriptor 4ms (cache hit)
1017 timing idealTree:node_modules/static-extend Completed in 7ms
1018 silly placeDep ROOT copy-descriptor@0.1.1 OK for: object-copy@0.1.0 want: ^0.1.0
1019 silly placeDep node_modules/object-copy define-property@0.2.5 OK for: object-copy@0.1.0 want: ^0.2.5
1020 silly placeDep node_modules/object-copy kind-of@3.2.2 OK for: object-copy@0.1.0 want: ^3.0.3
1021 timing idealTree:node_modules/object-copy Completed in 2ms
1022 timing idealTree:node_modules/copy-descriptor Completed in 0ms
1023 timing idealTree:node_modules/supports-preserve-symlinks-flag Completed in 0ms
1024 timing idealTree:node_modules/symbol-observable Completed in 0ms
1025 timing idealTree:node_modules/through Completed in 0ms
1026 timing idealTree:node_modules/tmp Completed in 0ms
1027 silly placeDep node_modules/to-object-path kind-of@3.2.2 OK for: to-object-path@0.3.0 want: ^3.0.2
1028 timing idealTree:node_modules/to-object-path Completed in 1ms
1029 timing idealTree:node_modules/to-regex Completed in 0ms
1030 timing idealTree:node_modules/to-regex-range Completed in 0ms
1031 timing idealTree:node_modules/toidentifier Completed in 0ms
1032 timing idealTree:node_modules/txtgen Completed in 0ms
1033 silly placeDep ROOT media-typer@0.3.0 OK for: type-is@1.6.18 want: 0.3.0
1034 timing idealTree:node_modules/type-is Completed in 1ms
1035 timing idealTree:node_modules/media-typer Completed in 0ms
1036 timing idealTree:node_modules/ultrax Completed in 0ms
1037 timing idealTree:node_modules/unc-path-regex Completed in 0ms
1038 silly placeDep node_modules/union-value is-extendable@0.1.1 OK for: union-value@1.0.1 want: ^0.1.1
1039 timing idealTree:node_modules/union-value Completed in 1ms
1040 timing idealTree:node_modules/uniq Completed in 0ms
1041 silly placeDep node_modules/unset-value has-value@0.3.1 OK for: unset-value@1.0.0 want: ^0.3.1
1042 silly fetch manifest has-values@^0.1.4
1043 silly fetch manifest isobject@^2.0.0
1044 timing idealTree:node_modules/unset-value Completed in 59ms
1045 timing idealTree:node_modules/urix Completed in 0ms
1046 timing idealTree:node_modules/use Completed in 0ms
1047 timing idealTree:node_modules/weky Completed in 0ms
1048 silly placeDep ROOT buffer-crc32@0.2.13 OK for: yauzl@2.10.0 want: ~0.2.3
1049 silly placeDep ROOT fd-slicer@1.1.0 OK for: yauzl@2.10.0 want: ~1.1.0
1050 silly fetch manifest pend@~1.2.0
1051 http fetch GET 200 https://registry.npmjs.org/pend 3ms (cache hit)
1052 timing idealTree:node_modules/yauzl Completed in 8ms
1053 timing idealTree:node_modules/buffer-crc32 Completed in 0ms
1054 silly placeDep ROOT pend@1.2.0 OK for: fd-slicer@1.1.0 want: ~1.2.0
1055 timing idealTree:node_modules/fd-slicer Completed in 1ms
1056 timing idealTree:node_modules/pend Completed in 0ms
1057 timing idealTree:node_modules/yazl Completed in 0ms
1058 timing idealTree:node_modules/youtube-sr Completed in 0ms
1059 timing idealTree:node_modules/base/node_modules/define-property Completed in 0ms
1060 silly placeDep node_modules/body-parser ms@2.0.0 OK for: debug@2.6.9 want: 2.0.0
1061 timing idealTree:node_modules/body-parser/node_modules/debug Completed in 1ms
1062 timing idealTree:node_modules/body-parser/node_modules/ms Completed in 0ms
1063 silly placeDep node_modules/braces is-extendable@0.1.1 OK for: extend-shallow@2.0.1 want: ^0.1.0
1064 timing idealTree:node_modules/braces/node_modules/extend-shallow Completed in 1ms
1065 timing idealTree:node_modules/braces/node_modules/is-extendable Completed in 0ms
1066 silly placeDep node_modules/class-utils is-descriptor@0.1.6 OK for: define-property@0.2.5 want: ^0.1.0
1067 silly fetch manifest is-accessor-descriptor@^0.1.6
1068 silly fetch manifest is-data-descriptor@^0.1.4
1069 silly fetch manifest kind-of@^5.0.0
1070 timing idealTree:node_modules/class-utils/node_modules/define-property Completed in 4ms
1071 silly placeDep node_modules/class-utils is-accessor-descriptor@0.1.6 OK for: is-descriptor@0.1.6 want: ^0.1.6
1072 silly placeDep node_modules/class-utils is-data-descriptor@0.1.4 OK for: is-descriptor@0.1.6 want: ^0.1.4
1073 silly placeDep node_modules/class-utils kind-of@5.1.0 OK for: is-descriptor@0.1.6 want: ^5.0.0
1074 timing idealTree:node_modules/class-utils/node_modules/is-descriptor Completed in 2ms
1075 silly placeDep node_modules/class-utils/node_modules/is-accessor-descriptor kind-of@3.2.2 OK for: is-accessor-descriptor@0.1.6 want: ^3.0.2
1076 timing idealTree:node_modules/class-utils/node_modules/is-accessor-descriptor Completed in 0ms
1077 silly placeDep node_modules/class-utils/node_modules/is-data-descriptor kind-of@3.2.2 OK for: is-data-descriptor@0.1.4 want: ^3.0.2
1078 timing idealTree:node_modules/class-utils/node_modules/is-data-descriptor Completed in 1ms
1079 timing idealTree:node_modules/class-utils/node_modules/kind-of Completed in 0ms
1080 timing idealTree:node_modules/content-disposition/node_modules/safe-buffer Completed in 0ms
1081 silly placeDep node_modules/expand-brackets ms@2.0.0 OK for: debug@2.6.9 want: 2.0.0
1082 timing idealTree:node_modules/expand-brackets/node_modules/debug Completed in 1ms
1083 silly placeDep node_modules/expand-brackets is-descriptor@0.1.6 OK for: define-property@0.2.5 want: ^0.1.0
1084 timing idealTree:node_modules/expand-brackets/node_modules/define-property Completed in 1ms
1085 silly placeDep node_modules/expand-brackets is-extendable@0.1.1 OK for: extend-shallow@2.0.1 want: ^0.1.0
1086 timing idealTree:node_modules/expand-brackets/node_modules/extend-shallow Completed in 0ms
1087 silly placeDep node_modules/expand-brackets is-accessor-descriptor@0.1.6 OK for: is-descriptor@0.1.6 want: ^0.1.6
1088 silly placeDep node_modules/expand-brackets is-data-descriptor@0.1.4 OK for: is-descriptor@0.1.6 want: ^0.1.4
1089 silly placeDep node_modules/expand-brackets kind-of@5.1.0 OK for: is-descriptor@0.1.6 want: ^5.0.0
1090 timing idealTree:node_modules/expand-brackets/node_modules/is-descriptor Completed in 2ms
1091 silly placeDep node_modules/expand-brackets/node_modules/is-accessor-descriptor kind-of@3.2.2 OK for: is-accessor-descriptor@0.1.6 want: ^3.0.2
1092 timing idealTree:node_modules/expand-brackets/node_modules/is-accessor-descriptor Completed in 0ms
1093 silly placeDep node_modules/expand-brackets/node_modules/is-data-descriptor kind-of@3.2.2 OK for: is-data-descriptor@0.1.4 want: ^3.0.2
1094 timing idealTree:node_modules/expand-brackets/node_modules/is-data-descriptor Completed in 0ms
1095 timing idealTree:node_modules/expand-brackets/node_modules/is-extendable Completed in 0ms
1096 timing idealTree:node_modules/expand-brackets/node_modules/kind-of Completed in 0ms
1097 timing idealTree:node_modules/expand-brackets/node_modules/ms Completed in 0ms
1098 timing idealTree:node_modules/express/node_modules/safe-buffer Completed in 0ms
1099 timing idealTree:node_modules/extglob/node_modules/define-property Completed in 1ms
1100 silly placeDep node_modules/extglob is-extendable@0.1.1 OK for: extend-shallow@2.0.1 want: ^0.1.0
1101 timing idealTree:node_modules/extglob/node_modules/extend-shallow Completed in 0ms
1102 timing idealTree:node_modules/extglob/node_modules/is-extendable Completed in 0ms
1103 silly placeDep node_modules/fast-glob/node_modules/glob-parent is-glob@3.1.0 OK for: glob-parent@3.1.0 want: ^3.1.0
1104 silly placeDep ROOT path-dirname@1.0.2 OK for: glob-parent@3.1.0 want: ^1.0.0
1105 timing idealTree:node_modules/fast-glob/node_modules/glob-parent Completed in 2ms
1106 timing idealTree:node_modules/path-dirname Completed in 0ms
1107 timing idealTree:node_modules/figures/node_modules/escape-string-regexp Completed in 0ms
1108 silly placeDep node_modules/fill-range is-extendable@0.1.1 OK for: extend-shallow@2.0.1 want: ^0.1.0
1109 timing idealTree:node_modules/fill-range/node_modules/extend-shallow Completed in 1ms
1110 timing idealTree:node_modules/fill-range/node_modules/is-extendable Completed in 0ms
1111 timing idealTree:node_modules/findup-sync/node_modules/is-glob Completed in 0ms
1112 timing idealTree:node_modules/global-prefix/node_modules/which Completed in 0ms
1113 timing idealTree:node_modules/globby/node_modules/ignore Completed in 0ms
1114 silly placeDep node_modules/go-cli ansi-styles@3.2.1 OK for: chalk@2.3.1 want: ^3.2.0
1115 silly placeDep node_modules/go-cli escape-string-regexp@1.0.5 OK for: chalk@2.3.1 want: ^1.0.5
1116 silly placeDep node_modules/go-cli supports-color@5.5.0 OK for: chalk@2.3.1 want: ^5.2.0
1117 silly fetch manifest color-convert@^1.9.0
1118 silly fetch manifest has-flag@^3.0.0
1119 http fetch GET 200 https://registry.npmjs.org/has-flag 6ms (cache hit)
1120 http fetch GET 200 https://registry.npmjs.org/color-convert 9ms (cache hit)
1121 timing idealTree:node_modules/go-cli/node_modules/chalk Completed in 12ms
1122 silly placeDep node_modules/go-cli color-convert@1.9.3 OK for: ansi-styles@3.2.1 want: ^1.9.0
1123 silly fetch manifest color-name@1.1.3
1124 http fetch GET 200 https://registry.npmjs.org/color-name 3ms (cache hit)
1125 timing idealTree:node_modules/go-cli/node_modules/ansi-styles Completed in 5ms
1126 silly placeDep node_modules/go-cli color-name@1.1.3 OK for: color-convert@1.9.3 want: 1.1.3
1127 timing idealTree:node_modules/go-cli/node_modules/color-convert Completed in 0ms
1128 timing idealTree:node_modules/go-cli/node_modules/color-name Completed in 0ms
1129 timing idealTree:node_modules/go-cli/node_modules/escape-string-regexp Completed in 0ms
1130 timing idealTree:node_modules/go-cli/node_modules/minimist Completed in 0ms
1131 silly placeDep node_modules/go-cli has-flag@3.0.0 OK for: supports-color@5.5.0 want: ^3.0.0
1132 timing idealTree:node_modules/go-cli/node_modules/supports-color Completed in 0ms
1133 timing idealTree:node_modules/go-cli/node_modules/has-flag Completed in 0ms
1134 timing idealTree:node_modules/go-cli/node_modules/which Completed in 0ms
1135 timing idealTree:node_modules/go-loader-gist/node_modules/minimist Completed in 0ms
1136 timing idealTree:node_modules/go-loader-git/node_modules/minimist Completed in 0ms
1137 timing idealTree:node_modules/go-loader-git/node_modules/rimraf Completed in 0ms
1138 silly placeDep node_modules/go-loader-github rimraf@2.6.2 OK for: go-loader-git@3.0.2 want: 2.6.2
1139 timing idealTree:node_modules/go-loader-github/node_modules/go-loader-git Completed in 1ms
1140 timing idealTree:node_modules/go-loader-github/node_modules/minimist Completed in 0ms
1141 timing idealTree:node_modules/go-loader-github/node_modules/rimraf Completed in 0ms
1142 timing idealTree:node_modules/go-plugin-cli/node_modules/minimist Completed in 0ms
1143 timing idealTree:node_modules/go-plugin-templates/node_modules/ejs Completed in 0ms
1144 silly placeDep ROOT is-buffer@1.1.6 OK for: kind-of@4.0.0 want: ^1.1.5
1145 timing idealTree:node_modules/has-values/node_modules/kind-of Completed in 2ms
1146 timing idealTree:node_modules/is-buffer Completed in 0ms
1147 silly placeDep node_modules/inquirer-autocomplete-prompt ansi-styles@3.2.1 OK for: chalk@2.4.2 want: ^3.2.1
1148 silly placeDep node_modules/inquirer-autocomplete-prompt escape-string-regexp@1.0.5 OK for: chalk@2.4.2 want: ^1.0.5
1149 silly placeDep node_modules/inquirer-autocomplete-prompt supports-color@5.5.0 OK for: chalk@2.4.2 want: ^5.3.0
1150 timing idealTree:node_modules/inquirer-autocomplete-prompt/node_modules/chalk Completed in 1ms
1151 silly placeDep node_modules/inquirer-autocomplete-prompt color-convert@1.9.3 OK for: ansi-styles@3.2.1 want: ^1.9.0
1152 timing idealTree:node_modules/inquirer-autocomplete-prompt/node_modules/ansi-styles Completed in 42ms
1153 silly placeDep node_modules/inquirer-autocomplete-prompt color-name@1.1.3 OK for: color-convert@1.9.3 want: 1.1.3
1154 timing idealTree:node_modules/inquirer-autocomplete-prompt/node_modules/color-convert Completed in 0ms
1155 timing idealTree:node_modules/inquirer-autocomplete-prompt/node_modules/color-name Completed in 0ms
1156 timing idealTree:node_modules/inquirer-autocomplete-prompt/node_modules/escape-string-regexp Completed in 0ms
1157 silly placeDep node_modules/inquirer-autocomplete-prompt/node_modules/inquirer ansi-escapes@2.0.0 OK for: inquirer@3.2.0 want: ^2.0.0
1158 silly placeDep ROOT rx-lite@4.0.8 OK for: inquirer@3.2.0 want: ^4.0.8
1159 silly placeDep ROOT rx-lite-aggregates@4.0.8 OK for: inquirer@3.2.0 want: ^4.0.8
1160 silly placeDep node_modules/inquirer-autocomplete-prompt string-width@2.1.1 OK for: inquirer@3.2.0 want: ^2.1.0
1161 silly placeDep node_modules/inquirer-autocomplete-prompt strip-ansi@4.0.0 OK for: inquirer@3.2.0 want: ^4.0.0
1162 timing idealTree:node_modules/inquirer-autocomplete-prompt/node_modules/inquirer Completed in 5ms
1163 timing idealTree:node_modules/rx-lite Completed in 0ms
1164 timing idealTree:node_modules/rx-lite-aggregates Completed in 0ms
1165 silly placeDep node_modules/inquirer-autocomplete-prompt is-fullwidth-code-point@2.0.0 OK for: string-width@2.1.1 want: ^2.0.0
1166 timing idealTree:node_modules/inquirer-autocomplete-prompt/node_modules/string-width Completed in 0ms
1167 timing idealTree:node_modules/inquirer-autocomplete-prompt/node_modules/is-fullwidth-code-point Completed in 0ms
1168 silly placeDep node_modules/inquirer-autocomplete-prompt ansi-regex@3.0.0 OK for: strip-ansi@4.0.0 want: ^3.0.0
1169 timing idealTree:node_modules/inquirer-autocomplete-prompt/node_modules/strip-ansi Completed in 0ms
1170 timing idealTree:node_modules/inquirer-autocomplete-prompt/node_modules/ansi-regex Completed in 0ms
1171 silly placeDep node_modules/inquirer-autocomplete-prompt has-flag@3.0.0 OK for: supports-color@5.5.0 want: ^3.0.0
1172 timing idealTree:node_modules/inquirer-autocomplete-prompt/node_modules/supports-color Completed in 1ms
1173 timing idealTree:node_modules/inquirer-autocomplete-prompt/node_modules/has-flag Completed in 0ms
1174 silly placeDep node_modules/inquirer ansi-styles@3.2.1 OK for: chalk@2.4.2 want: ^3.2.1
1175 silly placeDep node_modules/inquirer escape-string-regexp@1.0.5 OK for: chalk@2.4.2 want: ^1.0.5
1176 silly placeDep node_modules/inquirer supports-color@5.5.0 OK for: chalk@2.4.2 want: ^5.3.0
1177 timing idealTree:node_modules/inquirer/node_modules/chalk Completed in 2ms
1178 silly placeDep node_modules/inquirer color-convert@1.9.3 OK for: ansi-styles@3.2.1 want: ^1.9.0
1179 timing idealTree:node_modules/inquirer/node_modules/ansi-styles Completed in 1ms
1180 silly placeDep node_modules/inquirer color-name@1.1.3 OK for: color-convert@1.9.3 want: 1.1.3
1181 timing idealTree:node_modules/inquirer/node_modules/color-convert Completed in 0ms
1182 timing idealTree:node_modules/inquirer/node_modules/color-name Completed in 0ms
1183 timing idealTree:node_modules/inquirer/node_modules/escape-string-regexp Completed in 0ms
1184 silly placeDep node_modules/inquirer is-fullwidth-code-point@2.0.0 OK for: string-width@2.1.1 want: ^2.0.0
1185 timing idealTree:node_modules/inquirer/node_modules/string-width Completed in 0ms
1186 timing idealTree:node_modules/inquirer/node_modules/is-fullwidth-code-point Completed in 0ms
1187 silly placeDep node_modules/inquirer ansi-regex@3.0.0 OK for: strip-ansi@4.0.0 want: ^3.0.0
1188 timing idealTree:node_modules/inquirer/node_modules/strip-ansi Completed in 1ms
1189 timing idealTree:node_modules/inquirer/node_modules/ansi-regex Completed in 0ms
1190 silly placeDep node_modules/inquirer has-flag@3.0.0 OK for: supports-color@5.5.0 want: ^3.0.0
1191 timing idealTree:node_modules/inquirer/node_modules/supports-color Completed in 2ms
1192 timing idealTree:node_modules/inquirer/node_modules/has-flag Completed in 0ms
1193 timing idealTree:node_modules/is-number/node_modules/kind-of Completed in 0ms
1194 silly placeDep node_modules/node-fetch tr46@0.0.3 OK for: whatwg-url@5.0.0 want: ~0.0.3
1195 silly placeDep node_modules/node-fetch webidl-conversions@3.0.1 OK for: whatwg-url@5.0.0 want: ^3.0.0
1196 timing idealTree:node_modules/node-fetch/node_modules/whatwg-url Completed in 1ms
1197 timing idealTree:node_modules/node-fetch/node_modules/tr46 Completed in 0ms
1198 timing idealTree:node_modules/node-fetch/node_modules/webidl-conversions Completed in 0ms
1199 silly placeDep node_modules/object-copy is-descriptor@0.1.6 OK for: define-property@0.2.5 want: ^0.1.0
1200 timing idealTree:node_modules/object-copy/node_modules/define-property Completed in 1ms
1201 silly placeDep node_modules/object-copy is-accessor-descriptor@0.1.6 OK for: is-descriptor@0.1.6 want: ^0.1.6
1202 silly placeDep node_modules/object-copy is-data-descriptor@0.1.4 OK for: is-descriptor@0.1.6 want: ^0.1.4
1203 silly placeDep node_modules/object-copy/node_modules/is-descriptor kind-of@5.1.0 OK for: is-descriptor@0.1.6 want: ^5.0.0
1204 timing idealTree:node_modules/object-copy/node_modules/is-descriptor Completed in 2ms
1205 timing idealTree:node_modules/object-copy/node_modules/is-accessor-descriptor Completed in 0ms
1206 timing idealTree:node_modules/object-copy/node_modules/is-data-descriptor Completed in 0ms
1207 timing idealTree:node_modules/object-copy/node_modules/kind-of Completed in 0ms
1208 silly placeDep node_modules/playwright-core ms@2.1.2 OK for: debug@4.3.3 want: 2.1.2
1209 timing idealTree:node_modules/playwright-core/node_modules/debug Completed in 1ms
1210 timing idealTree:node_modules/playwright-core/node_modules/mime Completed in 0ms
1211 timing idealTree:node_modules/playwright-core/node_modules/ms Completed in 0ms
1212 timing idealTree:node_modules/playwright-core/node_modules/ws Completed in 0ms
1213 silly placeDep node_modules/send/node_modules/debug ms@2.0.0 OK for: debug@2.6.9 want: 2.0.0
1214 timing idealTree:node_modules/send/node_modules/debug Completed in 0ms
1215 timing idealTree:node_modules/set-value/node_modules/extend-shallow Completed in 0ms
1216 timing idealTree:node_modules/set-value/node_modules/is-extendable Completed in 0ms
1217 timing idealTree:node_modules/snapdragon-node/node_modules/define-property Completed in 0ms
1218 timing idealTree:node_modules/snapdragon-util/node_modules/kind-of Completed in 0ms
1219 silly placeDep node_modules/snapdragon ms@2.0.0 OK for: debug@2.6.9 want: 2.0.0
1220 timing idealTree:node_modules/snapdragon/node_modules/debug Completed in 0ms
1221 silly placeDep node_modules/snapdragon is-descriptor@0.1.6 OK for: define-property@0.2.5 want: ^0.1.0
1222 timing idealTree:node_modules/snapdragon/node_modules/define-property Completed in 1ms
1223 silly placeDep node_modules/snapdragon is-extendable@0.1.1 OK for: extend-shallow@2.0.1 want: ^0.1.0
1224 timing idealTree:node_modules/snapdragon/node_modules/extend-shallow Completed in 1ms
1225 silly placeDep node_modules/snapdragon is-accessor-descriptor@0.1.6 OK for: is-descriptor@0.1.6 want: ^0.1.6
1226 silly placeDep node_modules/snapdragon is-data-descriptor@0.1.4 OK for: is-descriptor@0.1.6 want: ^0.1.4
1227 silly placeDep node_modules/snapdragon kind-of@5.1.0 OK for: is-descriptor@0.1.6 want: ^5.0.0
1228 timing idealTree:node_modules/snapdragon/node_modules/is-descriptor Completed in 1ms
1229 silly placeDep node_modules/snapdragon/node_modules/is-accessor-descriptor kind-of@3.2.2 OK for: is-accessor-descriptor@0.1.6 want: ^3.0.2
1230 timing idealTree:node_modules/snapdragon/node_modules/is-accessor-descriptor Completed in 0ms
1231 silly placeDep node_modules/snapdragon/node_modules/is-data-descriptor kind-of@3.2.2 OK for: is-data-descriptor@0.1.4 want: ^3.0.2
1232 timing idealTree:node_modules/snapdragon/node_modules/is-data-descriptor Completed in 1ms
1233 timing idealTree:node_modules/snapdragon/node_modules/is-extendable Completed in 0ms
1234 timing idealTree:node_modules/snapdragon/node_modules/kind-of Completed in 0ms
1235 timing idealTree:node_modules/snapdragon/node_modules/ms Completed in 0ms
1236 timing idealTree:node_modules/snapdragon/node_modules/source-map Completed in 0ms
1237 timing idealTree:node_modules/stack-utils/node_modules/escape-string-regexp Completed in 0ms
1238 silly placeDep node_modules/static-extend is-descriptor@0.1.6 OK for: define-property@0.2.5 want: ^0.1.0
1239 timing idealTree:node_modules/static-extend/node_modules/define-property Completed in 1ms
1240 silly placeDep node_modules/static-extend is-accessor-descriptor@0.1.6 OK for: is-descriptor@0.1.6 want: ^0.1.6
1241 silly placeDep node_modules/static-extend is-data-descriptor@0.1.4 OK for: is-descriptor@0.1.6 want: ^0.1.4
1242 silly placeDep node_modules/static-extend kind-of@5.1.0 OK for: is-descriptor@0.1.6 want: ^5.0.0
1243 timing idealTree:node_modules/static-extend/node_modules/is-descriptor Completed in 2ms
1244 silly placeDep node_modules/static-extend/node_modules/is-accessor-descriptor kind-of@3.2.2 OK for: is-accessor-descriptor@0.1.6 want: ^3.0.2
1245 timing idealTree:node_modules/static-extend/node_modules/is-accessor-descriptor Completed in 0ms
1246 silly placeDep node_modules/static-extend/node_modules/is-data-descriptor kind-of@3.2.2 OK for: is-data-descriptor@0.1.4 want: ^3.0.2
1247 timing idealTree:node_modules/static-extend/node_modules/is-data-descriptor Completed in 1ms
1248 timing idealTree:node_modules/static-extend/node_modules/kind-of Completed in 0ms
1249 timing idealTree:node_modules/to-object-path/node_modules/kind-of Completed in 0ms
1250 timing idealTree:node_modules/union-value/node_modules/is-extendable Completed in 0ms
1251 silly placeDep node_modules/unset-value has-values@0.1.4 OK for: has-value@0.3.1 want: ^0.1.4
1252 silly placeDep node_modules/unset-value/node_modules/has-value isobject@2.1.0 OK for: has-value@0.3.1 want: ^2.0.0
1253 timing idealTree:node_modules/unset-value/node_modules/has-value Completed in 1ms
1254 timing idealTree:node_modules/unset-value/node_modules/has-values Completed in 0ms
1255 timing idealTree:node_modules/class-utils/node_modules/is-accessor-descriptor/node_modules/kind-of Completed in 0ms
1256 timing idealTree:node_modules/class-utils/node_modules/is-data-descriptor/node_modules/kind-of Completed in 0ms
1257 timing idealTree:node_modules/expand-brackets/node_modules/is-accessor-descriptor/node_modules/kind-of Completed in 0ms
1258 timing idealTree:node_modules/expand-brackets/node_modules/is-data-descriptor/node_modules/kind-of Completed in 0ms
1259 timing idealTree:node_modules/fast-glob/node_modules/glob-parent/node_modules/is-glob Completed in 0ms
1260 timing idealTree:node_modules/inquirer-autocomplete-prompt/node_modules/inquirer/node_modules/ansi-escapes Completed in 0ms
1261 timing idealTree:node_modules/object-copy/node_modules/is-descriptor/node_modules/kind-of Completed in 0ms
1262 timing idealTree:node_modules/send/node_modules/debug/node_modules/ms Completed in 0ms
1263 timing idealTree:node_modules/snapdragon/node_modules/is-accessor-descriptor/node_modules/kind-of Completed in 1ms
1264 timing idealTree:node_modules/snapdragon/node_modules/is-data-descriptor/node_modules/kind-of Completed in 0ms
1265 timing idealTree:node_modules/static-extend/node_modules/is-accessor-descriptor/node_modules/kind-of Completed in 0ms
1266 timing idealTree:node_modules/static-extend/node_modules/is-data-descriptor/node_modules/kind-of Completed in 0ms
1267 timing idealTree:node_modules/unset-value/node_modules/has-value/node_modules/isobject Completed in 0ms
1268 timing idealTree:buildDeps Completed in 4619ms
1269 timing idealTree:fixDepFlags Completed in 76ms
1270 timing idealTree Completed in 5355ms
1271 timing command:install Completed in 5368ms
1272 verbose stack HttpErrorGeneral: 404 Not Found - GET https://registry.npmjs.org/discord.xp - Not found
1272 verbose stack     at /usr/local/lib/node_modules/npm/node_modules/npm-registry-fetch/check-response.js:95:15
1272 verbose stack     at processTicksAndRejections (node:internal/process/task_queues:96:5)
1272 verbose stack     at async Arborist.[nodeFromEdge] (/usr/local/lib/node_modules/npm/node_modules/@npmcli/arborist/lib/arborist/build-ideal-tree.js:1066:19)
1272 verbose stack     at async Arborist.[buildDepStep] (/usr/local/lib/node_modules/npm/node_modules/@npmcli/arborist/lib/arborist/build-ideal-tree.js:935:11)
1272 verbose stack     at async Arborist.buildIdealTree (/usr/local/lib/node_modules/npm/node_modules/@npmcli/arborist/lib/arborist/build-ideal-tree.js:216:7)
1272 verbose stack     at async Promise.all (index 1)
1272 verbose stack     at async Arborist.reify (/usr/local/lib/node_modules/npm/node_modules/@npmcli/arborist/lib/arborist/reify.js:149:5)
1272 verbose stack     at async Install.exec (/usr/local/lib/node_modules/npm/lib/commands/install.js:157:5)
1272 verbose stack     at async module.exports (/usr/local/lib/node_modules/npm/lib/cli.js:66:5)
1273 verbose statusCode 404
1274 verbose pkgid discord.xp@*
1275 verbose cwd /home/container
1276 verbose Linux 5.4.0-100-generic
1277 verbose argv "/usr/local/bin/node" "/usr/local/bin/npm" "install" "discord.js" "discord.xp" "axios" "canvacord" "canvas" "didyoumean2" "dotenv" "express" "figlet" "fs" "get-some-cool-emojis" "googlethis" "go" "moment" "mongoos" "ms" "node" "node-fetch" "password-generator" "pretty-ms" "quick.db" "random-jokes-api" "random-words" "reconlx" "request" "serp" "similarity" "txtgen" "ultrax" "weky" "youtube-sr"
1278 verbose node v17.3.1
1279 verbose npm  v8.3.0
1280 error code E404
1281 error 404 Not Found - GET https://registry.npmjs.org/discord.xp - Not found
1282 error 404
1283 error 404  'discord.xp@*' is not in this registry.
1284 error 404 You should bug the author to publish it (or use the name yourself!)
1285 error 404
1285 error 404 Note that you can also install from a
1286 error 404 tarball, folder, http url, or git url.
1287 verbose exit 1
1288 timing npm Completed in 5693ms
1289 verbose unfinished npm timer reify 1646547218477
1290 verbose unfinished npm timer reify:loadTrees 1646547218487
1291 verbose code 1
1292 error A complete log of this run can be found in:
1292 error     /home/container/.npm/_logs/2022-03-06T06_13_38_155Z-debug-0.log
